tm     Tsp    T1     Q1    
   0.0  20.95  20.95   0.00   2.05
   5.0  20.95  20.95   0.00   2.05
   6.0  20.95  20.63   0.13   2.10
   7.0  20.95  20.95   0.13   2.12
   8.0  20.95  20.95   0.13   2.13
   9.0  20.95  20.95   0.14   2.12
  10.0  20.95  20.95   0.14   2.11
  11.0  20.95  20.95   0.14   2.10
  12.0  20.95  20.95   0.14   2.09
  13.0  20.95  20.95   0.14   2.08
  14.0  20.95  20.95   0.14   2.08
  15.0  20.95  20.63   0.28   2.13
  16.0  20.95  20.95   0.28   2.15
  17.0  20.95  20.95   0.28   2.15
  18.0  20.95  20.95   0.29   2.14
  19.0  20.95  20.95   0.29   2.13
  20.0  20.95  20.95   0.29   2.12
  21.0  20.95  20.95   0.17   2.09
  22.0  20.95  20.95   0.17   2.08
  23.0  20.95  20.95   0.17   2.08
  24.0  20.95  20.95   0.17   2.08
  25.0  20.95  20.95   0.17   2.07
  26.0  20.95  20.95   0.18   2.07
  27.0  20.95  20.95   0.18   2.07
  28.0  20.95  20.63   0.31   2.12
  29.0  20.95  20.95   0.31   2.14
  30.0  63.00  20.95  17.23  23.29
  31.0  63.00  20.95  34.50  50.01
  32.0  63.00  20.95  52.00  73.61
  33.0  63.00  20.95  69.71  90.34
  34.0  63.00  20.95  87.66 100.00
  35.0  63.00  20.95 100.00 100.00
  36.0  63.00  20.95 100.00 100.00
  37.0  63.00  20.95 100.00 100.00
  38.0  63.00  21.27 100.00 100.00
  39.0  63.00  21.27 100.00 100.00
  40.0  63.00  21.27 100.00 100.00
  41.0  63.00  21.59 100.00 100.00
  42.0  63.00  21.59 100.00 100.00
  43.0  63.00  21.92 100.00 100.00
  44.0  63.00  21.92 100.00 100.00
  45.0  63.00  22.24 100.00 100.00
  46.0  63.00  22.56 100.00 100.00
  47.0  63.00  22.56 100.00 100.00
  48.0  63.00  22.88 100.00 100.00
  49.0  63.00  23.21 100.00 100.00
  50.0  63.00  23.53 100.00 100.00
  51.0  63.00  23.53 100.00 100.00
  52.0  63.00  23.85 100.00 100.00
  53.0  63.00  24.17 100.00 100.00
  54.0  63.00  24.49 100.00 100.00
  55.0  63.00  24.82 100.00 100.00
  56.0  63.00  25.14 100.00 100.00
  57.0  63.00  25.14 100.00 100.00
  58.0  63.00  25.46 100.00 100.00
  59.0  63.00  25.78 100.00 100.00
  60.0  63.00  26.11 100.00 100.00
  61.0  63.00  26.43 100.00 100.00
  62.0  63.00  26.75 100.00 100.00
  63.0  63.00  27.07 100.00 100.00
  64.0  63.00  27.40 100.00 100.00
  65.0  63.00  27.72 100.00 100.00
  66.0  63.00  28.04 100.00 100.00
  67.0  63.00  28.36 100.00 100.00
  68.0  63.00  28.36 100.00 100.00
  69.0  63.00  29.01 100.00 100.00
  70.0  63.00  29.33 100.00 100.00
  71.0  63.00  29.33 100.00 100.00
  72.0  63.00  29.97 100.00 100.00
  73.0  63.00  30.30 100.00 100.00
  74.0  63.00  30.62 100.00 100.00
  75.0  63.00  30.94 100.00 100.00
  76.0  63.00  31.26 100.00 100.00
  77.0  63.00  31.26 100.00 100.00
  78.0  63.00  31.59 100.00 100.00
  79.0  63.00  31.91 100.00 100.00
  80.0  63.00  32.23 100.00 100.00
  81.0  63.00  32.55 100.00 100.00
  82.0  63.00  33.20 100.00 100.00
  83.0  63.00  33.20 100.00 100.00
  84.0  63.00  33.52 100.00 100.00
  85.0  63.00  33.84 100.00 100.00
  86.0  63.00  34.16 100.00 100.00
  87.0  63.00  34.49 100.00 100.00
  88.0  63.00  34.81 100.00 100.00
  89.0  63.00  35.13 100.00 100.00
  90.0  63.00  35.45 100.00 100.00
  91.0  63.00  35.78 100.00 100.00
  92.0  63.00  36.10 100.00 100.00
  93.0  63.00  36.42 100.00 100.00
  94.0  63.00  36.74 100.00 100.00
  95.0  63.00  37.06 100.00 100.00
  96.0  63.00  37.39 100.00 100.00
  97.0  63.00  37.71 100.00 100.00
  98.0  63.00  38.03 100.00 100.00
  99.0  63.00  38.03 100.00 100.00
 100.0  63.00  38.35 100.00 100.00
 101.0  63.00  38.68 100.00 100.00
 102.0  63.00  39.00 100.00 100.00
 103.0  63.00  39.32 100.00 100.00
 104.0  63.00  39.64 100.00 100.00
 105.0  63.00  39.97 100.00 100.00
 106.0  63.00  40.29 100.00 100.00
 107.0  63.00  40.61 100.00 100.00
 108.0  63.00  40.93 100.00 100.00
 109.0  63.00  40.93 100.00 100.00
 110.0  63.00  41.25 100.00 100.00
 111.0  63.00  41.58 100.00 100.00
 112.0  63.00  41.90 100.00 100.00
 113.0  63.00  42.22 100.00 100.00
 114.0  63.00  42.22 100.00 100.00
 115.0  63.00  42.54 100.00 100.00
 116.0  63.00  42.87 100.00 100.00
 117.0  63.00  43.19 100.00 100.00
 118.0  63.00  43.51 100.00 100.00
 119.0  63.00  43.83 100.00 100.00
 120.0  63.00  43.83 100.00 100.00
 121.0  63.00  44.16 100.00 100.00
 122.0  63.00  44.48 100.00 100.00
 123.0  63.00  44.80 100.00 100.00
 124.0  63.00  45.12 100.00 100.00
 125.0  63.00  45.12 100.00 100.00
 126.0  63.00  45.44 100.00 100.00
 127.0  63.00  45.77 100.00 100.00
 128.0  63.00  46.09 100.00 100.00
 129.0  63.00  46.41 100.00 100.00
 130.0  63.00  46.41 100.00 100.00
 131.0  63.00  46.73 100.00 100.00
 132.0  63.00  47.06 100.00 100.00
 133.0  63.00  47.38 100.00 100.00
 134.0  63.00  47.38 100.00 100.00
 135.0  63.00  47.70 100.00 100.00
 136.0  63.00  48.02 100.00 100.00
 137.0  63.00  48.02 100.00 100.00
 138.0  63.00  48.34 100.00 100.00
 139.0  63.00  48.67 100.00 100.00
 140.0  63.00  48.99  99.32 100.00
 141.0  63.00  48.99  99.15 100.00
 142.0  63.00  49.31  98.95 100.00
 143.0  63.00  49.63  98.74 100.00
 144.0  63.00  49.63  98.64 100.00
 145.0  63.00  49.96  98.39 100.00
 146.0  63.00  49.96  98.25 100.00
 147.0  63.00  50.28  98.10 100.00
 148.0  63.00  50.60  97.93 100.00
 149.0  63.00  50.92  97.61 100.00
 150.0  63.00  51.25  97.27 100.00
 151.0  63.00  51.25  97.04 100.00
 152.0  63.00  51.57  96.67 100.00
 153.0  63.00  51.57  96.40 100.00
 154.0  63.00  51.89  96.12 100.00
 155.0  63.00  52.21  95.83 100.00
 156.0  63.00  52.21  95.51 100.00
 157.0  63.00  52.53  95.18  99.91
 158.0  63.00  52.53  94.96  99.52
 159.0  63.00  52.86  94.60  99.09
 160.0  63.00  52.86  94.35  98.68
 161.0  63.00  53.18  93.95  98.24
 162.0  63.00  53.50  93.54  97.79
 163.0  63.00  53.50  93.24  97.36
 164.0  63.00  53.82  92.92  96.94
 165.0  63.00  54.15  92.59  96.50
 166.0  63.00  54.15  92.24  96.05
 167.0  63.00  54.47  91.88  95.60
 168.0  63.00  54.47  91.50  95.13
 169.0  63.00  54.47  91.24  94.71
 170.0  63.00  54.79  90.96  94.29
 171.0  63.00  55.11  90.54  93.82
 172.0  63.00  55.11  90.23  93.38
 173.0  63.00  55.11  89.91  92.94
 174.0  63.00  55.44  89.58  92.50
 175.0  63.00  55.44  89.23  92.06
 176.0  63.00  55.76  88.87  91.63
 177.0  63.00  55.76  88.63  91.23
 178.0  63.00  56.08  88.24  90.79
 179.0  63.00  56.08  87.97  90.38
 180.0  63.00  56.40  87.69  89.98
 181.0  63.00  56.40  87.40  89.57
 182.0  63.00  56.72  87.09  89.16
 183.0  63.00  56.72  86.77  88.74
 184.0  63.00  57.05  86.31  88.28
 185.0  63.00  57.05  85.97  87.86
 186.0  63.00  57.05  85.74  87.48
 187.0  63.00  57.37  85.38  87.06
 188.0  63.00  57.37  85.00  86.63
 189.0  63.00  57.69  84.61  86.21
 190.0  63.00  57.69  84.21  85.78
 191.0  63.00  58.01  83.79  85.36
 192.0  63.00  58.01  83.37  84.92
 193.0  63.00  58.01  83.06  84.53
 194.0  63.00  58.01  82.74  84.15
 195.0  63.00  58.34  82.41  83.78
 196.0  63.00  58.66  81.94  83.37
 197.0  63.00  58.34  81.72  83.02
 198.0  63.00  58.66  81.36  82.65
 199.0  63.00  58.66  81.12  82.32
 200.0  63.00  58.98  80.75  81.95
 201.0  63.00  58.98  80.36  81.57
 202.0  63.00  58.98  80.09  81.23
 203.0  63.00  58.98  79.81  80.91
 204.0  63.00  59.30  79.53  80.60
 205.0  63.00  59.30  79.23  80.27
 206.0  63.00  59.30  79.06  80.00
 207.0  63.00  59.63  78.75  79.68
 208.0  63.00  59.63  78.44  79.35
 209.0  63.00  59.63  78.11  79.02
 210.0  63.00  59.63  77.90  78.75
 211.0  63.00  59.95  77.69  78.49
 212.0  63.00  59.95  77.34  78.17
 213.0  63.00  59.95  77.12  77.89
 214.0  63.00  59.95  76.88  77.62
 215.0  63.00  59.95  76.77  77.41
 216.0  63.00  60.27  76.53  77.15
 217.0  63.00  60.27  76.28  76.89
 218.0  63.00  60.27  76.02  76.62
 219.0  63.00  60.27  75.88  76.41
 220.0  63.00  60.59  75.61  76.16
 221.0  63.00  60.59  75.33  75.89
 222.0  63.00  60.59  75.18  75.68
 223.0  63.00  60.59  75.02  75.46
 224.0  63.00  60.59  74.85  75.25
 225.0  63.00  60.59  74.68  75.05
 226.0  63.00  60.91  74.51  74.86
 227.0  63.00  60.91  74.33  74.65
 228.0  63.00  60.91  74.14  74.43
 229.0  63.00  60.91  73.95  74.22
 230.0  63.00  60.91  73.75  74.02
 231.0  63.00  60.91  73.68  73.87
 232.0  63.00  61.24  73.48  73.68
 233.0  63.00  61.24  73.27  73.48
 234.0  63.00  61.24  73.05  73.27
 235.0  63.00  61.24  72.96  73.12
 236.0  63.00  61.24  72.87  72.96
 237.0  63.00  61.24  72.78  72.81
 238.0  63.00  61.24  72.68  72.67
 239.0  63.00  61.24  72.57  72.53
 240.0  63.00  61.24  72.47  72.40
 241.0  63.00  61.56  72.36  72.28
 242.0  63.00  61.56  72.24  72.14
 243.0  63.00  61.56  72.13  71.99
 244.0  63.00  61.56  72.01  71.84
 245.0  63.00  61.56  71.88  71.70
 246.0  63.00  61.56  71.76  71.56
 247.0  63.00  61.56  71.76  71.48
 248.0  63.00  61.56  71.75  71.41
 249.0  63.00  61.88  71.62  71.28
 250.0  63.00  61.56  71.61  71.18
 251.0  63.00  61.88  71.47  71.05
 252.0  63.00  61.88  71.33  70.91
 253.0  63.00  61.88  71.19  70.76
 254.0  63.00  61.88  71.04  70.62
 255.0  63.00  61.88  70.88  70.48
 256.0  63.00  61.88  70.86  70.40
 257.0  63.00  61.88  70.83  70.32
 258.0  63.00  61.88  70.80  70.24
 259.0  63.00  61.88  70.77  70.16
 260.0  63.00  61.88  70.74  70.09
 261.0  63.00  61.88  70.70  70.02
 262.0  63.00  61.88  70.67  69.95
 263.0  63.00  61.88  70.63  69.89
 264.0  63.00  61.88  70.72  69.88
 265.0  63.00  61.88  70.68  69.82
 266.0  63.00  62.20  70.64  69.78
 267.0  63.00  61.88  70.73  69.75
 268.0  63.00  61.88  70.82  69.74
 269.0  63.00  62.20  70.77  69.69
 270.0  63.00  61.88  70.86  69.67
 271.0  63.00  62.20  70.81  69.61
 272.0  63.00  62.20  70.77  69.54
 273.0  63.00  62.20  70.72  69.46
 274.0  63.00  62.20  70.67  69.38
 275.0  63.00  62.20  70.62  69.30
 276.0  63.00  62.20  70.57  69.22
 277.0  63.00  62.20  70.51  69.14
 278.0  63.00  62.20  70.45  69.06
 279.0  63.00  62.20  70.40  68.99
 280.0  63.00  62.20  70.34  68.92
 281.0  63.00  62.20  70.40  68.90
 282.0  63.00  62.20  70.34  68.83
 283.0  63.00  62.20  70.28  68.77
 284.0  63.00  62.20  70.34  68.76
 285.0  63.00  62.20  70.28  68.70
 286.0  63.00  62.20  70.34  68.70
 287.0  63.00  62.20  70.41  68.70
 288.0  63.00  62.20  70.47  68.70
 289.0  63.00  62.20  70.53  68.70
 290.0  63.00  62.20  70.60  68.70
 291.0  63.00  62.20  70.66  68.70
 292.0  63.00  62.20  70.72  68.70
 293.0  63.00  62.20  70.79  68.70
 294.0  63.00  62.53  70.72  68.66
 295.0  63.00  62.20  70.78  68.63
 296.0  63.00  62.20  70.85  68.62
 297.0  63.00  62.20  70.91  68.62
 298.0  63.00  62.20  70.97  68.62
 299.0  63.00  62.53  70.90  68.57
 300.0  63.00  62.20  70.96  68.55
 301.0  63.00  62.20  71.02  68.54
 302.0  63.00  62.53  70.95  68.49
 303.0  63.00  62.20  71.01  68.47
 304.0  63.00  62.53  70.94  68.41
 305.0  63.00  62.53  70.86  68.34
 306.0  63.00  62.53  70.79  68.27
 307.0  63.00  62.53  70.71  68.19
 308.0  63.00  62.53  70.63  68.11
 309.0  63.00  62.53  70.68  68.09
 310.0  63.00  62.53  70.60  68.01
 311.0  63.00  62.53  70.52  67.93
 312.0  63.00  62.53  70.43  67.86
 313.0  63.00  62.53  70.35  67.79
 314.0  63.00  62.53  70.39  67.77
 315.0  63.00  62.53  70.30  67.70
 316.0  63.00  62.53  70.21  67.63
 317.0  63.00  62.53  70.25  67.63
 318.0  63.00  62.53  70.16  67.57
 320.0  63.00  62.53  70.20  67.57
 321.0  63.00  62.53  70.24  67.57
 322.0  63.00  62.53  70.28  67.57
 323.0  63.00  62.53  70.31  67.57
 324.0  63.00  62.53  70.35  67.57
 325.0  63.00  62.53  70.39  67.57
 326.0  63.00  62.53  70.43  67.57
 327.0  63.00  62.53  70.47  67.57
 328.0  63.00  62.53  70.50  67.57
 329.0  63.00  62.53  70.54  67.57
 330.0  63.00  62.53  70.58  67.57
 331.0  63.00  62.53  70.62  67.57
 332.0  63.00  62.53  70.66  67.57
 333.0  63.00  62.53  70.69  67.57
 334.0  63.00  62.53  70.73  67.57
 335.0  63.00  62.53  70.77  67.57
 336.0  63.00  62.53  70.81  67.57
 337.0  63.00  62.53  70.85  67.57
 338.0  63.00  62.53  70.88  67.57
 339.0  63.00  62.53  70.92  67.57
 340.0  63.00  62.53  70.96  67.57
 341.0  63.00  62.53  71.00  67.57
 342.0  63.00  62.53  71.04  67.57
 343.0  63.00  62.53  71.07  67.57
 344.0  63.00  62.53  71.11  67.57
 345.0  63.00  62.53  71.15  67.57
 346.0  63.00  62.53  71.19  67.57
 347.0  63.00  62.53  71.22  67.57
 348.0  63.00  62.53  71.26  67.57
 349.0  63.00  62.53  71.30  67.57
 350.0  63.00  62.53  71.34  67.57
 351.0  63.00  62.53  71.38  67.57
 352.0  63.00  62.53  71.41  67.57
 353.0  63.00  62.53  71.45  67.57
 354.0  63.00  62.53  71.49  67.57
 355.0  63.00  62.53  71.53  67.57
 356.0  63.00  62.53  71.57  67.57
 357.0  63.00  62.85  71.47  67.52
 358.0  63.00  62.53  71.51  67.49
 359.0  63.00  62.53  71.55  67.48
 360.0  63.00  62.85  71.45  67.43
 361.0  63.00  62.53  71.49  67.41
 362.0  63.00  62.53  71.52  67.40
 363.0  63.00  62.85  71.42  67.35
 364.0  63.00  62.85  71.33  67.28
 365.0  63.00  62.85  71.23  67.20
 366.0  63.00  62.85  71.12  67.11
 367.0  63.00  62.53  71.15  67.07
 368.0  63.00  62.85  71.05  67.02
 369.0  63.00  62.85  70.94  66.95
 370.0  63.00  62.85  70.84  66.87
 371.0  63.00  62.85  70.73  66.80
 372.0  63.00  62.85  70.75  66.78
 373.0  63.00  62.85  70.64  66.71
 374.0  63.00  62.85  70.53  66.63
 375.0  63.00  62.85  70.55  66.62
 376.0  63.00  62.85  70.43  66.55
 377.0  63.00  62.85  70.32  66.49
 378.0  63.00  62.85  70.33  66.48
 379.0  63.00  62.85  70.35  66.48
 380.0  63.00  62.85  70.36  66.47
 381.0  63.00  62.85  70.37  66.47
 382.0  63.00  62.85  70.26  66.40
 383.0  63.00  62.85  70.27  66.40
 384.0  63.00  62.85  70.28  66.40
 385.0  63.00  62.85  70.29  66.40
 386.0  63.00  62.85  70.31  66.40
 387.0  63.00  62.85  70.32  66.40
 388.0  63.00  62.85  70.33  66.40
 389.0  63.00  62.85  70.34  66.40
 390.0  63.00  62.85  70.35  66.40
 391.0  63.00  62.85  70.37  66.40
 392.0  63.00  62.85  70.38  66.40
 393.0  63.00  62.85  70.39  66.40
 394.0  63.00  62.85  70.40  66.40
 395.0  63.00  62.85  70.41  66.40
 396.0  63.00  62.85  70.43  66.40
 397.0  63.00  62.85  70.44  66.40
 398.0  63.00  62.85  70.45  66.40
 399.0  63.00  62.85  70.46  66.40
 400.0  63.00  62.85  70.47  66.40
 401.0  63.00  62.85  70.49  66.40
 402.0  63.00  62.85  70.50  66.40
 403.0  63.00  62.85  70.51  66.40
 404.0  63.00  62.85  70.52  66.40
 405.0  63.00  62.85  70.54  66.40
 406.0  63.00  62.85  70.55  66.40
 407.0  63.00  62.85  70.56  66.40
 408.0  63.00  62.85  70.57  66.40
 409.0  63.00  62.85  70.58  66.40
 410.0  63.00  62.85  70.60  66.40
 411.0  63.00  62.85  70.61  66.40
 412.0  63.00  62.85  70.62  66.40
 413.0  63.00  62.85  70.63  66.40
 414.0  63.00  62.85  70.64  66.40
 415.0  63.00  62.85  70.66  66.40
 416.0  63.00  62.85  70.67  66.40
 417.0  63.00  62.85  70.68  66.40
 418.0  63.00  62.85  70.69  66.40
 419.0  63.00  62.85  70.70  66.40
 420.0  63.00  62.85  70.72  66.40
 421.0  63.00  62.85  70.73  66.40
 422.0  63.00  62.85  70.74  66.40
 423.0  63.00  62.85  70.75  66.40
 424.0  63.00  62.85  70.77  66.40
 425.0  63.00  62.85  70.78  66.40
 426.0  63.00  62.85  70.79  66.40
 427.0  63.00  62.85  70.80  66.40
 428.0  63.00  62.85  70.81  66.40
 429.0  63.00  62.85  70.83  66.40
 430.0  63.00  62.85  70.84  66.40
 431.0  63.00  62.85  70.85  66.40
 432.0  63.00  62.85  70.86  66.40
 433.0  63.00  62.85  70.87  66.40
 434.0  63.00  62.85  70.89  66.40
 435.0  63.00  62.85  70.90  66.40
 436.0  63.00  62.85  70.91  66.40
 437.0  63.00  62.85  70.92  66.40
 438.0  63.00  62.85  70.94  66.40
 439.0  63.00  62.85  70.95  66.40
 440.0  63.00  62.85  70.96  66.40
 441.0  63.00  62.85  70.97  66.40
 442.0  63.00  62.85  70.98  66.40
 443.0  63.00  62.85  71.00  66.40
 444.0  63.00  62.85  71.01  66.40
 445.0  63.00  62.85  71.02  66.40
 446.0  63.00  62.85  71.03  66.40
 447.0  63.00  62.85  71.04  66.40
 448.0  63.00  62.85  71.06  66.40
 449.0  63.00  62.85  71.07  66.40
 450.0  63.00  62.85  71.08  66.40
 451.0  63.00  62.85  71.09  66.40
 452.0  63.00  62.85  71.10  66.40
 453.0  63.00  62.85  71.12  66.40
 454.0  63.00  62.85  71.13  66.40
 455.0  63.00  62.85  71.14  66.40
 456.0  63.00  62.85  71.15  66.40
 457.0  63.00  63.17  71.03  66.36
 458.0  63.00  63.17  70.91  66.28
 459.0  63.00  63.17  70.79  66.20
 460.0  63.00  62.85  70.80  66.16
 461.0  63.00  62.85  70.81  66.14
 462.0  63.00  62.85  70.81  66.14
 463.0  63.00  62.85  70.82  66.14
 464.0  63.00  63.17  70.70  66.09
 465.0  63.00  62.85  70.70  66.07
 466.0  63.00  62.85  70.71  66.06
 467.0  63.00  62.85  70.71  66.06
 468.0  63.00  63.17  70.59  66.02
 469.0  63.00  63.17  70.46  65.96
 470.0  63.00  62.85  70.46  65.94
 471.0  63.00  63.17  70.33  65.89
 472.0  63.00  63.17  70.33  65.89
 473.0  63.00  62.85  70.46  65.93
 474.0  63.00  62.85  70.60  65.98
 475.0  63.00  63.17  70.47  65.93
 476.0  63.00  63.17  70.34  65.86
 477.0  63.00  62.85  70.34  65.83
 478.0  63.00  63.17  70.21  65.78
 479.0  63.00  62.85  70.34  65.82
 480.0  63.00  62.85  70.34  65.82
 481.0  63.00  63.17  70.21  65.78
 482.0  63.00  62.85  70.21  65.77
 483.0  63.00  62.85  70.34  65.84
 484.0  63.00  63.17  70.34  65.87
 485.0  63.00  62.85  70.34  65.86
 486.0  63.00  62.85  70.47  65.92
 487.0  63.00  62.85  70.60  65.99
 490.0  63.00  63.17  70.47  65.95
 491.0  63.00  63.17  70.34  65.90
 492.0  63.00  63.17  70.34  65.89
 493.0  63.00  62.85  70.47  65.92
 494.0  63.00  62.85  70.48  65.92
 495.0  63.00  62.85  70.61  65.98
 496.0  63.00  63.17  70.48  65.94
 497.0  63.00  62.85  70.48  65.93
 498.0  63.00  63.17  70.48  65.94
 499.0  63.00  62.85  70.49  65.92
 500.0  63.00  63.17  70.36  65.87
 501.0  63.00  63.17  70.36  65.86
 502.0  63.00  63.17  70.23  65.79
 503.0  63.00  63.17  70.10  65.71
 504.0  63.00  62.85  70.09  65.69
 505.0  63.00  62.85  70.22  65.75
 506.0  63.00  63.17  70.22  65.77
 507.0  63.00  63.17  70.22  65.77
 508.0  63.00  63.17  70.08  65.69
 509.0  63.00  62.85  70.08  65.67
 510.0  63.00  62.85  70.08  65.67
 511.0  63.00  63.17  70.07  65.69
 512.0  63.00  63.17  69.94  65.63
 513.0  63.00  63.17  69.93  65.63
 514.0  63.00  63.17  69.80  65.56
 515.0  63.00  63.17  69.79  65.56
 516.0  63.00  62.85  69.92  65.60
 517.0  63.00  63.17  69.91  65.61
 518.0  63.00  62.85  70.04  65.66
 519.0  63.00  63.17  69.90  65.61
 520.0  63.00  63.17  69.77  65.55
 521.0  63.00  63.17  69.76  65.55
 522.0  63.00  63.17  69.75  65.54
 523.0  63.00  63.17  69.75  65.53
 524.0  63.00  62.85  69.74  65.50
 525.0  63.00  63.17  69.60  65.46
 526.0  63.00  63.17  69.59  65.47
 527.0  63.00  63.17  69.58  65.47
 528.0  63.00  63.17  69.58  65.47
 529.0  63.00  63.17  69.57  65.46
 530.0  63.00  63.17  69.56  65.45
 531.0  63.00  63.17  69.42  65.37
 532.0  63.00  63.17  69.41  65.37
 533.0  63.00  62.85  69.40  65.35
 534.0  63.00  62.85  69.52  65.42
 535.0  63.00  62.85  69.64  65.50
 536.0  63.00  63.17  69.64  65.54
 537.0  63.00  63.17  69.63  65.55
 538.0  63.00  62.85  69.75  65.59
 539.0  63.00  63.17  69.62  65.55
 540.0  63.00  62.85  69.74  65.61
 541.0  63.00  62.85  69.87  65.69
 542.0  63.00  62.85  69.99  65.77
 543.0  63.00  62.85  70.12  65.85
 544.0  63.00  62.85  70.25  65.93
 545.0  63.00  62.85  70.39  66.01
 546.0  63.00  62.85  70.52  66.09
 547.0  63.00  62.85  70.66  66.16
 548.0  63.00  62.85  70.66  66.16
 549.0  63.00  63.17  70.54  66.13
 550.0  63.00  62.85  70.54  66.12
 551.0  63.00  62.85  70.68  66.18
 552.0  63.00  62.85  70.82  66.25
 553.0  63.00  62.85  70.83  66.25
 554.0  63.00  62.85  70.97  66.32
 555.0  63.00  62.85  70.98  66.32
 556.0  63.00  63.17  70.86  66.27
 557.0  63.00  62.85  70.86  66.25
 558.0  63.00  62.85  70.87  66.24
 559.0  63.00  62.85  70.88  66.23
 560.0  63.00  62.85  70.89  66.24
 561.0  63.00  62.85  70.90  66.24
 562.0  63.00  62.85  70.91  66.25
 563.0  63.00  63.17  70.79  66.21
 564.0  63.00  62.85  70.92  66.25
 565.0  63.00  62.85  70.93  66.24
 566.0  63.00  62.85  70.94  66.23
 567.0  63.00  62.85  70.95  66.24
 568.0  63.00  62.85  70.96  66.24
 569.0  63.00  62.85  70.97  66.25
 570.0  63.00  62.85  70.98  66.25
 571.0  63.00  62.85  71.12  66.32
 572.0  63.00  63.17  70.99  66.27
 573.0  63.00  63.17  70.87  66.20
 574.0  63.00  62.85  70.88  66.17
 575.0  63.00  62.85  70.89  66.16
 576.0  63.00  62.85  70.89  66.16
 577.0  63.00  63.17  70.77  66.12
 578.0  63.00  62.85  70.91  66.16
 579.0  63.00  63.17  70.78  66.10
 580.0  63.00  62.85  70.79  66.07
 581.0  63.00  63.17  70.66  66.01
 582.0  63.00  62.85  70.67  65.99
 583.0  63.00  63.17  70.54  65.94
 584.0  63.00  62.85  70.54  65.91
 585.0  63.00  62.85  70.54  65.91
 586.0  63.00  62.85  70.54  65.92
 587.0  63.00  62.85  70.68  66.00
 588.0  63.00  62.85  70.81  66.07
 589.0  63.00  62.85  70.82  66.07
 590.0  63.00  63.17  70.69  66.04
 591.0  63.00  62.85  70.69  66.03
 592.0  63.00  63.17  70.70  66.04
 593.0  63.00  62.85  70.70  66.02
 594.0  63.00  63.17  70.70  66.03
 595.0  63.00  63.17  70.58  65.97
 596.0  63.00  62.85  70.71  66.00
 597.0  63.00  63.17  70.58  65.95
 598.0  63.00  63.17  70.58  65.94
 599.0  63.00  63.17  70.46  65.85
 600.0  63.00  63.17  70.33  65.77
 601.0  63.00  63.17  70.19  65.69
 602.0  63.00  63.17  70.06  65.61
 603.0  63.00  62.85  70.05  65.58
 604.0  63.00  63.17  69.92  65.53
 605.0  63.00  63.17  69.91  65.53
 606.0  63.00  63.17  69.77  65.46
 607.0  63.00  62.85  69.90  65.50
 608.0  63.00  63.17  69.76  65.45
 609.0  63.00  63.17  69.75  65.46
 610.0  63.00  63.17  69.74  65.46
 611.0  63.00  63.17  69.60  65.39
 612.0  63.00  62.85  69.72  65.44
 613.0  63.00  63.17  69.71  65.46
 614.0  63.00  63.17  69.71  65.47
 615.0  63.00  63.17  69.70  65.47
 616.0  63.00  63.17  69.69  65.46
 617.0  63.00  63.17  69.68  65.45
 618.0  63.00  63.17  69.54  65.39
 619.0  63.00  63.17  69.53  65.38
 620.0  63.00  63.17  69.52  65.37
 621.0  63.00  63.17  69.51  65.37
 622.0  63.00  62.85  69.50  65.35
 623.0  59.00  63.17  67.87  63.72
 624.0  59.00  63.17  66.22  61.61
 625.0  59.00  63.17  64.54  59.54
 626.0  59.00  62.85  62.98  57.75
 627.0  59.00  62.85  61.26  56.17
 628.0  59.00  62.85  59.66  54.85
 629.0  59.00  63.17  57.90  53.56
 630.0  59.00  62.85  56.25  52.30
 631.0  59.00  62.85  54.59  50.99
 632.0  59.00  62.85  52.90  49.62
 633.0  59.00  62.85  51.19  48.16
 634.0  59.00  62.85  49.47  46.65
 635.0  59.00  62.85  47.72  45.14
 636.0  59.00  62.85  45.96  43.72
 637.0  59.00  62.85  44.05  42.37
 638.0  59.00  62.85  43.86  42.49
 639.0  59.00  62.85  43.68  42.61
 640.0  59.00  62.53  43.63  42.78
 641.0  59.00  62.53  43.45  42.87
 642.0  59.00  62.53  43.28  42.97
 643.0  59.00  62.53  43.10  43.09
 644.0  59.00  62.53  43.06  43.32
 645.0  59.00  62.53  42.89  43.44
 646.0  59.00  62.53  42.73  43.56
 647.0  59.00  62.20  42.69  43.75
 648.0  59.00  62.20  42.66  43.96
 649.0  59.00  62.20  42.63  44.19
 650.0  59.00  62.20  42.61  44.43
 651.0  59.00  62.20  42.59  44.68
 652.0  59.00  61.88  42.70  44.97
 653.0  59.00  61.88  42.82  45.29
 654.0  59.00  61.88  42.94  45.63
 655.0  59.00  61.88  42.94  45.86
 656.0  59.00  61.56  43.07  46.16
 657.0  59.00  61.56  43.21  46.48
 658.0  59.00  61.56  43.35  46.83
 659.0  59.00  61.56  43.50  47.18
 660.0  59.00  61.56  43.65  47.53
 661.0  59.00  61.24  43.94  47.93
 662.0  59.00  61.24  44.11  48.25
 663.0  59.00  61.24  44.28  48.59
 664.0  59.00  60.91  44.58  48.99
 665.0  59.00  60.91  44.89  49.41
 666.0  59.00  60.91  45.21  49.84
 667.0  59.00  60.59  45.54  50.23
 668.0  59.00  60.59  45.87  50.65
 669.0  59.00  60.59  46.21  51.09
 670.0  59.00  60.59  46.56  51.52
 671.0  59.00  60.27  46.91  51.91
 672.0  59.00  60.27  47.28  52.32
 673.0  59.00  60.27  47.64  52.75
 674.0  59.00  60.27  48.02  53.18
 675.0  59.00  59.95  48.53  53.65
 676.0  59.00  59.95  48.92  54.05
 677.0  59.00  59.95  49.32  54.46
 678.0  59.00  59.95  49.72  54.86
 679.0  59.00  59.95  50.00  55.17
 680.0  59.00  59.63  50.42  55.53
 681.0  59.00  59.63  50.84  55.90
 682.0  59.00  59.63  51.14  56.19
 683.0  59.00  59.63  51.44  56.49
 684.0  59.00  59.30  51.88  56.84
 685.0  59.00  59.30  52.33  57.20
 686.0  59.00  59.30  52.65  57.49
 687.0  59.00  59.30  52.98  57.78
 688.0  59.00  59.30  53.31  58.06
 689.0  59.00  58.98  53.78  58.39
 690.0  59.00  58.98  54.13  58.66
 691.0  59.00  58.98  54.48  58.94
 692.0  59.00  58.98  54.83  59.22
 693.0  59.00  58.66  55.32  59.55
 694.0  59.00  58.98  55.69  59.84
 695.0  59.00  58.98  55.93  60.04
 696.0  59.00  58.66  56.31  60.27
 697.0  59.00  58.66  56.69  60.52
 698.0  59.00  58.66  57.08  60.77
 699.0  59.00  58.66  57.34  60.96
 700.0  59.00  58.66  57.60  61.14
 701.0  59.00  58.34  58.00  61.36
 702.0  59.00  58.34  58.41  61.60
 703.0  59.00  58.34  58.82  61.85
 704.0  59.00  58.34  59.10  62.03
 705.0  59.00  58.34  59.39  62.20
 706.0  59.00  58.34  59.68  62.38
 707.0  59.00  58.34  59.97  62.55
 708.0  59.00  58.34  60.14  62.65
 709.0  59.00  58.34  60.44  62.81
 710.0  59.00  58.01  60.87  63.01
 711.0  59.00  58.01  61.18  63.17
 712.0  59.00  58.01  61.49  63.34
 713.0  59.00  58.01  61.80  63.50
 714.0  59.00  58.01  62.12  63.67
 715.0  59.00  58.01  62.44  63.82
 716.0  59.00  58.01  62.63  63.91
 717.0  59.00  58.01  62.83  63.99
 718.0  59.00  58.01  63.03  64.08
 719.0  59.00  58.01  63.23  64.16
 720.0  59.00  58.01  63.43  64.25
 721.0  59.00  58.01  63.63  64.33
 722.0  59.00  58.01  63.83  64.40
 723.0  59.00  58.01  64.04  64.47
 724.0  59.00  57.69  64.38  64.58
 725.0  59.00  57.69  64.59  64.65
 726.0  59.00  57.69  64.80  64.74
 727.0  59.00  58.01  64.89  64.78
 728.0  59.00  57.69  65.10  64.84
 729.0  59.00  57.69  65.32  64.91
 730.0  59.00  58.01  65.41  64.95
 731.0  59.00  57.69  65.62  65.01
 732.0  59.00  57.69  65.84  65.08
 733.0  59.00  58.01  65.93  65.12
 734.0  59.00  57.69  66.16  65.17
 735.0  59.00  57.69  66.38  65.24
 736.0  59.00  57.69  66.60  65.31
 737.0  59.00  57.69  66.83  65.38
 738.0  59.00  58.01  66.93  65.40
 739.0  59.00  58.01  66.90  65.34
 740.0  59.00  57.69  66.99  65.31
 741.0  59.00  58.01  66.96  65.26
 742.0  59.00  58.01  67.05  65.25
 743.0  59.00  58.01  67.02  65.17
 744.0  59.00  57.69  67.11  65.15
 745.0  59.00  58.01  67.20  65.15
 746.0  59.00  58.01  67.16  65.08
 747.0  59.00  58.01  67.12  65.01
 748.0  59.00  58.01  67.21  64.99
 749.0  59.00  58.01  67.17  64.91
 750.0  59.00  58.01  67.13  64.83
 751.0  59.00  58.01  67.08  64.76
 752.0  59.00  58.01  67.04  64.69
 753.0  59.00  58.01  67.12  64.69
 754.0  59.00  58.01  67.20  64.68
 755.0  59.00  58.01  67.15  64.61
 756.0  59.00  58.01  67.23  64.61
 757.0  59.00  58.01  67.31  64.60
 758.0  59.00  58.01  67.39  64.60
 759.0  59.00  58.01  67.34  64.54
 760.0  59.00  58.01  67.42  64.54
 761.0  59.00  58.01  67.50  64.54
 762.0  59.00  58.01  67.58  64.54
 763.0  59.00  58.01  67.66  64.54
 764.0  59.00  58.01  67.74  64.54
 765.0  59.00  58.34  67.69  64.49
 766.0  59.00  58.34  67.63  64.42
 767.0  59.00  58.34  67.58  64.33
 768.0  59.00  58.34  67.52  64.25
 769.0  59.00  58.01  67.59  64.21
 770.0  59.00  58.34  67.53  64.14
 771.0  59.00  58.34  67.47  64.07
 772.0  59.00  58.34  67.41  63.99
 773.0  59.00  58.34  67.35  63.90
 774.0  59.00  58.34  67.28  63.82
 775.0  59.00  58.34  67.22  63.73
 776.0  59.00  58.34  67.15  63.65
 777.0  59.00  58.34  67.08  63.57
 778.0  59.00  58.34  67.00  63.50
 779.0  59.00  58.34  66.93  63.43
 780.0  59.00  58.34  66.98  63.43
 781.0  59.00  58.34  67.04  63.43
 782.0  59.00  58.34  67.09  63.42
 783.0  59.00  58.34  67.15  63.41
 784.0  59.00  58.34  67.07  63.35
 785.0  59.00  58.66  67.00  63.30
 786.0  59.00  58.66  66.92  63.23
 787.0  59.00  58.66  66.84  63.15
 788.0  59.00  58.66  66.75  63.06
 789.0  59.00  58.66  66.67  62.97
 790.0  59.00  58.66  66.58  62.88
 791.0  59.00  58.66  66.49  62.79
 792.0  59.00  58.66  66.40  62.70
 793.0  59.00  58.66  66.31  62.61
 794.0  59.00  58.66  66.22  62.53
 795.0  59.00  58.66  66.13  62.44
 796.0  59.00  58.66  66.03  62.36
 797.0  59.00  58.66  65.93  62.28
 798.0  59.00  58.66  65.83  62.20
 799.0  59.00  58.66  65.73  62.13
 800.0  59.00  58.66  65.76  62.13
 801.0  59.00  58.98  65.65  62.09
 802.0  59.00  58.66  65.68  62.06
 803.0  59.00  58.98  65.57  62.00
 804.0  59.00  58.66  65.60  61.97
 805.0  59.00  58.66  65.62  61.96
 806.0  59.00  58.66  65.65  61.95
 807.0  59.00  58.98  65.54  61.90
 808.0  59.00  58.98  65.43  61.83
 809.0  59.00  58.98  65.32  61.75
 810.0  59.00  58.98  65.21  61.66
 811.0  59.00  58.98  65.09  61.57
 812.0  59.00  58.98  64.98  61.48
 813.0  59.00  58.98  64.86  61.39
 814.0  59.00  58.98  64.74  61.31
 815.0  59.00  58.98  64.62  61.23
 816.0  59.00  58.98  64.63  61.22
 817.0  59.00  58.98  64.51  61.13
 818.0  59.00  58.98  64.52  61.12
 819.0  59.00  58.98  64.39  61.03
 820.0  59.00  58.98  64.27  60.96
 821.0  59.00  58.98  64.14  60.89
 822.0  59.00  58.98  64.14  60.89
 823.0  59.00  58.98  64.14  60.89
 824.0  59.00  58.98  64.14  60.89
 825.0  59.00  58.98  64.14  60.89
 826.0  59.00  58.98  64.15  60.89
 827.0  59.00  58.98  64.15  60.89
 828.0  59.00  58.98  64.15  60.89
 829.0  59.00  58.98  64.15  60.89
 830.0  59.00  58.98  64.15  60.89
 831.0  59.00  58.98  64.15  60.89
 832.0  59.00  58.98  64.16  60.89
 833.0  59.00  58.98  64.16  60.89
 834.0  59.00  58.98  64.16  60.89
 835.0  59.00  58.98  64.16  60.89
 836.0  59.00  58.98  64.16  60.89
 837.0  59.00  58.98  64.16  60.89
 838.0  59.00  59.30  64.03  60.84
 839.0  59.00  58.98  64.03  60.81
 840.0  59.00  58.98  64.03  60.80
 841.0  59.00  58.98  64.03  60.79
 842.0  59.00  58.98  64.03  60.79
 843.0  59.00  58.98  64.03  60.79
 844.0  59.00  58.98  64.03  60.79
 845.0  59.00  58.98  64.03  60.79
 846.0  59.00  58.98  64.03  60.79
 847.0  59.00  59.30  63.90  60.74
 848.0  59.00  58.98  63.90  60.72
 849.0  59.00  58.98  63.90  60.71
 850.0  59.00  59.30  63.77  60.66
 851.0  59.00  58.98  63.76  60.64
 852.0  59.00  59.30  63.63  60.59
 853.0  59.00  58.98  63.75  60.63
 854.0  59.00  58.98  63.75  60.61
 855.0  59.00  58.98  63.75  60.61
 856.0  59.00  59.30  63.61  60.56
 857.0  59.00  59.30  63.48  60.49
 858.0  59.00  59.30  63.34  60.40
 859.0  59.00  59.30  63.20  60.32
 860.0  59.00  58.98  63.19  60.28
 861.0  59.00  59.30  63.05  60.22
 862.0  59.00  59.30  63.03  60.22
 863.0  59.00  58.98  63.02  60.18
 864.0  59.00  58.98  63.01  60.18
 865.0  59.00  58.98  63.13  60.25
 866.0  59.00  58.98  63.12  60.26
 867.0  59.00  58.98  63.24  60.33
 868.0  59.00  58.98  63.23  60.34
 869.0  59.00  58.98  63.22  60.36
 870.0  59.00  59.30  63.08  60.33
 871.0  59.00  59.30  63.07  60.35
 872.0  59.00  58.98  63.19  60.40
 873.0  59.00  58.98  63.31  60.47
 874.0  59.00  58.98  63.44  60.54
 875.0  59.00  58.98  63.43  60.55
 876.0  59.00  58.98  63.56  60.63
 877.0  33.00  59.30  53.01  50.07
 878.0  33.00  58.98  42.33  35.87
 879.0  33.00  58.98  31.51  21.61
 880.0  33.00  58.98  20.55   9.56
 881.0  33.00  58.98   9.46   0.99
 882.0  33.00  58.98   0.00   0.00
 883.0  33.00  58.98   0.00   0.00
 884.0  33.00  58.98   0.00   0.00
 885.0  33.00  58.98   0.00   0.00
 886.0  33.00  58.98   0.00   0.14
 887.0  33.00  58.66   0.00   0.59
 888.0  33.00  58.66   0.00   0.35
 889.0  33.00  58.66   0.00   0.00
 890.0  33.00  58.34   0.00   0.00
 891.0  33.00  58.34   0.00   0.00
 892.0  33.00  58.34   0.00   0.00
 893.0  33.00  58.01   0.00   0.00
 894.0  33.00  58.01   0.00   0.00
 895.0  33.00  57.69   0.00   0.00
 896.0  33.00  57.69   0.00   0.00
 897.0  33.00  57.37   0.00   0.00
 898.0  33.00  57.37   0.00   0.00
 899.0  33.00  57.05   0.00   0.00
 900.0  33.00  57.05   0.00   0.00
 901.0  33.00  56.72   0.00   0.00
 902.0  33.00  56.72   0.00   0.00
 903.0  33.00  56.40   0.00   0.00
 904.0  33.00  56.40   0.00   0.00
 905.0  33.00  56.08   0.00   0.00
 906.0  33.00  56.08   0.00   0.00
 907.0  33.00  55.76   0.00   0.00
 908.0  33.00  55.44   0.00   0.00
 909.0  33.00  55.44   0.00   0.00
 910.0  33.00  55.11   0.00   0.00
 911.0  33.00  55.11   0.00   0.00
 912.0  33.00  54.79   0.00   0.00
 913.0  33.00  54.47   0.00   0.00
 914.0  33.00  54.47   0.00   0.00
 915.0  33.00  54.15   0.00   0.00
 916.0  33.00  53.82   0.00   0.00
 917.0  33.00  53.82   0.00   0.00
 918.0  33.00  53.50   0.00   0.00
 919.0  33.00  53.50   0.00   0.00
 920.0  33.00  53.18   0.00   0.00
 921.0  33.00  52.86   0.00   0.00
 922.0  33.00  52.86   0.00   0.00
 923.0  33.00  52.53   0.00   0.00
 924.0  33.00  52.53   0.00   0.00
 925.0  33.00  52.21   0.00   0.00
 926.0  33.00  51.89   0.00   0.00
 927.0  33.00  51.89   0.00   0.00
 928.0  33.00  51.57   0.00   0.00
 929.0  33.00  51.57   0.00   0.00
 930.0  33.00  51.25   0.00   0.00
 931.0  33.00  50.92   0.00   0.00
 932.0  33.00  50.92   0.00   0.00
 933.0  33.00  50.92   0.00   0.00
 934.0  33.00  50.60   0.00   0.00
 935.0  33.00  50.28   0.00   0.00
 936.0  33.00  50.28   0.00   0.00
 937.0  33.00  49.96   0.00   0.00
 938.0  33.00  49.63   0.00   0.00
 939.0  33.00  49.63   0.00   0.00
 940.0  33.00  49.63   0.00   0.00
 941.0  33.00  49.31   0.00   0.00
 942.0  33.00  48.99   0.00   0.00
 943.0  33.00  48.99   0.00   0.00
 944.0  33.00  48.67   0.00   0.00
 945.0  33.00  48.67   0.00   0.00
 946.0  33.00  48.34   0.00   0.00
 947.0  33.00  48.34   0.00   0.00
 948.0  33.00  48.02   0.00   0.00
 949.0  33.00  48.02   0.00   0.00
 950.0  33.00  47.70   0.00   0.00
 951.0  33.00  47.70   0.00   0.00
 952.0  33.00  47.38   0.00   0.00
 953.0  33.00  47.38   0.00   0.00
 954.0  33.00  47.06   0.00   0.00
 955.0  33.00  47.06   0.00   0.00
 956.0  33.00  46.73   0.00   0.00
 957.0  33.00  46.73   0.00   0.00
 958.0  33.00  46.41   0.00   0.00
 959.0  33.00  46.41   0.00   0.00
 960.0  33.00  46.09   0.00   0.00
 961.0  33.00  46.09   0.00   0.00
 962.0  33.00  45.77   0.00   0.00
 963.0  33.00  45.77   0.00   0.00
 964.0  33.00  45.44   0.00   0.00
 965.0  33.00  45.44   0.00   0.00
 966.0  33.00  45.44   0.00   0.00
 967.0  33.00  45.12   0.00   0.00
 968.0  33.00  44.80   0.00   0.00
 969.0  33.00  44.80   0.00   0.00
 970.0  33.00  44.80   0.00   0.00
 971.0  33.00  44.48   0.00   0.00
 972.0  33.00  44.48   0.00   0.00
 973.0  33.00  44.48   0.00   0.00
 974.0  33.00  44.16   0.00   0.00
 975.0  33.00  44.16   0.00   0.00
 976.0  33.00  43.83   0.00   0.00
 977.0  33.00  43.83   0.00   0.00
 978.0  33.00  43.83   0.00   0.00
 979.0  33.00  43.51   0.00   0.00
 980.0  33.00  43.19   0.00   0.00
 981.0  33.00  43.19   0.00   0.00
 982.0  33.00  42.87   0.00   0.00
 983.0  33.00  42.87   0.00   0.00
 984.0  33.00  42.87   0.00   0.00
 985.0  33.00  42.54   0.00   0.00
 986.0  33.00  42.54   0.00   0.00
 987.0  33.00  42.54   0.00   0.00
 988.0  33.00  42.22   0.00   0.00
 989.0  33.00  42.22   0.44   0.00
 990.0  33.00  41.90   0.55   0.00
 991.0  33.00  41.90   0.54   0.03
 992.0  33.00  41.90   0.54   0.04
 993.0  33.00  41.90   0.55   0.03
 994.0  33.00  41.58   0.57   0.05
 995.0  33.00  41.58   0.47   0.07
 996.0  33.00  41.25   0.51   0.14
 997.0  33.00  41.25   0.42   0.20
 998.0  33.00  41.25   0.35   0.24
 999.0  33.00  40.93   0.42   0.31
1000.0  33.00  40.93   0.37   0.37
1001.0  33.00  40.61   0.45   0.47
1002.0  33.00  40.61   0.55   0.55
1003.0  33.00  40.61   0.52   0.61
1004.0  33.00  40.61   0.51   0.64
1005.0  33.00  40.29   0.50   0.70
1006.0  33.00  40.29   0.50   0.76
1007.0  33.00  39.97   0.64   0.86
1008.0  33.00  39.97   0.79   0.96
1009.0  33.00  39.97   0.82   1.04
1010.0  33.00  39.97   0.86   1.10
1011.0  33.00  39.64   0.91   1.18
1012.0  33.00  39.64   0.97   1.27
1013.0  33.00  39.32   1.16   1.40
1014.0  33.00  39.32   1.24   1.52
1015.0  33.00  39.32   1.32   1.63
1016.0  33.00  39.32   1.28   1.71
1017.0  33.00  39.00   1.38   1.82
1018.0  33.00  39.00   1.49   1.94
1019.0  33.00  39.00   1.61   2.04
1020.0  33.00  38.68   1.73   2.17
1021.0  33.00  38.68   1.87   2.31
1022.0  33.00  38.68   1.88   2.43
1023.0  33.00  38.35   2.03   2.58
1024.0  33.00  38.35   2.19   2.74
1025.0  33.00  38.35   2.35   2.88
1026.0  33.00  38.35   2.40   2.99
1027.0  33.00  38.03   2.58   3.14
1028.0  33.00  38.03   2.64   3.28
1029.0  33.00  38.03   2.71   3.42
1030.0  33.00  37.71   2.91   3.59
1031.0  33.00  37.71   3.12   3.78
1032.0  33.00  37.71   3.21   3.93
1033.0  33.00  37.71   3.31   4.08
1034.0  33.00  37.71   3.42   4.20
1035.0  33.00  37.39   3.53   4.35
1036.0  33.00  37.39   3.65   4.51
1037.0  33.00  37.39   3.77   4.67
1038.0  33.00  37.06   3.90   4.85
1039.0  33.00  37.06   4.04   5.04
1040.0  33.00  37.06   4.19   5.23
1041.0  33.00  37.06   4.34   5.40
1042.0  33.00  37.06   4.37   5.53
1043.0  33.00  36.74   4.53   5.70
1044.0  33.00  36.74   4.71   5.89
1045.0  33.00  36.74   4.75   6.05
1046.0  33.00  36.42   4.94   6.25
1047.0  33.00  36.42   5.13   6.47
1048.0  33.00  36.42   5.32   6.68
1049.0  33.00  36.42   5.53   6.88
1050.0  33.00  36.10   5.74   7.09
1051.0  33.00  36.10   5.96   7.31
1052.0  33.00  36.10   6.18   7.53
1053.0  33.00  36.10   6.28   7.71
1054.0  33.00  36.10   6.39   7.87
1055.0  33.00  36.10   6.50   8.03
1056.0  33.00  36.10   6.62   8.18
1057.0  33.00  35.78   6.87   8.38
1058.0  33.00  35.78   7.00   8.56
1059.0  33.00  35.78   7.13   8.74
1060.0  33.00  35.78   7.27   8.92
1061.0  33.00  35.78   7.29   9.05
1062.0  33.00  35.45   7.43   9.22
1063.0  33.00  35.45   7.59   9.42
1064.0  33.00  35.45   7.74   9.61
1065.0  33.00  35.45   7.78   9.75
1066.0  33.00  35.45   7.81   9.89
1067.0  33.00  35.13   7.98  10.08
1068.0  33.00  35.13   8.16  10.28
1069.0  33.00  35.13   8.34  10.49
1070.0  33.00  35.13   8.52  10.69
1071.0  33.00  35.13   8.71  10.89
1072.0  33.00  35.13   8.78  11.03
1073.0  33.00  35.13   8.85  11.16
1074.0  33.00  34.81   9.05  11.35
1075.0  33.00  34.81   9.26  11.55
1076.0  33.00  34.81   9.47  11.76
1077.0  33.00  34.81   9.56  11.92
1078.0  33.00  34.81   9.65  12.07
1079.0  33.00  34.81   9.74  12.21
1080.0  33.00  34.81   9.84  12.35
1081.0  33.00  34.81   9.94  12.48
1082.0  33.00  34.49  10.05  12.61
1083.0  33.00  34.49  10.15  12.76
1084.0  33.00  34.49  10.27  12.92
1085.0  33.00  34.49  10.38  13.08
1086.0  33.00  34.49  10.50  13.24
1087.0  33.00  34.49  10.62  13.38
1088.0  33.00  34.49  10.75  13.52
1089.0  33.00  34.49  10.74  13.60
1090.0  33.00  34.49  10.74  13.68
1091.0  33.00  34.49  10.74  13.76
1092.0  33.00  34.16  10.88  13.89
1093.0  33.00  34.16  11.02  14.04
1094.0  33.00  34.16  11.16  14.21
1095.0  33.00  34.16  11.30  14.36
1096.0  33.00  34.16  11.45  14.51
1097.0  33.00  34.16  11.47  14.60
1098.0  33.00  34.16  11.49  14.68
1099.0  33.00  34.16  11.51  14.77
1100.0  33.00  34.16  11.54  14.85
1101.0  33.00  34.16  11.57  14.93
1102.0  33.00  33.84  11.73  15.07
1103.0  33.00  34.16  11.76  15.17
1104.0  33.00  33.84  11.92  15.31
1105.0  33.00  33.84  12.09  15.46
1106.0  33.00  34.16  12.13  15.56
1107.0  33.00  33.84  12.18  15.63
1108.0  33.00  33.84  12.22  15.71
1109.0  33.00  33.84  12.27  15.79
1110.0  33.00  33.84  12.31  15.88
1111.0  33.00  33.84  12.36  15.97
1112.0  33.00  33.84  12.41  16.06
1113.0  33.00  33.84  12.47  16.14
1114.0  33.00  33.84  12.52  16.22
1115.0  33.00  33.84  12.58  16.30
1116.0  33.00  33.84  12.64  16.37
1117.0  33.00  33.84  12.57  16.38
1118.0  33.00  33.84  12.63  16.45
1119.0  33.00  33.52  12.69  16.51
1120.0  33.00  33.52  12.75  16.60
1121.0  33.00  33.52  12.95  16.76
1122.0  33.00  33.52  13.01  16.85
1123.0  33.00  33.52  13.09  16.95
1124.0  33.00  33.52  13.16  17.04
1125.0  33.00  33.52  13.23  17.13
1126.0  33.00  33.84  13.18  17.17
1127.0  33.00  33.52  13.25  17.23
1128.0  33.00  33.52  13.33  17.31
1129.0  33.00  33.52  13.41  17.40
1130.0  33.00  33.52  13.49  17.48
1131.0  33.00  33.52  13.57  17.57
1132.0  33.00  33.52  13.65  17.64
1133.0  33.00  33.52  13.74  17.71
1134.0  33.00  33.52  13.70  17.71
1135.0  33.00  33.52  13.65  17.71
1136.0  33.00  33.52  13.61  17.71
1137.0  33.00  33.52  13.57  17.72
1138.0  33.00  33.52  13.52  17.72
1139.0  33.00  33.52  13.48  17.73
1140.0  33.00  33.52  13.44  17.73
1141.0  33.00  33.52  13.52  17.80
1142.0  33.00  33.52  13.48  17.80
1143.0  33.00  33.52  13.44  17.80
1144.0  33.00  33.52  13.40  17.80
1145.0  33.00  33.52  13.36  17.80
1146.0  33.00  33.52  13.32  17.80
1147.0  33.00  33.52  13.27  17.80
1148.0  33.00  33.52  13.23  17.80
1149.0  33.00  33.52  13.19  17.80
1150.0  33.00  33.52  13.15  17.80
1151.0  33.00  33.52  13.11  17.80
1152.0  33.00  33.52  13.07  17.80
1153.0  33.00  33.20  13.16  17.86
1154.0  33.00  33.52  13.12  17.88
1155.0  33.00  33.52  13.08  17.90
1156.0  33.00  33.52  13.04  17.90
1157.0  33.00  33.52  13.00  17.90
1158.0  33.00  33.52  12.96  17.90
1159.0  33.00  33.52  12.92  17.90
1160.0  33.00  33.20  13.01  17.95
1161.0  33.00  33.52  12.97  17.98
1162.0  33.00  33.20  13.06  18.04
1163.0  33.00  33.52  13.03  18.07
1164.0  33.00  33.20  13.12  18.13
1165.0  33.00  33.52  13.09  18.16
1166.0  33.00  33.52  13.05  18.16
1167.0  33.00  33.52  13.02  18.16
1168.0  33.00  33.20  12.98  18.14
1169.0  33.00  33.20  13.08  18.22
1170.0  33.00  33.52  13.04  18.26
1171.0  33.00  33.20  13.14  18.32
1172.0  33.00  33.20  13.24  18.40
1173.0  33.00  33.20  13.34  18.48
1174.0  33.00  33.52  13.31  18.51
1175.0  33.00  33.20  13.29  18.49
1176.0  33.00  33.20  13.39  18.57
1177.0  33.00  33.20  13.36  18.58
1178.0  33.00  33.20  13.47  18.66
1179.0  33.00  33.20  13.44  18.68
1180.0  33.00  33.20  13.55  18.77
1181.0  33.00  33.20  13.66  18.85
1182.0  33.00  33.20  13.77  18.93
1183.0  33.00  33.20  13.75  18.93
1184.0  33.00  33.20  13.73  18.94
1185.0  33.00  33.20  13.84  19.02
1186.0  33.00  33.20  13.82  19.02
1187.0  33.00  33.20  13.81  19.03
1188.0  33.00  33.20  13.79  19.04
1189.0  33.00  33.20  13.90  19.11
1190.0  33.00  33.20  13.89  19.11
1191.0  33.00  33.20  13.87  19.11
1192.0  33.00  33.20  13.85  19.11
1193.0  33.00  33.20  13.84  19.11
1194.0  33.00  33.20  13.82  19.11
1195.0  33.00  33.20  13.81  19.11
1196.0  33.00  33.20  13.79  19.11
1197.0  33.00  33.20  13.78  19.11
1198.0  33.00  33.20  13.76  19.11
1199.0  33.00  33.20  13.74  19.11
1200.0  33.00  33.20  13.73  19.11
1201.0  33.00  33.20  13.71  19.11
1202.0  33.00  33.20  13.70  19.11
1203.0  33.00  33.20  13.68  19.11
1204.0  33.00  33.20  13.67  19.11
1205.0  33.00  33.20  13.65  19.11
1206.0  33.00  33.20  13.63  19.11
1207.0  33.00  33.20  13.62  19.11
1208.0  33.00  33.20  13.60  19.11
1209.0  33.00  33.20  13.59  19.11
1210.0  33.00  33.20  13.57  19.11
1211.0  33.00  33.20  13.56  19.11
1212.0  33.00  33.20  13.54  19.11
1213.0  33.00  33.20  13.52  19.11
1214.0  33.00  33.20  13.51  19.11
1215.0  33.00  33.20  13.49  19.11
1216.0  33.00  33.20  13.48  19.11
1217.0  33.00  33.20  13.46  19.11
1218.0  33.00  33.20  13.45  19.11
1221.0  33.00  33.20  13.43  19.11
1222.0  33.00  33.20  13.41  19.11
1223.0  33.00  33.20  13.40  19.11
1224.0  33.00  33.20  13.38  19.11
1225.0  33.00  33.20  13.37  19.11
1226.0  33.00  33.20  13.35  19.11
1227.0  33.00  33.20  13.33  19.11
1228.0  33.00  33.20  13.32  19.11
1229.0  33.00  33.20  13.30  19.11
1230.0  33.00  33.20  13.29  19.11
1231.0  33.00  33.20  13.27  19.11
1232.0  33.00  33.20  13.26  19.11
1233.0  33.00  33.20  13.24  19.11
1234.0  33.00  33.20  13.22  19.11
1235.0  33.00  33.20  13.21  19.11
1236.0  33.00  33.20  13.19  19.11
1237.0  33.00  33.20  13.18  19.11
1238.0  33.00  33.20  13.16  19.11
1239.0  33.00  33.20  13.15  19.11
1240.0  33.00  33.20  13.13  19.11
1241.0  33.00  33.20  13.11  19.11
1242.0  33.00  33.20  13.10  19.11
1243.0  33.00  33.20  13.08  19.11
1244.0  37.00  33.20  14.69  21.02
1245.0  37.00  33.20  16.32  23.57
1246.0  37.00  33.20  17.96  26.09
1247.0  37.00  33.20  19.63  28.31
1248.0  37.00  33.20  21.32  30.23
1249.0  37.00  33.20  23.04  31.93
1250.0  37.00  33.20  24.77  33.51
1251.0  37.00  33.20  26.52  35.03
1252.0  37.00  33.20  28.30  36.52
1253.0  37.00  33.20  30.10  37.96
1254.0  37.00  33.20  31.92  39.36
1255.0  37.00  33.20  33.76  40.67
1256.0  37.00  33.20  35.62  41.88
1257.0  37.00  33.20  37.50  42.97
1258.0  37.00  33.20  39.41  43.94
1259.0  37.00  33.20  39.71  43.94
1260.0  37.00  33.20  40.02  43.94
1261.0  37.00  33.20  40.32  43.94
1262.0  37.00  33.52  40.49  43.89
1263.0  37.00  33.52  40.66  43.81
1264.0  37.00  33.52  40.84  43.73
1265.0  37.00  33.52  41.00  43.64
1266.0  37.00  33.52  41.17  43.54
1267.0  37.00  33.52  41.34  43.44
1268.0  37.00  33.84  41.37  43.30
1269.0  37.00  33.84  41.40  43.12
1270.0  37.00  33.84  41.42  42.93
1271.0  37.00  33.84  41.45  42.73
1272.0  37.00  33.84  41.46  42.53
1273.0  37.00  34.16  41.35  42.28
1274.0  37.00  34.16  41.23  42.01
1275.0  37.00  34.16  41.10  41.72
1276.0  37.00  34.49  40.84  41.39
1277.0  37.00  34.49  40.70  41.11
1278.0  37.00  34.49  40.56  40.81
1279.0  37.00  34.49  40.41  40.51
1280.0  37.00  34.81  40.13  40.16
1281.0  37.00  34.81  39.84  39.78
1282.0  37.00  34.81  39.54  39.38
1283.0  37.00  34.81  39.37  39.07
1284.0  37.00  34.81  39.19  38.75
1285.0  37.00  35.13  38.88  38.39
1286.0  37.00  35.13  38.55  37.99
1287.0  37.00  35.13  38.23  37.60
1288.0  37.00  35.13  38.02  37.28
1289.0  37.00  35.45  37.68  36.92
1290.0  37.00  35.45  37.33  36.54
1291.0  37.00  35.45  37.11  36.23
1292.0  37.00  35.45  36.88  35.91
1293.0  37.00  35.45  36.65  35.60
1294.0  37.00  35.78  36.28  35.24
1295.0  37.00  35.78  36.03  34.94
1296.0  37.00  35.78  35.78  34.62
1297.0  37.00  36.10  35.39  34.25
1298.0  37.00  36.10  35.00  33.85
1299.0  37.00  36.10  34.60  33.45
1300.0  37.00  36.10  34.32  33.13
1301.0  37.00  36.42  33.91  32.75
1302.0  37.00  36.42  33.49  32.35
1303.0  37.00  36.42  33.07  31.94
1304.0  37.00  36.42  32.76  31.61
1305.0  37.00  36.42  32.46  31.28
1306.0  37.00  36.74  32.01  30.90
1307.0  37.00  36.74  31.56  30.50
1308.0  37.00  36.74  31.10  30.09
1309.0  37.00  37.06  30.64  29.71
1310.0  37.00  36.74  30.30  29.37
1311.0  37.00  37.06  29.82  28.99
1312.0  37.00  37.06  29.47  28.68
1313.0  37.00  37.06  29.11  28.37
1314.0  37.00  37.06  28.75  28.05
1315.0  37.00  37.06  28.38  27.74
1316.0  37.00  37.39  28.01  27.47
1317.0  37.00  37.39  27.63  27.17
1318.0  37.00  37.39  27.25  26.86
1319.0  37.00  37.39  26.86  26.55
1320.0  37.00  37.39  26.47  26.25
1321.0  37.00  37.71  26.07  25.98
1322.0  37.00  37.71  25.66  25.69
1323.0  37.00  37.71  25.25  25.39
1324.0  37.00  37.71  24.97  25.17
1325.0  37.00  37.71  24.55  24.87
1326.0  37.00  37.71  24.26  24.66
1327.0  37.00  37.71  23.97  24.44
1328.0  37.00  37.71  23.67  24.24
1329.0  37.00  37.71  23.36  24.03
1330.0  37.00  37.71  23.06  23.84
1331.0  37.00  38.03  22.75  23.68
1332.0  37.00  38.03  22.44  23.49
1333.0  37.00  37.71  22.25  23.36
1334.0  37.00  38.03  21.93  23.19
1335.0  37.00  38.03  21.61  23.02
1336.0  37.00  38.03  21.42  22.92
1337.0  37.00  38.03  21.22  22.82
1338.0  37.00  38.03  21.02  22.71
1339.0  37.00  38.03  20.82  22.61
1340.0  37.00  38.03  20.62  22.50
1341.0  37.00  38.03  20.42  22.40
1342.0  37.00  38.03  20.21  22.30
1343.0  37.00  38.03  20.01  22.20
1344.0  37.00  38.03  19.80  22.11
1345.0  37.00  38.03  19.59  22.02
1346.0  37.00  38.03  19.51  22.02
1347.0  37.00  38.03  19.43  22.01
1348.0  37.00  38.03  19.22  21.93
1349.0  37.00  38.35  19.00  21.88
1350.0  37.00  38.03  18.92  21.85
1351.0  37.00  38.35  18.71  21.78
1352.0  37.00  38.03  18.62  21.75
1353.0  37.00  38.03  18.53  21.73
1354.0  37.00  38.03  18.45  21.73
1355.0  37.00  38.03  18.36  21.73
1356.0  37.00  38.35  18.14  21.67
1357.0  37.00  38.35  17.93  21.58
1358.0  37.00  38.35  17.71  21.49
1359.0  37.00  38.35  17.48  21.39
1360.0  37.00  38.03  17.39  21.35
1361.0  37.00  38.03  17.30  21.34
1362.0  37.00  38.03  17.21  21.34
1363.0  37.00  38.03  17.11  21.35
1364.0  37.00  38.03  17.15  21.43
1365.0  37.00  38.03  17.06  21.44
1366.0  37.00  38.03  17.10  21.51
1367.0  37.00  38.03  17.01  21.52
1368.0  37.00  38.03  16.92  21.53
1369.0  37.00  38.03  16.83  21.55
1370.0  37.00  38.03  16.74  21.57
1371.0  37.00  38.03  16.78  21.67
1372.0  37.00  38.03  16.83  21.76
1373.0  37.00  38.03  16.87  21.85
1374.0  37.00  38.03  16.92  21.93
1375.0  37.00  38.03  16.83  21.93
1376.0  37.00  38.03  16.75  21.93
1377.0  37.00  38.03  16.67  21.93
1378.0  37.00  38.03  16.59  21.93
1379.0  37.00  38.03  16.50  21.93
1380.0  37.00  38.03  16.42  21.93
1381.0  37.00  37.71  16.47  21.98
1382.0  37.00  37.71  16.52  22.07
1383.0  37.00  38.03  16.44  22.11
1384.0  37.00  37.71  16.49  22.18
1385.0  37.00  37.71  16.55  22.27
1386.0  37.00  38.03  16.47  22.31
1387.0  37.00  37.71  16.53  22.38
1388.0  37.00  37.71  16.58  22.48
1389.0  37.00  37.71  16.64  22.58
1390.0  37.00  37.71  16.70  22.68
1391.0  37.00  37.71  16.76  22.78
1392.0  37.00  37.71  16.83  22.88
1393.0  37.00  37.71  16.89  22.98
1394.0  37.00  37.71  16.96  23.07
1395.0  37.00  37.71  17.03  23.16
1396.0  37.00  37.71  16.97  23.16
1397.0  37.00  37.71  16.91  23.18
1398.0  37.00  37.71  16.98  23.26
1399.0  37.00  37.71  16.92  23.27
1400.0  37.00  37.71  16.86  23.28
1401.0  37.00  37.39  17.06  23.41
1402.0  37.00  37.71  17.01  23.44
1403.0  37.00  37.71  16.95  23.46
1404.0  37.00  37.71  16.90  23.46
1405.0  37.00  37.39  16.97  23.52
1406.0  37.00  37.39  17.05  23.60
1407.0  37.00  37.39  17.13  23.70
1408.0  37.00  37.39  17.21  23.80
1409.0  37.00  37.39  17.29  23.90
1410.0  37.00  37.39  17.38  24.01
1411.0  37.00  37.39  17.46  24.11
1412.0  37.00  37.39  17.55  24.22
1413.0  37.00  37.39  17.64  24.32
1414.0  37.00  37.39  17.73  24.42
1415.0  37.00  37.39  17.82  24.52
1416.0  37.00  37.39  17.79  24.54
1417.0  37.00  37.39  17.88  24.64
1418.0  37.00  37.39  17.98  24.73
1419.0  37.00  37.39  18.08  24.81
1420.0  37.00  37.39  18.05  24.81
1421.0  37.00  37.39  18.02  24.81
1422.0  37.00  37.06  18.12  24.87
1423.0  37.00  37.06  18.22  24.95
1424.0  37.00  37.06  18.32  25.05
1425.0  37.00  37.06  18.42  25.15
1426.0  37.00  37.39  18.40  25.20
1427.0  37.00  37.06  18.51  25.27
1428.0  37.00  37.06  18.62  25.37
1429.0  37.00  37.06  18.73  25.47
1430.0  37.00  37.06  18.84  25.58
1431.0  37.00  37.06  18.95  25.69
1432.0  37.00  37.06  19.07  25.80
1433.0  37.00  37.06  19.18  25.90
1434.0  37.00  37.06  19.30  26.00
1435.0  37.00  37.06  19.42  26.09
1436.0  37.00  37.06  19.54  26.18
1437.0  37.00  37.06  19.54  26.18
1438.0  37.00  37.06  19.53  26.19
1439.0  37.00  37.06  19.52  26.20
1440.0  37.00  37.06  19.52  26.20
1441.0  37.00  37.06  19.64  26.29
1442.0  37.00  37.06  19.63  26.29
1443.0  37.00  37.06  19.63  26.29
1444.0  37.00  37.06  19.62  26.29
1445.0  37.00  37.06  19.62  26.29
1446.0  37.00  37.06  19.61  26.29
1447.0  37.00  37.06  19.61  26.29
1448.0  37.00  37.06  19.60  26.29
1449.0  37.00  37.06  19.60  26.29
1450.0  37.00  37.06  19.59  26.29
1451.0  37.00  37.06  19.59  26.29
1452.0  37.00  37.06  19.58  26.29
1453.0  37.00  36.74  19.71  26.34
1454.0  37.00  37.06  19.71  26.37
1455.0  37.00  37.06  19.70  26.38
1456.0  37.00  37.06  19.70  26.39
1457.0  37.00  37.06  19.69  26.39
1458.0  37.00  37.06  19.69  26.40
1459.0  37.00  36.74  19.82  26.45
1460.0  37.00  37.06  19.82  26.48
1461.0  37.00  37.06  19.82  26.50
1462.0  37.00  37.06  19.81  26.50
1463.0  37.00  36.74  19.94  26.56
1464.0  37.00  37.06  19.94  26.58
1465.0  37.00  36.74  20.07  26.65
1466.0  37.00  36.74  20.21  26.73
1467.0  37.00  36.74  20.34  26.82
1468.0  37.00  37.06  20.21  26.79
1469.0  37.00  37.06  20.22  26.81
1470.0  37.00  37.06  20.22  26.82
1471.0  37.00  36.74  20.35  26.88
1472.0  37.00  36.74  20.49  26.96
1473.0  37.00  37.06  20.50  27.00
1474.0  37.00  36.74  20.50  26.98
1475.0  37.00  37.06  20.51  27.01
1476.0  37.00  36.74  20.65  27.07
1477.0  37.00  37.06  20.66  27.09
1478.0  37.00  36.74  20.67  27.07
1479.0  37.00  37.06  20.67  27.09
1480.0  37.00  36.74  20.68  27.06
1481.0  37.00  36.74  20.69  27.05
1482.0  37.00  37.06  20.57  27.01
1483.0  37.00  37.06  20.58  27.02
1484.0  37.00  37.06  20.58  27.02
1485.0  37.00  36.74  20.72  27.06
1486.0  37.00  36.74  20.73  27.05
1487.0  37.00  36.74  20.74  27.05
1488.0  37.00  36.74  20.88  27.14
1489.0  37.00  36.74  20.89  27.15
1490.0  37.00  36.74  21.03  27.24
1491.0  37.00  36.74  21.04  27.25
1492.0  37.00  36.74  21.18  27.35
1493.0  37.00  37.06  21.07  27.31
1494.0  37.00  37.06  21.08  27.32
1495.0  37.00  36.74  21.09  27.30
1496.0  37.00  36.74  21.10  27.30
1497.0  37.00  36.74  21.25  27.39
1498.0  37.00  36.74  21.39  27.48
1499.0  37.00  37.06  21.41  27.51
1500.0  37.00  36.74  21.42  27.48
1501.0  37.00  36.74  21.44  27.46
1502.0  37.00  36.74  21.45  27.45
1503.0  37.00  36.74  21.47  27.45
1504.0  37.00  37.06  21.35  27.40
1505.0  37.00  37.06  21.23  27.32
1506.0  37.00  36.74  21.25  27.29
1507.0  37.00  37.06  21.13  27.23
1508.0  37.00  37.06  21.14  27.24
1509.0  37.00  37.06  21.15  27.23
1510.0  37.00  37.06  21.03  27.12
1511.0  37.00  37.06  20.91  27.02
1512.0  37.00  36.74  20.91  26.97
1513.0  37.00  37.06  20.79  26.90
1514.0  37.00  37.06  20.79  26.89
1515.0  37.00  37.06  20.67  26.79
1516.0  37.00  37.06  20.54  26.68
1517.0  37.00  37.06  20.41  26.59
1518.0  37.00  37.06  20.28  26.50
1519.0  37.00  37.06  20.28  26.49
1520.0  37.00  37.06  20.28  26.49
1521.0  37.00  37.06  20.15  26.40
1522.0  37.00  37.06  20.14  26.40
1523.0  37.00  37.06  20.14  26.40
1524.0  37.00  37.06  20.14  26.39
1525.0  37.00  37.06  20.13  26.38
1526.0  37.00  37.06  20.13  26.38
1527.0  37.00  37.06  20.00  26.29
1528.0  37.00  37.06  19.99  26.29
1529.0  37.00  37.06  19.99  26.29
1530.0  37.00  37.06  19.98  26.29
1531.0  37.00  37.06  19.97  26.29
1532.0  37.00  37.06  19.97  26.29
1533.0  37.00  37.06  19.96  26.29
1534.0  37.00  37.06  19.96  26.29
1535.0  37.00  37.06  19.95  26.29
1536.0  37.00  37.06  19.95  26.29
1537.0  37.00  37.06  19.94  26.29
1538.0  37.00  37.06  19.94  26.29
1539.0  37.00  36.74  20.06  26.34
1540.0  37.00  37.06  20.06  26.37
1541.0  37.00  37.06  20.06  26.38
1542.0  37.00  37.06  20.05  26.39
1543.0  37.00  37.06  20.05  26.39
1544.0  37.00  37.06  20.05  26.40
1545.0  37.00  37.06  20.04  26.40
1546.0  37.00  37.06  20.04  26.40
1547.0  37.00  37.06  20.04  26.40
1548.0  37.00  37.06  20.03  26.40
1549.0  37.00  37.06  20.03  26.40
1550.0  37.00  37.06  20.03  26.40
1551.0  37.00  37.06  20.02  26.39
1552.0  37.00  37.06  20.02  26.38
1553.0  37.00  37.06  20.02  26.38
1554.0  37.00  37.06  19.88  26.29
1555.0  37.00  37.06  19.88  26.29
1556.0  37.00  36.74  20.00  26.34
1557.0  37.00  37.06  20.00  26.37
1558.0  37.00  37.06  20.00  26.38
1559.0  37.00  37.06  19.99  26.39
1560.0  37.00  37.06  19.99  26.39
1561.0  37.00  37.06  19.99  26.40
1562.0  37.00  36.74  20.11  26.45
1563.0  37.00  37.06  20.11  26.48
1564.0  60.00  37.06  29.43  37.55
1565.0  60.00  37.06  38.88  51.84
1566.0  60.00  37.06  48.44  65.28
1567.0  60.00  37.06  58.13  76.32
1568.0  60.00  37.06  67.94  84.66
1569.0  60.00  37.06  77.88  90.68
1570.0  60.00  37.06  87.93  95.00
1571.0  60.00  37.06  97.98  98.17
1572.0  60.00  37.06 100.00 100.00
1573.0  60.00  37.06 100.00 100.00
1574.0  60.00  37.39 100.00 100.00
1575.0  60.00  37.39 100.00 100.00
1576.0  60.00  37.39 100.00 100.00
1577.0  60.00  37.71 100.00 100.00
1578.0  60.00  37.71 100.00 100.00
1579.0  60.00  38.03 100.00 100.00
1580.0  60.00  38.03 100.00 100.00
1581.0  60.00  38.35 100.00 100.00
1582.0  60.00  38.35 100.00 100.00
1583.0  60.00  38.68 100.00 100.00
1584.0  60.00  38.68 100.00 100.00
1585.0  60.00  39.00 100.00 100.00
1586.0  60.00  39.32 100.00 100.00
1587.0  60.00  39.32 100.00 100.00
1588.0  60.00  39.64 100.00 100.00
1589.0  60.00  39.64 100.00 100.00
1590.0  60.00  39.97 100.00 100.00
1591.0  60.00  40.29 100.00 100.00
1592.0  60.00  40.29 100.00 100.00
1593.0  60.00  40.61 100.00 100.00
1594.0  60.00  40.93 100.00 100.00
1595.0  60.00  40.93 100.00 100.00
1596.0  60.00  41.58 100.00 100.00
1597.0  60.00  41.58 100.00 100.00
1598.0  60.00  41.90 100.00 100.00
1599.0  60.00  42.22 100.00 100.00
1600.0  60.00  42.22 100.00 100.00
1601.0  60.00  42.54 100.00 100.00
1602.0  60.00  42.87 100.00 100.00
1603.0  60.00  43.19 100.00 100.00
1604.0  60.00  43.19 100.00 100.00
1605.0  60.00  43.51 100.00 100.00
1606.0  60.00  43.83 100.00 100.00
1607.0  60.00  44.16 100.00 100.00
1608.0  60.00  44.48 100.00 100.00
1609.0  60.00  44.80 100.00 100.00
1610.0  60.00  44.80 100.00 100.00
1611.0  60.00  45.12 100.00 100.00
1612.0  60.00  45.44 100.00 100.00
1613.0  60.00  45.44 100.00 100.00
1614.0  60.00  45.77 100.00 100.00
1615.0  60.00  46.09 100.00 100.00
1616.0  60.00  46.41 100.00 100.00
1617.0  60.00  46.41 100.00 100.00
1618.0  60.00  46.73 100.00 100.00
1619.0  60.00  47.06 100.00 100.00
1620.0  60.00  47.38 100.00 100.00
1621.0  60.00  47.70 100.00 100.00
1622.0  60.00  47.70 100.00  99.88
1623.0  60.00  48.34 100.00  99.48
1624.0  60.00  48.34 100.00  99.09
1625.0  60.00  48.67 100.00  98.66
1626.0  60.00  48.99 100.00  98.22
1627.0  60.00  48.99 100.00  97.78
1628.0  60.00  49.31 100.00  97.31
1629.0  60.00  49.63  98.51  96.82
1630.0  60.00  49.96  97.91  96.32
1631.0  60.00  49.96  97.43  95.82
1632.0  60.00  50.28  96.79  95.29
1633.0  60.00  50.60  96.13  94.75
1634.0  60.00  50.60  95.59  94.23
1635.0  60.00  50.92  95.02  93.71
1636.0  60.00  51.25  94.44  93.18
1637.0  60.00  51.57  93.71  92.60
1638.0  60.00  51.57  93.21  92.08
1639.0  60.00  51.89  92.57  91.52
1640.0  60.00  52.21  91.91  90.95
1641.0  60.00  52.21  91.37  90.40
1642.0  60.00  52.53  90.67  89.82
1643.0  60.00  52.86  89.96  89.23
1644.0  60.00  52.86  89.35  88.67
1645.0  60.00  53.18  88.74  88.10
1646.0  60.00  53.18  88.10  87.53
1647.0  60.00  53.50  87.44  86.97
1648.0  60.00  53.82  86.77  86.40
1649.0  60.00  53.82  86.08  85.81
1650.0  60.00  54.15  85.38  85.24
1651.0  60.00  54.47  84.66  84.65
1652.0  60.00  54.47  84.05  84.10
1653.0  60.00  54.47  83.42  83.55
1654.0  60.00  54.79  82.78  83.01
1655.0  60.00  55.11  82.12  82.47
1656.0  60.00  55.44  81.32  81.87
1657.0  60.00  55.44  80.63  81.30
1658.0  60.00  55.44  80.06  80.78
1659.0  60.00  55.76  79.34  80.22
1660.0  60.00  56.08  78.61  79.66
1661.0  60.00  56.08  77.86  79.09
1662.0  60.00  56.08  77.23  78.56
1663.0  60.00  56.40  76.58  78.05
1664.0  60.00  56.40  75.92  77.53
1665.0  60.00  56.72  75.24  77.03
1666.0  60.00  56.72  74.69  76.55
1667.0  60.00  56.72  74.12  76.08
1668.0  60.00  57.05  73.40  75.58
1669.0  60.00  57.05  72.81  75.12
1670.0  60.00  57.37  72.20  74.67
1671.0  60.00  57.37  71.71  74.25
1672.0  60.00  57.37  71.21  73.84
1673.0  60.00  57.69  70.57  73.39
1674.0  60.00  57.69  70.05  72.98
1675.0  60.00  58.01  69.52  72.57
1676.0  60.00  58.01  68.97  72.15
1677.0  60.00  58.01  68.42  71.73
1678.0  60.00  58.01  67.99  71.37
1679.0  60.00  58.34  67.42  70.97
1680.0  60.00  58.34  66.97  70.61
1681.0  60.00  58.34  66.51  70.24
1682.0  60.00  58.66  65.91  69.84
1683.0  60.00  58.66  65.43  69.48
1684.0  60.00  58.66  64.94  69.12
1685.0  60.00  58.66  64.58  68.82
1686.0  60.00  58.66  64.20  68.52
1687.0  60.00  58.98  63.69  68.19
1688.0  60.00  58.98  63.31  67.89
1689.0  60.00  58.98  62.91  67.60
1690.0  60.00  59.30  62.51  67.32
1691.0  60.00  59.30  62.10  67.01
1692.0  60.00  59.30  61.69  66.70
1693.0  60.00  59.30  61.26  66.40
1694.0  60.00  59.30  60.97  66.16
1695.0  60.00  59.30  60.66  65.93
1696.0  60.00  59.30  60.35  65.70
1697.0  60.00  59.63  60.04  65.49
1698.0  60.00  59.63  59.72  65.26
1699.0  60.00  59.63  59.40  65.02
1700.0  60.00  59.63  59.07  64.78
1701.0  60.00  59.63  58.73  64.55
1702.0  60.00  59.63  58.52  64.39
1703.0  60.00  59.63  58.31  64.23
1704.0  60.00  59.63  58.10  64.08
1705.0  60.00  59.63  58.01  63.99
1706.0  60.00  59.95  57.79  63.86
1707.0  60.00  59.95  57.56  63.70
1708.0  60.00  59.95  57.33  63.54
1709.0  60.00  59.95  57.10  63.37
1710.0  60.00  59.95  56.87  63.21
1711.0  60.00  59.95  56.63  63.05
1712.0  60.00  59.95  56.52  62.96
1713.0  60.00  59.95  56.41  62.87
1714.0  60.00  59.95  56.29  62.78
1715.0  60.00  59.95  56.18  62.70
1716.0  60.00  59.95  56.06  62.61
1717.0  60.00  59.95  55.94  62.52
1718.0  60.00  59.95  55.82  62.44
1719.0  60.00  59.95  55.69  62.37
1720.0  60.00  60.27  55.44  62.25
1721.0  60.00  59.95  55.44  62.23
1722.0  60.00  59.95  55.44  62.22
1723.0  60.00  59.95  55.45  62.21
1724.0  60.00  59.95  55.45  62.21
1725.0  60.00  60.27  55.32  62.16
1726.0  60.00  59.95  55.32  62.14
1727.0  60.00  59.95  55.32  62.12
1728.0  60.00  59.95  55.32  62.12
1729.0  60.00  59.95  55.32  62.12
1730.0  60.00  59.95  55.32  62.12
1731.0  60.00  59.95  55.32  62.12
1732.0  60.00  59.95  55.32  62.13
1733.0  60.00  59.95  55.33  62.13
1734.0  60.00  59.95  55.33  62.14
1735.0  60.00  59.95  55.46  62.21
1736.0  60.00  59.95  55.46  62.22
1737.0  60.00  59.95  55.46  62.22
1738.0  60.00  59.95  55.46  62.23
1739.0  60.00  59.95  55.47  62.23
1740.0  60.00  59.95  55.60  62.30
1741.0  60.00  59.95  55.60  62.30
1742.0  60.00  59.95  55.61  62.30
1743.0  60.00  59.95  55.61  62.30
1744.0  60.00  59.95  55.62  62.30
1745.0  60.00  59.95  55.62  62.30
1746.0  60.00  59.95  55.63  62.30
1747.0  60.00  59.95  55.63  62.30
1748.0  60.00  59.95  55.63  62.30
1749.0  60.00  59.95  55.64  62.30
1750.0  60.00  59.95  55.64  62.30
1751.0  60.00  59.95  55.65  62.30
1752.0  60.00  59.95  55.65  62.30
1753.0  60.00  59.95  55.65  62.30
1754.0  60.00  59.95  55.66  62.30
1755.0  60.00  59.95  55.66  62.30
1756.0  60.00  59.95  55.67  62.30
1757.0  60.00  59.95  55.67  62.30
1758.0  60.00  59.95  55.68  62.30
1759.0  60.00  59.95  55.68  62.30
1760.0  60.00  59.95  55.68  62.30
1761.0  60.00  59.95  55.69  62.30
1762.0  60.00  59.95  55.69  62.30
1763.0  60.00  59.95  55.70  62.30
1764.0  60.00  59.95  55.70  62.30
1765.0  60.00  59.95  55.70  62.30
1766.0  60.00  59.63  55.84  62.35
1767.0  60.00  59.95  55.85  62.37
1768.0  60.00  59.63  55.98  62.43
1769.0  60.00  59.63  56.12  62.51
1770.0  60.00  59.63  56.26  62.60
1771.0  60.00  59.63  56.40  62.69
1772.0  60.00  59.63  56.55  62.78
1773.0  60.00  59.63  56.69  62.87
1774.0  60.00  59.63  56.84  62.96
1775.0  60.00  59.63  56.99  63.05
1776.0  60.00  59.63  57.14  63.14
1777.0  60.00  59.63  57.29  63.22
1778.0  60.00  59.63  57.44  63.30
1779.0  60.00  59.63  57.60  63.38
1780.0  60.00  59.63  57.75  63.45
1781.0  60.00  59.63  57.78  63.46
1782.0  60.00  59.63  57.94  63.52
1783.0  60.00  59.63  57.97  63.52
1784.0  60.00  59.63  58.00  63.52
1785.0  60.00  59.63  58.03  63.52
1786.0  60.00  59.63  58.06  63.52
1787.0  60.00  59.63  58.09  63.52
1788.0  60.00  59.63  58.12  63.52
1789.0  60.00  59.63  58.15  63.52
1790.0  60.00  59.63  58.18  63.52
1791.0  60.00  59.63  58.21  63.52
1792.0  60.00  59.63  58.24  63.52
1793.0  60.00  59.63  58.27  63.52
1794.0  60.00  59.63  58.30  63.52
1795.0  60.00  59.63  58.33  63.52
1796.0  60.00  59.63  58.36  63.52
1797.0  60.00  59.63  58.39  63.52
1798.0  60.00  59.63  58.42  63.52
1799.0  60.00  59.63  58.45  63.52
1800.0  60.00  59.63  58.48  63.52
