tm     Tsp    T1     Q1    
   0.0  20.95  20.95   0.00   2.05
   5.0  20.95  20.95   0.00   2.05
   6.0  20.95  20.95   0.00   2.05
   7.0  20.95  20.95   0.00   2.05
   8.0  20.95  20.95   0.00   2.05
   9.0  20.95  20.63   0.13   2.10
  10.0  20.95  20.95   0.13   2.12
  11.0  20.95  20.63   0.26   2.18
  12.0  20.95  20.95   0.27   2.19
  13.0  20.95  20.95   0.27   2.18
  14.0  20.95  20.63   0.41   2.22
  15.0  20.95  20.95   0.41   2.22
  16.0  20.95  20.95   0.42   2.21
  17.0  20.95  20.95   0.42   2.19
  18.0  20.95  20.95   0.43   2.17
  19.0  20.95  20.63   0.56   2.20
  20.0  20.95  20.95   0.57   2.21
  21.0  20.95  20.95   0.58   2.21
  22.0  20.95  20.63   0.71   2.24
  23.0  20.95  20.63   0.85   2.30
  24.0  20.95  20.95   0.73   2.29
  25.0  20.95  20.95   0.74   2.28
  26.0  20.95  20.95   0.62   2.23
  27.0  20.95  20.95   0.63   2.20
  28.0  20.95  20.95   0.63   2.18
  29.0  20.95  20.95   0.51   2.15
  30.0  63.00  20.95  17.56  23.30
  31.0  63.00  20.95  34.83  50.03
  32.0  63.00  20.95  52.33  73.63
  33.0  63.00  20.95  70.05  90.35
  34.0  63.00  20.95  87.87 100.00
  35.0  63.00  20.95 100.00 100.00
  36.0  63.00  20.95 100.00 100.00
  37.0  63.00  20.95 100.00 100.00
  38.0  63.00  20.95 100.00 100.00
  39.0  63.00  21.27 100.00 100.00
  40.0  63.00  21.27 100.00 100.00
  41.0  63.00  21.59 100.00 100.00
  42.0  63.00  21.59 100.00 100.00
  43.0  63.00  21.92 100.00 100.00
  44.0  63.00  21.92 100.00 100.00
  45.0  63.00  22.24 100.00 100.00
  46.0  63.00  22.56 100.00 100.00
  47.0  63.00  22.56 100.00 100.00
  48.0  63.00  22.88 100.00 100.00
  49.0  63.00  23.21 100.00 100.00
  50.0  63.00  23.21 100.00 100.00
  51.0  63.00  23.53 100.00 100.00
  52.0  63.00  23.85 100.00 100.00
  53.0  63.00  24.17 100.00 100.00
  54.0  63.00  24.49 100.00 100.00
  55.0  63.00  24.82 100.00 100.00
  56.0  63.00  24.82 100.00 100.00
  57.0  63.00  25.46 100.00 100.00
  58.0  63.00  25.46 100.00 100.00
  59.0  63.00  25.78 100.00 100.00
  60.0  63.00  26.11 100.00 100.00
  61.0  63.00  26.43 100.00 100.00
  62.0  63.00  26.75 100.00 100.00
  63.0  63.00  27.07 100.00 100.00
  64.0  63.00  27.40 100.00 100.00
  65.0  63.00  27.72 100.00 100.00
  66.0  63.00  28.04 100.00 100.00
  67.0  63.00  28.36 100.00 100.00
  68.0  63.00  28.68 100.00 100.00
  69.0  63.00  29.01 100.00 100.00
  70.0  63.00  29.33 100.00 100.00
  71.0  63.00  29.65 100.00 100.00
  72.0  63.00  29.97 100.00 100.00
  73.0  63.00  30.30 100.00 100.00
  74.0  63.00  30.62 100.00 100.00
  75.0  63.00  30.94 100.00 100.00
  76.0  63.00  30.94 100.00 100.00
  77.0  63.00  31.59 100.00 100.00
  78.0  63.00  31.59 100.00 100.00
  79.0  63.00  31.91 100.00 100.00
  80.0  63.00  32.55 100.00 100.00
  81.0  63.00  32.55 100.00 100.00
  82.0  63.00  33.20 100.00 100.00
  83.0  63.00  33.20 100.00 100.00
  84.0  63.00  33.52 100.00 100.00
  85.0  63.00  33.84 100.00 100.00
  86.0  63.00  34.49 100.00 100.00
  87.0  63.00  34.49 100.00 100.00
  88.0  63.00  34.81 100.00 100.00
  89.0  63.00  35.13 100.00 100.00
  90.0  63.00  35.45 100.00 100.00
  91.0  63.00  35.78 100.00 100.00
  92.0  63.00  36.10 100.00 100.00
  93.0  63.00  36.42 100.00 100.00
  94.0  63.00  36.74 100.00 100.00
  95.0  63.00  37.06 100.00 100.00
  96.0  63.00  37.39 100.00 100.00
  97.0  63.00  37.71 100.00 100.00
  98.0  63.00  38.03 100.00 100.00
  99.0  63.00  38.03 100.00 100.00
 100.0  63.00  38.68 100.00 100.00
 101.0  63.00  39.00 100.00 100.00
 102.0  63.00  39.00 100.00 100.00
 103.0  63.00  39.32 100.00 100.00
 104.0  63.00  39.64 100.00 100.00
 105.0  63.00  39.97 100.00 100.00
 106.0  63.00  40.29 100.00 100.00
 107.0  63.00  40.61 100.00 100.00
 108.0  63.00  40.93 100.00 100.00
 109.0  63.00  40.93 100.00 100.00
 110.0  63.00  41.25 100.00 100.00
 111.0  63.00  41.58 100.00 100.00
 112.0  63.00  41.90 100.00 100.00
 113.0  63.00  42.22 100.00 100.00
 114.0  63.00  42.54 100.00 100.00
 115.0  63.00  42.54 100.00 100.00
 116.0  63.00  42.87 100.00 100.00
 117.0  63.00  43.19 100.00 100.00
 118.0  63.00  43.51 100.00 100.00
 119.0  63.00  43.83 100.00 100.00
 120.0  63.00  44.16 100.00 100.00
 121.0  63.00  44.48 100.00 100.00
 122.0  63.00  44.48 100.00 100.00
 123.0  63.00  44.80 100.00 100.00
 124.0  63.00  45.12 100.00 100.00
 125.0  63.00  45.12 100.00 100.00
 126.0  63.00  45.44 100.00 100.00
 127.0  63.00  45.77 100.00 100.00
 128.0  63.00  46.09 100.00 100.00
 129.0  63.00  46.41 100.00 100.00
 130.0  63.00  46.41 100.00 100.00
 131.0  63.00  46.73 100.00 100.00
 132.0  63.00  47.06 100.00 100.00
 133.0  63.00  47.38 100.00 100.00
 134.0  63.00  47.70 100.00 100.00
 135.0  63.00  47.70 100.00 100.00
 136.0  63.00  48.02 100.00 100.00
 137.0  63.00  48.34 100.00 100.00
 138.0  63.00  48.34 100.00 100.00
 139.0  63.00  48.67 100.00 100.00
 140.0  63.00  48.99  99.14 100.00
 141.0  63.00  48.99  98.97 100.00
 142.0  63.00  49.31  98.77 100.00
 143.0  63.00  49.63  98.55 100.00
 144.0  63.00  49.63  98.45 100.00
 145.0  63.00  49.96  98.19 100.00
 146.0  63.00  50.28  97.92 100.00
 147.0  63.00  50.28  97.76 100.00
 148.0  63.00  50.60  97.59 100.00
 149.0  63.00  50.92  97.39 100.00
 150.0  63.00  50.92  97.18 100.00
 151.0  63.00  51.25  96.95 100.00
 152.0  63.00  51.57  96.71 100.00
 153.0  63.00  51.89  96.31 100.00
 154.0  63.00  51.89  96.03 100.00
 155.0  63.00  52.21  95.73 100.00
 156.0  63.00  52.21  95.42 100.00
 157.0  63.00  52.53  95.08  99.87
 158.0  63.00  52.86  94.73  99.45
 159.0  63.00  52.86  94.36  99.01
 160.0  63.00  53.18  93.98  98.56
 161.0  63.00  53.18  93.71  98.14
 162.0  63.00  53.50  93.29  97.69
 163.0  63.00  53.50  92.99  97.25
 164.0  63.00  53.82  92.67  96.82
 165.0  63.00  53.82  92.33  96.38
 166.0  63.00  54.15  91.98  95.94
 167.0  63.00  54.47  91.61  95.50
 168.0  63.00  54.47  91.36  95.08
 169.0  63.00  54.79  90.97  94.62
 170.0  63.00  54.79  90.69  94.19
 171.0  63.00  54.79  90.39  93.76
 172.0  63.00  55.11  90.09  93.34
 173.0  63.00  55.44  89.77  92.91
 174.0  63.00  55.44  89.43  92.47
 175.0  63.00  55.44  89.21  92.06
 176.0  63.00  55.76  88.85  91.62
 177.0  63.00  56.08  88.48  91.18
 178.0  63.00  56.08  88.09  90.72
 179.0  63.00  56.08  87.82  90.31
 180.0  63.00  56.40  87.40  89.86
 181.0  63.00  56.40  87.11  89.45
 182.0  63.00  56.72  86.80  89.04
 183.0  63.00  57.05  86.34  88.59
 184.0  63.00  57.05  86.01  88.15
 185.0  63.00  57.05  85.66  87.72
 186.0  63.00  57.05  85.30  87.29
 187.0  63.00  57.37  84.93  86.88
 188.0  63.00  57.37  84.68  86.50
 189.0  63.00  57.69  84.29  86.09
 190.0  63.00  57.69  83.88  85.66
 191.0  63.00  57.69  83.59  85.28
 192.0  63.00  58.01  83.30  84.91
 193.0  63.00  58.01  82.99  84.53
 194.0  63.00  58.01  82.67  84.16
 195.0  63.00  58.34  82.34  83.79
 196.0  63.00  58.34  82.00  83.42
 197.0  63.00  58.66  81.65  83.06
 198.0  63.00  58.66  81.43  82.73
 199.0  63.00  58.66  81.19  82.39
 200.0  63.00  58.66  80.94  82.06
 201.0  63.00  58.98  80.56  81.69
 202.0  63.00  58.98  80.29  81.37
 203.0  63.00  58.98  80.02  81.04
 204.0  63.00  59.30  79.74  80.72
 205.0  63.00  59.30  79.45  80.40
 206.0  63.00  59.63  79.02  80.02
 207.0  63.00  59.30  78.84  79.73
 208.0  63.00  59.63  78.52  79.41
 209.0  63.00  59.63  78.20  79.09
 210.0  63.00  59.63  78.00  78.81
 211.0  63.00  59.95  77.66  78.50
 212.0  63.00  59.95  77.44  78.23
 213.0  63.00  59.95  77.21  77.95
 214.0  63.00  59.95  76.98  77.67
 215.0  63.00  59.95  76.74  77.41
 216.0  63.00  60.27  76.50  77.16
 217.0  63.00  60.27  76.24  76.89
 218.0  63.00  60.27  75.98  76.63
 219.0  63.00  60.27  75.85  76.41
 220.0  63.00  60.27  75.71  76.21
 221.0  63.00  60.59  75.56  76.01
 222.0  63.00  60.59  75.28  75.75
 223.0  63.00  60.59  75.12  75.54
 224.0  63.00  60.59  74.96  75.33
 225.0  63.00  60.59  74.79  75.13
 226.0  63.00  60.59  74.75  74.98
 227.0  63.00  60.91  74.57  74.79
 228.0  63.00  60.91  74.39  74.58
 229.0  63.00  60.91  74.20  74.37
 230.0  63.00  60.91  74.01  74.17
 231.0  63.00  60.91  73.94  74.02
 232.0  63.00  61.24  73.74  73.82
 233.0  63.00  61.24  73.53  73.61
 234.0  63.00  61.24  73.32  73.40
 235.0  63.00  61.24  73.11  73.19
 236.0  63.00  61.24  73.01  73.04
 237.0  63.00  61.24  72.92  72.88
 238.0  63.00  61.24  72.82  72.74
 239.0  63.00  61.24  72.72  72.59
 240.0  63.00  61.56  72.49  72.41
 241.0  63.00  61.24  72.38  72.26
 242.0  63.00  61.56  72.26  72.13
 243.0  63.00  61.56  72.15  71.99
 244.0  63.00  61.56  72.03  71.84
 245.0  63.00  61.56  71.90  71.70
 246.0  63.00  61.56  71.77  71.57
 247.0  63.00  61.56  71.77  71.49
 248.0  63.00  61.88  71.64  71.36
 249.0  63.00  61.56  71.64  71.26
 250.0  63.00  61.56  71.63  71.18
 251.0  63.00  61.88  71.49  71.05
 252.0  63.00  61.88  71.35  70.91
 253.0  63.00  61.88  71.20  70.77
 254.0  63.00  61.88  71.05  70.63
 255.0  63.00  61.88  71.03  70.54
 256.0  63.00  61.88  70.88  70.40
 257.0  63.00  61.88  70.85  70.32
 258.0  63.00  61.88  70.82  70.24
 259.0  63.00  61.88  70.79  70.17
 260.0  63.00  61.88  70.76  70.09
 261.0  63.00  61.88  70.72  70.02
 262.0  63.00  61.88  70.69  69.96
 263.0  63.00  61.88  70.78  69.94
 264.0  63.00  61.88  70.74  69.88
 265.0  63.00  61.88  70.70  69.82
 266.0  63.00  62.20  70.66  69.78
 267.0  63.00  62.20  70.62  69.71
 268.0  63.00  62.20  70.57  69.63
 269.0  63.00  61.88  70.66  69.59
 270.0  63.00  62.20  70.61  69.53
 271.0  63.00  62.20  70.56  69.45
 272.0  63.00  62.20  70.51  69.38
 273.0  63.00  62.20  70.46  69.29
 274.0  63.00  62.20  70.41  69.21
 275.0  63.00  62.20  70.35  69.13
 276.0  63.00  62.20  70.30  69.06
 277.0  63.00  62.20  70.24  68.98
 278.0  63.00  62.20  70.18  68.91
 279.0  63.00  62.20  70.12  68.84
 280.0  63.00  62.20  70.05  68.78
 281.0  63.00  62.20  70.12  68.78
 282.0  63.00  62.20  70.18  68.77
 283.0  63.00  62.20  70.25  68.76
 284.0  63.00  62.20  70.18  68.70
 285.0  63.00  62.20  70.25  68.70
 286.0  63.00  62.20  70.31  68.70
 287.0  63.00  62.20  70.38  68.70
 288.0  63.00  62.20  70.44  68.70
 289.0  63.00  62.20  70.50  68.70
 290.0  63.00  62.20  70.57  68.70
 291.0  63.00  62.20  70.63  68.70
 292.0  63.00  62.20  70.69  68.70
 293.0  63.00  62.20  70.76  68.70
 294.0  63.00  62.20  70.82  68.70
 295.0  63.00  62.20  70.89  68.70
 296.0  63.00  62.53  70.82  68.66
 297.0  63.00  62.53  70.75  68.59
 298.0  63.00  62.20  70.81  68.55
 299.0  63.00  62.20  70.87  68.54
 300.0  63.00  62.20  70.93  68.53
 301.0  63.00  62.20  70.99  68.53
 302.0  63.00  62.53  70.92  68.49
 303.0  63.00  62.53  70.85  68.42
 304.0  63.00  62.20  70.90  68.39
 305.0  63.00  62.53  70.83  68.33
 306.0  63.00  62.20  70.89  68.31
 307.0  63.00  62.53  70.81  68.25
 308.0  63.00  62.53  70.73  68.19
 309.0  63.00  62.53  70.65  68.12
 310.0  63.00  62.53  70.57  68.05
 311.0  63.00  62.53  70.62  68.03
 312.0  63.00  62.53  70.67  68.01
 313.0  63.00  62.53  70.59  67.93
 314.0  63.00  62.53  70.50  67.85
 315.0  63.00  62.53  70.42  67.78
 316.0  63.00  62.53  70.33  67.72
 317.0  63.00  62.53  70.37  67.71
 318.0  63.00  62.53  70.41  67.70
 319.0  63.00  62.53  70.32  67.63
 320.0  63.00  62.53  70.36  67.63
 321.0  63.00  62.53  70.27  67.57
 322.0  63.00  62.53  70.31  67.57
 323.0  63.00  62.53  70.35  67.57
 324.0  63.00  62.53  70.39  67.57
 325.0  63.00  62.53  70.42  67.57
 326.0  63.00  62.53  70.46  67.57
 327.0  63.00  62.53  70.50  67.57
 328.0  63.00  62.53  70.54  67.57
 329.0  63.00  62.53  70.58  67.57
 330.0  63.00  62.53  70.61  67.57
 331.0  63.00  62.53  70.65  67.57
 332.0  63.00  62.53  70.69  67.57
 333.0  63.00  62.53  70.73  67.57
 334.0  63.00  62.53  70.76  67.57
 335.0  63.00  62.53  70.80  67.57
 336.0  63.00  62.53  70.84  67.57
 337.0  63.00  62.53  70.88  67.57
 338.0  63.00  62.53  70.92  67.57
 339.0  63.00  62.53  70.95  67.57
 340.0  63.00  62.53  70.99  67.57
 341.0  63.00  62.53  71.03  67.57
 342.0  63.00  62.53  71.07  67.57
 343.0  63.00  62.53  71.11  67.57
 344.0  63.00  62.53  71.14  67.57
 345.0  63.00  62.53  71.18  67.57
 346.0  63.00  62.53  71.22  67.57
 347.0  63.00  62.53  71.26  67.57
 348.0  63.00  62.53  71.30  67.57
 349.0  63.00  62.53  71.33  67.57
 350.0  63.00  62.53  71.37  67.57
 351.0  63.00  62.53  71.41  67.57
 352.0  63.00  62.53  71.45  67.57
 353.0  63.00  62.53  71.48  67.57
 354.0  63.00  62.53  71.52  67.57
 355.0  63.00  62.85  71.43  67.52
 356.0  63.00  62.53  71.47  67.49
 357.0  63.00  62.85  71.37  67.44
 358.0  63.00  62.85  71.28  67.36
 359.0  63.00  62.53  71.31  67.33
 360.0  63.00  62.53  71.34  67.31
 361.0  63.00  62.53  71.37  67.31
 362.0  63.00  62.53  71.41  67.31
 363.0  63.00  62.85  71.31  67.26
 364.0  63.00  62.85  71.21  67.20
 365.0  63.00  62.85  71.11  67.12
 366.0  63.00  62.85  71.00  67.04
 367.0  63.00  62.85  70.90  66.96
 368.0  63.00  62.85  70.79  66.88
 369.0  63.00  62.85  70.69  66.81
 370.0  63.00  62.85  70.71  66.79
 371.0  63.00  62.85  70.60  66.72
 372.0  63.00  62.85  70.62  66.71
 373.0  63.00  62.85  70.63  66.69
 374.0  63.00  62.85  70.52  66.61
 375.0  63.00  62.85  70.41  66.53
 376.0  63.00  62.85  70.29  66.47
 377.0  63.00  62.85  70.18  66.40
 378.0  63.00  62.85  70.19  66.40
 379.0  63.00  62.85  70.20  66.40
 380.0  63.00  62.85  70.21  66.40
 381.0  63.00  62.85  70.23  66.40
 382.0  63.00  62.85  70.24  66.40
 383.0  63.00  62.85  70.25  66.40
 384.0  63.00  62.85  70.26  66.40
 385.0  63.00  62.85  70.27  66.40
 386.0  63.00  62.85  70.29  66.40
 387.0  63.00  62.85  70.30  66.40
 388.0  63.00  62.85  70.31  66.40
 389.0  63.00  62.85  70.32  66.40
 390.0  63.00  62.85  70.33  66.40
 391.0  63.00  62.85  70.35  66.40
 392.0  63.00  62.85  70.36  66.40
 393.0  63.00  62.85  70.37  66.40
 394.0  63.00  62.85  70.38  66.40
 395.0  63.00  62.85  70.40  66.40
 396.0  63.00  62.85  70.41  66.40
 397.0  63.00  62.85  70.42  66.40
 398.0  63.00  62.85  70.43  66.40
 399.0  63.00  62.85  70.44  66.40
 400.0  63.00  62.85  70.46  66.40
 401.0  63.00  62.85  70.47  66.40
 402.0  63.00  62.85  70.48  66.40
 403.0  63.00  62.85  70.49  66.40
 404.0  63.00  62.85  70.50  66.40
 405.0  63.00  62.85  70.52  66.40
 406.0  63.00  62.85  70.53  66.40
 407.0  63.00  62.85  70.54  66.40
 408.0  63.00  62.85  70.55  66.40
 409.0  63.00  62.85  70.56  66.40
 410.0  63.00  62.85  70.58  66.40
 411.0  63.00  62.85  70.59  66.40
 412.0  63.00  62.85  70.60  66.40
 413.0  63.00  62.85  70.61  66.40
 414.0  63.00  62.85  70.63  66.40
 415.0  63.00  62.85  70.64  66.40
 416.0  63.00  62.85  70.65  66.40
 417.0  63.00  62.85  70.66  66.40
 418.0  63.00  62.85  70.67  66.40
 419.0  63.00  62.85  70.69  66.40
 420.0  63.00  62.85  70.70  66.40
 421.0  63.00  62.85  70.71  66.40
 422.0  63.00  62.85  70.72  66.40
 423.0  63.00  62.85  70.73  66.40
 424.0  63.00  62.85  70.75  66.40
 425.0  63.00  62.85  70.76  66.40
 426.0  63.00  62.85  70.77  66.40
 427.0  63.00  62.85  70.78  66.40
 428.0  63.00  62.85  70.80  66.40
 429.0  63.00  62.85  70.81  66.40
 430.0  63.00  62.85  70.82  66.40
 431.0  63.00  62.85  70.83  66.40
 432.0  63.00  62.85  70.84  66.40
 433.0  63.00  62.85  70.86  66.40
 434.0  63.00  62.85  70.87  66.40
 435.0  63.00  62.85  70.88  66.40
 436.0  63.00  62.85  70.89  66.40
 437.0  63.00  62.85  70.90  66.40
 438.0  63.00  62.85  70.92  66.40
 439.0  63.00  62.85  70.93  66.40
 440.0  63.00  62.85  70.94  66.40
 441.0  63.00  62.85  70.95  66.40
 442.0  63.00  62.85  70.96  66.40
 443.0  63.00  62.85  70.98  66.40
 444.0  63.00  62.85  70.99  66.40
 445.0  63.00  62.85  71.00  66.40
 446.0  63.00  62.85  71.01  66.40
 447.0  63.00  62.85  71.03  66.40
 448.0  63.00  62.85  71.04  66.40
 449.0  63.00  62.85  71.05  66.40
 450.0  63.00  62.85  71.06  66.40
 451.0  63.00  62.85  71.07  66.40
 452.0  63.00  62.85  71.09  66.40
 453.0  63.00  62.85  71.10  66.40
 454.0  63.00  62.85  71.11  66.40
 455.0  63.00  62.85  71.12  66.40
 456.0  63.00  62.85  71.13  66.40
 457.0  63.00  62.85  71.15  66.40
 458.0  63.00  62.85  71.16  66.40
 459.0  63.00  62.85  71.17  66.40
 460.0  63.00  62.85  71.18  66.40
 461.0  63.00  62.85  71.20  66.40
 462.0  63.00  63.17  71.08  66.36
 463.0  63.00  62.85  71.09  66.33
 464.0  63.00  63.17  70.97  66.27
 465.0  63.00  62.85  70.98  66.24
 466.0  63.00  62.85  70.98  66.23
 467.0  63.00  62.85  70.99  66.23
 468.0  63.00  62.85  71.00  66.23
 469.0  63.00  62.85  71.01  66.23
 470.0  63.00  63.17  70.89  66.18
 471.0  63.00  62.85  70.90  66.16
 472.0  63.00  62.85  70.90  66.15
 473.0  63.00  62.85  70.91  66.15
 474.0  63.00  62.85  70.92  66.16
 475.0  63.00  62.85  70.92  66.17
 476.0  63.00  62.85  70.93  66.18
 477.0  63.00  63.17  70.94  66.20
 478.0  63.00  63.17  70.81  66.14
 479.0  63.00  63.17  70.82  66.12
 480.0  63.00  63.17  70.69  66.03
 481.0  63.00  63.17  70.57  65.95
 482.0  63.00  62.85  70.57  65.91
 483.0  63.00  63.17  70.44  65.85
 484.0  63.00  62.85  70.44  65.83
 485.0  63.00  63.17  70.44  65.84
 486.0  63.00  63.17  70.31  65.77
 487.0  63.00  62.85  70.31  65.73
 488.0  63.00  63.17  70.17  65.68
 489.0  63.00  63.17  70.04  65.61
 490.0  63.00  63.17  69.91  65.54
 491.0  63.00  63.17  69.77  65.48
 492.0  63.00  63.17  69.76  65.48
 493.0  63.00  63.17  69.75  65.47
 494.0  63.00  62.85  69.87  65.51
 495.0  63.00  62.85  70.00  65.58
 496.0  63.00  62.85  70.12  65.65
 497.0  63.00  63.17  69.99  65.62
 498.0  63.00  63.17  69.98  65.62
 499.0  63.00  62.85  69.98  65.61
 500.0  63.00  63.17  69.97  65.63
 501.0  63.00  63.17  69.97  65.63
 502.0  63.00  62.85  69.96  65.61
 503.0  63.00  63.17  69.96  65.64
 504.0  63.00  63.17  69.95  65.64
 505.0  63.00  62.85  70.08  65.69
 506.0  63.00  63.17  70.07  65.71
 507.0  63.00  63.17  70.07  65.70
 508.0  63.00  63.17  70.07  65.69
 509.0  63.00  63.17  69.93  65.61
 510.0  63.00  63.17  69.80  65.54
 511.0  63.00  63.17  69.66  65.47
 512.0  63.00  62.85  69.78  65.51
 513.0  63.00  63.17  69.78  65.52
 514.0  63.00  62.85  69.77  65.51
 515.0  63.00  63.17  69.76  65.53
 516.0  63.00  63.17  69.76  65.53
 517.0  63.00  63.17  69.62  65.47
 518.0  63.00  63.17  69.61  65.47
 519.0  63.00  63.17  69.60  65.46
 520.0  63.00  62.85  69.59  65.44
 521.0  63.00  62.85  69.72  65.51
 522.0  63.00  62.85  69.84  65.59
 523.0  63.00  63.17  69.83  65.63
 524.0  63.00  62.85  69.96  65.69
 525.0  63.00  63.17  69.96  65.71
 526.0  63.00  63.17  69.95  65.71
 527.0  63.00  62.85  69.95  65.69
 528.0  63.00  62.85  70.08  65.75
 529.0  63.00  62.85  70.08  65.77
 530.0  63.00  63.17  70.07  65.80
 531.0  63.00  63.17  70.07  65.81
 532.0  63.00  62.85  70.20  65.86
 533.0  63.00  63.17  70.20  65.87
 534.0  63.00  63.17  70.20  65.86
 535.0  63.00  62.85  70.20  65.83
 536.0  63.00  62.85  70.20  65.83
 537.0  63.00  62.85  70.20  65.84
 538.0  63.00  62.85  70.33  65.91
 539.0  63.00  62.85  70.33  65.93
 540.0  63.00  62.85  70.47  66.00
 541.0  63.00  62.85  70.60  66.07
 542.0  63.00  62.85  70.61  66.08
 543.0  63.00  62.85  70.61  66.09
 544.0  63.00  63.17  70.49  66.06
 545.0  63.00  63.17  70.49  66.07
 546.0  63.00  62.85  70.62  66.10
 547.0  63.00  62.85  70.63  66.10
 548.0  63.00  62.85  70.76  66.17
 549.0  63.00  62.85  70.90  66.23
 550.0  63.00  62.85  70.91  66.23
 551.0  63.00  63.17  70.79  66.18
 552.0  63.00  62.85  70.80  66.16
 553.0  63.00  62.85  70.80  66.15
 554.0  63.00  63.17  70.68  66.10
 555.0  63.00  62.85  70.68  66.08
 556.0  63.00  63.17  70.56  66.03
 557.0  63.00  62.85  70.56  66.01
 558.0  63.00  62.85  70.57  66.01
 559.0  63.00  62.85  70.70  66.08
 560.0  63.00  62.85  70.84  66.14
 561.0  63.00  63.17  70.71  66.10
 562.0  63.00  62.85  70.72  66.08
 563.0  63.00  63.17  70.59  66.03
 564.0  63.00  62.85  70.60  66.01
 565.0  63.00  62.85  70.60  66.01
 566.0  63.00  63.17  70.60  66.02
 567.0  63.00  62.85  70.61  66.01
 568.0  63.00  63.17  70.48  65.96
 569.0  63.00  63.17  70.48  65.95
 570.0  63.00  62.85  70.48  65.93
 571.0  63.00  63.17  70.48  65.93
 572.0  63.00  62.85  70.49  65.90
 573.0  63.00  62.85  70.49  65.90
 574.0  63.00  62.85  70.49  65.91
 575.0  63.00  62.85  70.49  65.92
 576.0  63.00  63.17  70.49  65.94
 577.0  63.00  62.85  70.50  65.93
 578.0  63.00  63.17  70.50  65.94
 579.0  63.00  62.85  70.50  65.93
 580.0  63.00  62.85  70.50  65.93
 581.0  63.00  63.17  70.50  65.95
 582.0  63.00  62.85  70.50  65.94
 583.0  63.00  62.85  70.64  66.01
 584.0  63.00  63.17  70.64  66.03
 585.0  63.00  63.17  70.51  65.96
 586.0  63.00  62.85  70.65  65.99
 587.0  63.00  62.85  70.65  65.98
 588.0  63.00  62.85  70.65  65.98
 589.0  63.00  63.17  70.53  65.94
 590.0  63.00  63.17  70.40  65.89
 591.0  63.00  63.17  70.40  65.88
 592.0  63.00  62.85  70.40  65.85
 593.0  63.00  63.17  70.40  65.85
 594.0  63.00  63.17  70.27  65.78
 595.0  63.00  63.17  70.13  65.71
 596.0  63.00  62.85  70.26  65.74
 597.0  63.00  63.17  70.13  65.69
 598.0  63.00  63.17  70.00  65.63
 599.0  63.00  63.17  69.99  65.62
 600.0  63.00  62.85  70.12  65.65
 601.0  63.00  63.17  69.98  65.60
 602.0  63.00  62.85  69.98  65.58
 603.0  63.00  62.85  69.97  65.59
 604.0  63.00  63.17  69.97  65.62
 605.0  63.00  63.17  69.96  65.63
 606.0  63.00  63.17  69.96  65.63
 607.0  63.00  63.17  69.82  65.56
 608.0  63.00  62.85  69.94  65.60
 609.0  63.00  63.17  69.94  65.62
 610.0  63.00  63.17  69.93  65.62
 611.0  63.00  62.85  69.93  65.61
 612.0  63.00  62.85  70.06  65.67
 613.0  63.00  62.85  70.18  65.74
 614.0  63.00  63.17  70.18  65.77
 615.0  63.00  63.17  70.05  65.71
 616.0  63.00  63.17  70.05  65.70
 617.0  63.00  62.85  70.04  65.68
 618.0  63.00  62.85  70.04  65.68
 619.0  63.00  62.85  70.17  65.76
 620.0  63.00  63.17  70.16  65.80
 621.0  63.00  62.85  70.29  65.85
 622.0  63.00  62.85  70.42  65.92
 623.0  59.00  63.17  68.67  64.23
 624.0  59.00  63.17  67.03  62.13
 625.0  59.00  62.85  65.50  60.10
 626.0  59.00  63.17  63.68  58.22
 627.0  59.00  62.85  61.98  56.63
 628.0  59.00  63.17  60.12  55.18
 629.0  59.00  62.85  58.50  53.93
 630.0  59.00  63.17  56.73  52.63
 631.0  59.00  63.17  54.94  51.26
 632.0  59.00  62.85  53.12  49.75
 633.0  59.00  62.85  51.29  48.18
 634.0  59.00  62.85  49.43  46.55
 635.0  59.00  62.85  47.69  45.02
 636.0  59.00  62.85  45.79  43.47
 637.0  59.00  62.85  43.87  42.11
 638.0  59.00  62.85  43.68  42.23
 639.0  59.00  62.85  43.50  42.34
 640.0  59.00  62.85  43.18  42.35
 641.0  59.00  62.85  43.00  42.47
 642.0  59.00  62.53  42.82  42.54
 643.0  59.00  62.53  42.77  42.75
 644.0  59.00  62.53  42.59  42.86
 645.0  59.00  62.53  42.54  43.09
 646.0  59.00  62.53  42.50  43.32
 647.0  59.00  62.20  42.46  43.49
 648.0  59.00  62.20  42.43  43.70
 649.0  59.00  62.20  42.40  43.93
 650.0  59.00  62.20  42.37  44.17
 651.0  59.00  62.20  42.35  44.41
 652.0  59.00  62.20  42.33  44.67
 653.0  59.00  61.88  42.44  44.97
 654.0  59.00  61.88  42.56  45.30
 655.0  59.00  61.88  42.68  45.65
 656.0  59.00  61.88  42.81  45.99
 657.0  59.00  61.56  42.94  46.28
 658.0  59.00  61.56  43.08  46.61
 659.0  59.00  61.56  43.23  46.95
 660.0  59.00  61.24  43.51  47.35
 661.0  59.00  61.24  43.79  47.77
 662.0  59.00  61.24  43.96  48.11
 663.0  59.00  61.24  44.12  48.46
 664.0  59.00  60.91  44.43  48.86
 665.0  59.00  60.91  44.74  49.30
 666.0  59.00  60.91  45.06  49.74
 667.0  59.00  60.91  45.38  50.18
 668.0  59.00  60.59  45.71  50.58
 669.0  59.00  60.59  46.05  51.00
 670.0  59.00  60.59  46.40  51.44
 671.0  59.00  60.59  46.75  51.86
 672.0  59.00  60.27  47.11  52.24
 673.0  59.00  60.27  47.47  52.65
 674.0  59.00  60.27  47.85  53.06
 675.0  59.00  60.27  48.10  53.38
 676.0  59.00  59.95  48.48  53.75
 677.0  59.00  59.95  48.87  54.15
 678.0  59.00  59.95  49.27  54.54
 679.0  59.00  59.63  49.68  54.91
 680.0  59.00  59.95  49.96  55.25
 681.0  59.00  59.63  50.38  55.62
 682.0  59.00  59.63  50.80  55.99
 683.0  59.00  59.63  51.10  56.29
 684.0  59.00  59.63  51.41  56.60
 685.0  59.00  59.30  51.85  56.94
 686.0  59.00  59.30  52.30  57.30
 687.0  59.00  59.30  52.62  57.59
 688.0  59.00  58.98  53.08  57.93
 689.0  59.00  58.98  53.55  58.29
 690.0  59.00  58.98  54.02  58.65
 691.0  59.00  58.98  54.37  58.93
 692.0  59.00  58.98  54.73  59.21
 693.0  59.00  58.98  55.09  59.49
 694.0  59.00  58.98  55.33  59.69
 695.0  59.00  58.66  55.83  60.00
 696.0  59.00  58.66  56.20  60.26
 697.0  59.00  58.66  56.58  60.53
 698.0  59.00  58.66  56.97  60.79
 699.0  59.00  58.66  57.36  61.05
 700.0  59.00  58.66  57.63  61.22
 701.0  59.00  58.34  58.03  61.44
 702.0  59.00  58.34  58.43  61.68
 703.0  59.00  58.34  58.71  61.85
 704.0  59.00  58.34  59.00  62.03
 705.0  59.00  58.34  59.28  62.21
 706.0  59.00  58.34  59.57  62.39
 707.0  59.00  58.34  59.87  62.56
 708.0  59.00  58.34  60.17  62.72
 709.0  59.00  58.34  60.47  62.88
 710.0  59.00  58.01  60.77  63.01
 714.0  59.00  58.01  61.08  63.17
 715.0  59.00  58.01  61.39  63.34
 716.0  59.00  58.01  61.70  63.50
 717.0  59.00  58.01  62.02  63.67
 718.0  59.00  58.01  62.34  63.82
 719.0  59.00  58.01  62.54  63.91
 720.0  59.00  58.01  62.73  63.99
 721.0  59.00  58.01  62.93  64.08
 722.0  59.00  57.69  63.26  64.21
 723.0  59.00  57.69  63.59  64.37
 724.0  59.00  57.69  63.93  64.53
 725.0  59.00  57.69  64.27  64.69
 726.0  59.00  57.69  64.61  64.85
 727.0  59.00  57.69  64.96  65.00
 728.0  59.00  57.69  65.18  65.08
 729.0  59.00  57.69  65.40  65.17
 730.0  59.00  57.69  65.63  65.25
 731.0  59.00  57.69  65.85  65.33
 732.0  59.00  57.69  66.08  65.42
 733.0  59.00  57.69  66.31  65.49
 735.0  59.00  57.69  66.54  65.57
 736.0  59.00  57.69  66.77  65.63
 737.0  59.00  57.69  67.00  65.69
 738.0  59.00  57.69  67.11  65.69
 739.0  59.00  57.69  67.21  65.69
 740.0  59.00  57.69  67.31  65.69
 741.0  59.00  57.69  67.42  65.69
 742.0  59.00  57.69  67.52  65.69
 743.0  59.00  57.69  67.63  65.69
 744.0  59.00  58.01  67.60  65.65
 745.0  59.00  57.69  67.71  65.62
 746.0  59.00  57.69  67.81  65.61
 747.0  59.00  58.01  67.78  65.56
 748.0  59.00  57.69  67.88  65.54
 749.0  59.00  58.01  67.85  65.48
 750.0  59.00  58.01  67.82  65.41
 751.0  59.00  57.69  67.92  65.37
 752.0  59.00  58.01  67.89  65.31
 753.0  59.00  57.69  67.98  65.28
 754.0  59.00  58.01  67.95  65.23
 755.0  59.00  58.01  67.91  65.16
 756.0  59.00  58.01  67.87  65.08
 757.0  59.00  58.01  67.83  65.01
 758.0  59.00  58.01  67.79  64.93
 759.0  59.00  58.01  67.88  64.92
 760.0  59.00  58.01  67.84  64.84
 761.0  59.00  58.01  67.79  64.77
 762.0  59.00  58.01  67.88  64.76
 763.0  59.00  58.01  67.83  64.69
 764.0  59.00  58.01  67.91  64.68
 765.0  59.00  58.01  67.99  64.67
 766.0  59.00  58.01  67.95  64.60
 767.0  59.00  58.34  67.90  64.55
 768.0  59.00  58.34  67.71  64.42
 769.0  59.00  58.34  67.66  64.33
 770.0  59.00  58.34  67.60  64.25
 771.0  59.00  58.34  67.54  64.16
 772.0  59.00  58.34  67.48  64.07
 773.0  59.00  58.34  67.42  63.98
 774.0  59.00  58.34  67.36  63.90
 775.0  59.00  58.34  67.29  63.81
 776.0  59.00  58.34  67.22  63.73
 777.0  59.00  58.34  67.15  63.64
 778.0  59.00  58.34  67.08  63.56
 779.0  59.00  58.34  67.01  63.49
 780.0  59.00  58.34  66.94  63.41
 781.0  59.00  58.34  66.86  63.35
 782.0  59.00  58.66  66.78  63.30
 783.0  59.00  58.34  66.84  63.28
 784.0  59.00  58.66  66.76  63.22
 785.0  59.00  58.66  66.68  63.14
 786.0  59.00  58.66  66.59  63.06
 787.0  59.00  58.66  66.51  62.97
 788.0  59.00  58.66  66.42  62.88
 789.0  59.00  58.66  66.33  62.79
 790.0  59.00  58.66  66.24  62.70
 791.0  59.00  58.66  66.15  62.61
 792.0  59.00  58.66  66.06  62.53
 793.0  59.00  58.66  65.97  62.44
 794.0  59.00  58.66  65.87  62.36
 795.0  59.00  58.66  65.77  62.28
 796.0  59.00  58.66  65.67  62.21
 797.0  59.00  58.66  65.70  62.20
 798.0  59.00  58.66  65.60  62.13
 799.0  59.00  58.66  65.63  62.13
 800.0  59.00  58.66  65.65  62.13
 801.0  59.00  58.66  65.68  62.13
 802.0  59.00  58.66  65.71  62.13
 803.0  59.00  58.66  65.74  62.13
 804.0  59.00  58.66  65.76  62.13
 805.0  59.00  58.98  65.66  62.09
 806.0  59.00  58.66  65.68  62.06
 807.0  59.00  58.98  65.58  62.00
 808.0  59.00  58.98  65.47  61.92
 809.0  59.00  58.98  65.36  61.84
 810.0  59.00  58.98  65.25  61.75
 811.0  59.00  58.98  65.14  61.66
 812.0  59.00  58.98  65.03  61.57
 813.0  59.00  58.98  64.91  61.47
 814.0  59.00  58.98  64.80  61.38
 815.0  59.00  58.98  64.68  61.29
 816.0  59.00  58.98  64.56  61.21
 817.0  59.00  58.98  64.43  61.12
 818.0  59.00  58.98  64.31  61.04
 819.0  59.00  58.98  64.18  60.96
 820.0  59.00  58.98  64.19  60.96
 821.0  59.00  58.98  64.06  60.89
 822.0  59.00  58.98  64.06  60.89
 823.0  59.00  58.98  64.06  60.89
 824.0  59.00  58.98  64.07  60.89
 825.0  59.00  58.98  64.07  60.89
 826.0  59.00  58.98  64.07  60.89
 827.0  59.00  58.98  64.07  60.89
 828.0  59.00  58.98  64.07  60.89
 829.0  59.00  58.98  64.07  60.89
 830.0  59.00  58.98  64.07  60.89
 831.0  59.00  58.98  64.08  60.89
 832.0  59.00  58.98  64.08  60.89
 833.0  59.00  58.98  64.08  60.89
 834.0  59.00  58.98  64.08  60.89
 835.0  59.00  59.30  63.95  60.84
 836.0  59.00  58.98  63.95  60.81
 837.0  59.00  58.98  63.95  60.80
 838.0  59.00  58.98  63.95  60.79
 839.0  59.00  58.98  63.95  60.79
 840.0  59.00  58.98  63.95  60.79
 841.0  59.00  58.98  63.95  60.79
 842.0  59.00  58.98  63.95  60.79
 843.0  59.00  58.98  63.95  60.79
 844.0  59.00  58.98  63.95  60.79
 845.0  59.00  58.98  63.95  60.79
 846.0  59.00  59.30  63.82  60.75
 847.0  59.00  59.30  63.69  60.68
 848.0  59.00  58.98  63.68  60.65
 849.0  59.00  58.98  63.68  60.64
 850.0  59.00  58.98  63.81  60.70
 851.0  59.00  58.98  63.80  60.70
 852.0  59.00  58.98  63.80  60.70
 853.0  59.00  59.30  63.67  60.65
 854.0  59.00  58.98  63.67  60.63
 855.0  59.00  58.98  63.66  60.61
 856.0  59.00  59.30  63.53  60.56
 857.0  59.00  59.30  63.39  60.49
 858.0  59.00  58.98  63.39  60.46
 859.0  59.00  58.98  63.38  60.45
 860.0  59.00  59.30  63.24  60.41
 861.0  59.00  58.98  63.36  60.46
 862.0  59.00  59.30  63.36  60.47
 863.0  59.00  58.98  63.35  60.44
 864.0  59.00  58.98  63.34  60.43
 865.0  59.00  58.98  63.33  60.43
 866.0  59.00  59.30  63.20  60.39
 867.0  59.00  58.98  63.19  60.37
 868.0  59.00  58.98  63.31  60.44
 869.0  59.00  58.98  63.30  60.45
 870.0  59.00  58.98  63.30  60.46
 871.0  59.00  59.30  63.29  60.49
 872.0  59.00  59.30  63.28  60.49
 873.0  59.00  58.98  63.27  60.47
 874.0  59.00  58.98  63.27  60.46
 875.0  59.00  58.98  63.39  60.53
 876.0  59.00  58.98  63.39  60.54
 877.0  33.00  58.98  52.97  50.02
 878.0  33.00  59.30  42.16  35.80
 879.0  33.00  58.98  31.34  21.52
 880.0  33.00  59.30  20.25   9.41
 881.0  33.00  58.98   9.28   0.94
 882.0  33.00  58.98   0.00   0.00
 883.0  33.00  58.98   0.00   0.00
 884.0  33.00  58.98   0.00   0.00
 885.0  33.00  58.98   0.00   0.00
 886.0  33.00  58.98   0.00   0.17
 887.0  33.00  58.98   0.00   0.60
 888.0  33.00  58.66   0.00   0.34
 889.0  33.00  58.66   0.00   0.00
 890.0  33.00  58.34   0.00   0.00
 891.0  33.00  58.34   0.00   0.00
 892.0  33.00  58.34   0.00   0.00
 893.0  33.00  58.01   0.00   0.00
 894.0  33.00  58.01   0.00   0.00
 895.0  33.00  57.69   0.00   0.00
 896.0  33.00  57.69   0.00   0.00
 897.0  33.00  57.37   0.00   0.00
 898.0  33.00  57.37   0.00   0.00
 899.0  33.00  57.05   0.00   0.00
 900.0  33.00  57.05   0.00   0.00
 901.0  33.00  56.72   0.00   0.00
 902.0  33.00  56.72   0.00   0.00
 903.0  33.00  56.40   0.00   0.00
 904.0  33.00  56.40   0.00   0.00
 905.0  33.00  56.08   0.00   0.00
 906.0  33.00  55.76   0.00   0.00
 907.0  33.00  55.76   0.00   0.00
 908.0  33.00  55.44   0.00   0.00
 909.0  33.00  55.11   0.00   0.00
 910.0  33.00  55.11   0.00   0.00
 911.0  33.00  55.11   0.00   0.00
 912.0  33.00  54.79   0.00   0.00
 913.0  33.00  54.47   0.00   0.00
 914.0  33.00  54.47   0.00   0.00
 915.0  33.00  54.15   0.00   0.00
 916.0  33.00  53.82   0.00   0.00
 917.0  33.00  53.82   0.00   0.00
 918.0  33.00  53.50   0.00   0.00
 919.0  33.00  53.50   0.00   0.00
 920.0  33.00  53.18   0.00   0.00
 921.0  33.00  52.86   0.00   0.00
 922.0  33.00  52.86   0.00   0.00
 923.0  33.00  52.53   0.00   0.00
 924.0  33.00  52.21   0.00   0.00
 925.0  33.00  52.21   0.00   0.00
 926.0  33.00  51.89   0.00   0.00
 927.0  33.00  51.57   0.00   0.00
 928.0  33.00  51.57   0.00   0.00
 929.0  33.00  51.25   0.00   0.00
 930.0  33.00  51.25   0.00   0.00
 931.0  33.00  50.92   0.00   0.00
 932.0  33.00  50.92   0.00   0.00
 933.0  33.00  50.60   0.00   0.00
 934.0  33.00  50.28   0.00   0.00
 935.0  33.00  50.28   0.00   0.00
 936.0  33.00  49.96   0.00   0.00
 937.0  33.00  49.63   0.00   0.00
 938.0  33.00  49.31   0.00   0.00
 939.0  33.00  49.31   0.00   0.00
 940.0  33.00  49.31   0.00   0.00
 941.0  33.00  48.99   0.00   0.00
 942.0  33.00  48.67   0.00   0.00
 943.0  33.00  48.67   0.00   0.00
 944.0  33.00  48.34   0.00   0.00
 945.0  33.00  48.34   0.00   0.00
 946.0  33.00  48.02   0.00   0.00
 947.0  33.00  48.02   0.00   0.00
 948.0  33.00  47.70   0.00   0.00
 949.0  33.00  47.38   0.00   0.00
 950.0  33.00  47.06   0.00   0.00
 951.0  33.00  47.06   0.00   0.00
 952.0  33.00  47.06   0.00   0.00
 953.0  33.00  46.73   0.00   0.00
 954.0  33.00  46.41   0.00   0.00
 955.0  33.00  46.41   0.00   0.00
 956.0  33.00  46.41   0.00   0.00
 957.0  33.00  46.09   0.00   0.00
 958.0  33.00  45.77   0.00   0.00
 959.0  33.00  45.44   0.00   0.00
 960.0  33.00  45.44   0.00   0.00
 961.0  33.00  45.44   0.00   0.00
 962.0  33.00  45.12   0.00   0.00
 963.0  33.00  45.12   0.00   0.00
 964.0  33.00  44.80   0.00   0.00
 965.0  33.00  44.48   0.00   0.00
 966.0  33.00  44.48   0.00   0.00
 967.0  33.00  44.16   0.00   0.00
 968.0  33.00  44.16   0.00   0.00
 969.0  33.00  44.16   0.00   0.00
 970.0  33.00  43.83   0.00   0.00
 971.0  33.00  43.83   0.00   0.00
 972.0  33.00  43.51   0.00   0.00
 973.0  33.00  43.19   0.00   0.00
 974.0  33.00  43.19   0.00   0.00
 975.0  33.00  42.87   0.00   0.00
 976.0  33.00  42.87   0.00   0.00
 977.0  33.00  42.87   0.00   0.00
 978.0  33.00  42.54   0.00   0.00
 979.0  33.00  42.22   0.00   0.04
 980.0  33.00  42.22   0.00   0.08
 981.0  33.00  41.90   0.00   0.13
 982.0  33.00  41.90   0.78   0.18
 983.0  33.00  41.58   1.02   0.23
 984.0  33.00  41.58   1.28   0.27
 985.0  33.00  41.58   1.42   0.28
 986.0  33.00  41.25   1.71   0.30
 987.0  33.00  41.25   1.87   0.32
 988.0  33.00  40.93   2.05   0.38
 989.0  33.00  40.93   2.24   0.43
 990.0  33.00  40.93   2.31   0.46
 991.0  33.00  40.61   2.53   0.52
 992.0  33.00  40.61   2.75   0.58
 993.0  33.00  40.29   2.99   0.67
 994.0  33.00  40.29   3.11   0.76
 995.0  33.00  39.97   3.37   0.87
 996.0  33.00  39.97   3.51   0.98
 997.0  33.00  39.64   3.79   1.12
 998.0  33.00  39.64   3.95   1.24
 999.0  33.00  39.64   4.12   1.33
1000.0  33.00  39.32   4.44   1.45
1001.0  33.00  39.32   4.63   1.56
1002.0  33.00  39.32   4.84   1.65
1003.0  33.00  39.00   5.06   1.77
1004.0  33.00  39.00   5.28   1.89
1005.0  33.00  39.00   5.52   2.00
1006.0  33.00  38.68   5.77   2.14
1007.0  33.00  38.68   6.02   2.29
1008.0  33.00  38.68   6.16   2.41
1009.0  33.00  38.35   6.44   2.57
1010.0  33.00  38.35   6.59   2.73
1011.0  33.00  38.03   6.89   2.92
1012.0  33.00  38.03   7.06   3.11
1013.0  33.00  38.03   7.25   3.28
1014.0  33.00  37.71   7.57   3.47
1015.0  33.00  37.71   7.77   3.66
1016.0  33.00  37.71   7.99   3.84
1017.0  33.00  37.71   8.20   3.99
1018.0  33.00  37.39   8.43   4.17
1019.0  33.00  37.39   8.67   4.36
1020.0  33.00  37.06   9.05   4.60
1021.0  33.00  37.06   9.30   4.82
1022.0  33.00  37.06   9.57   5.04
1023.0  33.00  37.06   9.84   5.24
1024.0  33.00  37.06   9.99   5.40
1025.0  33.00  36.74  10.28   5.60
1026.0  33.00  36.74  10.45   5.79
1027.0  33.00  36.74  10.62   5.98
1028.0  33.00  36.42  10.93   6.22
1029.0  33.00  36.42  11.12   6.43
1030.0  33.00  36.42  11.31   6.65
1031.0  33.00  36.10  11.65   6.90
1032.0  33.00  36.10  11.99   7.17
1033.0  33.00  36.10  12.21   7.39
1034.0  33.00  36.10  12.44   7.61
1035.0  33.00  36.10  12.54   7.78
1036.0  33.00  36.10  12.65   7.94
1037.0  33.00  35.78  12.89   8.14
1038.0  33.00  35.78  13.14   8.37
1039.0  33.00  35.78  13.40   8.60
1040.0  33.00  35.78  13.53   8.78
1041.0  33.00  35.45  13.80   9.01
1042.0  33.00  35.45  14.08   9.25
1043.0  33.00  35.45  14.23   9.45
1044.0  33.00  35.45  14.39   9.65
1045.0  33.00  35.45  14.55   9.83
1046.0  33.00  35.13  14.72  10.02
1047.0  33.00  35.13  14.89  10.23
1048.0  33.00  35.13  15.07  10.44
1049.0  33.00  35.13  15.26  10.64
1050.0  33.00  35.13  15.44  10.84
1051.0  33.00  35.13  15.64  11.03
1052.0  33.00  35.13  15.71  11.16
1053.0  33.00  34.81  15.91  11.35
1054.0  33.00  34.81  16.12  11.55
1055.0  33.00  34.81  16.33  11.76
1056.0  33.00  34.81  16.42  11.92
1057.0  33.00  34.81  16.51  12.07
1058.0  33.00  34.81  16.60  12.21
1059.0  33.00  34.81  16.70  12.35
1060.0  33.00  34.49  16.93  12.53
1061.0  33.00  34.49  17.04  12.69
1062.0  33.00  34.49  17.15  12.85
1063.0  33.00  34.49  17.26  13.01
1064.0  33.00  34.49  17.38  13.17
1065.0  33.00  34.49  17.50  13.32
1066.0  33.00  34.49  17.62  13.46
1067.0  33.00  34.49  17.75  13.60
1068.0  33.00  34.49  17.75  13.68
1069.0  33.00  34.49  17.75  13.76
1070.0  33.00  34.49  17.75  13.83
1071.0  33.00  34.16  17.89  13.96
1072.0  33.00  34.16  18.03  14.11
1073.0  33.00  34.16  18.17  14.27
1074.0  33.00  34.16  18.31  14.42
1075.0  33.00  34.16  18.33  14.51
1076.0  33.00  34.16  18.35  14.60
1077.0  33.00  34.16  18.38  14.68
1078.0  33.00  34.16  18.40  14.77
1079.0  33.00  33.84  18.56  14.90
1080.0  33.00  34.16  18.58  15.01
1081.0  33.00  33.84  18.75  15.16
1082.0  33.00  33.84  18.91  15.32
1083.0  33.00  33.84  19.08  15.48
1084.0  33.00  33.84  19.25  15.64
1085.0  33.00  33.84  19.43  15.80
1086.0  33.00  33.84  19.47  15.89
1087.0  33.00  33.84  19.52  15.97
1088.0  33.00  33.84  19.57  16.06
1089.0  33.00  33.84  19.63  16.15
1090.0  33.00  33.84  19.68  16.23
1091.0  33.00  33.84  19.74  16.31
1092.0  33.00  33.84  19.80  16.39
1093.0  33.00  33.84  19.86  16.46
1094.0  33.00  33.84  19.79  16.47
1095.0  33.00  33.84  19.85  16.53
1096.0  33.00  33.52  19.91  16.59
1097.0  33.00  33.84  19.85  16.61
1098.0  33.00  33.84  19.78  16.62
1099.0  33.00  33.52  19.85  16.68
1100.0  33.00  33.52  19.91  16.76
1101.0  33.00  33.52  19.98  16.85
1102.0  33.00  33.52  20.05  16.94
1103.0  33.00  33.52  20.12  17.04
1104.0  33.00  33.52  20.20  17.13
1105.0  33.00  33.52  20.27  17.22
1106.0  33.00  33.52  20.35  17.31
1107.0  33.00  33.52  20.43  17.40
1108.0  33.00  33.52  20.51  17.48
1109.0  33.00  33.52  20.59  17.57
1110.0  33.00  33.52  20.68  17.65
1111.0  33.00  33.52  20.63  17.66
1112.0  33.00  33.52  20.72  17.73
1113.0  33.00  33.52  20.80  17.80
1114.0  33.00  33.52  20.76  17.80
1115.0  33.00  33.52  20.72  17.80
1116.0  33.00  33.52  20.68  17.80
1117.0  33.00  33.52  20.64  17.80
1118.0  33.00  33.52  20.60  17.80
1119.0  33.00  33.52  20.55  17.80
1120.0  33.00  33.52  20.51  17.80
1121.0  33.00  33.52  20.47  17.80
1122.0  33.00  33.52  20.43  17.80
1123.0  33.00  33.52  20.39  17.80
1124.0  33.00  33.52  20.35  17.80
1125.0  33.00  33.52  20.30  17.80
1126.0  33.00  33.52  20.26  17.80
1127.0  33.00  33.52  20.22  17.80
1128.0  33.00  33.52  20.18  17.80
1129.0  33.00  33.52  20.14  17.80
1130.0  33.00  33.52  20.10  17.80
1131.0  33.00  33.52  20.06  17.80
1132.0  33.00  33.52  20.01  17.80
1133.0  33.00  33.52  19.97  17.80
1134.0  33.00  33.52  19.93  17.80
1135.0  33.00  33.52  19.89  17.80
1136.0  33.00  33.52  19.85  17.80
1137.0  33.00  33.52  19.81  17.80
1138.0  33.00  33.20  19.90  17.86
1139.0  33.00  33.52  19.86  17.88
1140.0  33.00  33.20  19.95  17.95
1141.0  33.00  33.52  19.91  17.98
1142.0  33.00  33.20  20.00  18.04
1143.0  33.00  33.20  20.10  18.13
1144.0  33.00  33.52  20.06  18.17
1145.0  33.00  33.52  20.03  18.18
1146.0  33.00  33.52  19.99  18.18
1147.0  33.00  33.52  19.96  18.18
1148.0  33.00  33.52  19.92  18.18
1149.0  33.00  33.20  20.02  18.23
1150.0  33.00  33.52  19.99  18.25
1151.0  33.00  33.52  19.95  18.25
1152.0  33.00  33.52  19.92  18.24
1153.0  33.00  33.20  19.89  18.21
1154.0  33.00  33.20  19.98  18.27
1155.0  33.00  33.20  19.95  18.28
1156.0  33.00  33.20  20.05  18.37
1157.0  33.00  33.20  20.02  18.39
1158.0  33.00  33.20  19.99  18.41
1159.0  33.00  33.20  20.09  18.50
1160.0  33.00  33.20  20.20  18.59
1161.0  33.00  33.52  20.17  18.63
1162.0  33.00  33.52  20.14  18.64
1163.0  33.00  33.20  20.25  18.68
1164.0  33.00  33.20  20.23  18.69
1165.0  33.00  33.20  20.33  18.77
1166.0  33.00  33.20  20.44  18.85
1167.0  33.00  33.20  20.55  18.92
1168.0  33.00  33.20  20.53  18.92
1169.0  33.00  33.20  20.51  18.92
1170.0  33.00  33.20  20.49  18.92
1171.0  33.00  33.20  20.47  18.92
1172.0  33.00  33.20  20.45  18.93
1173.0  33.00  33.20  20.43  18.93
1174.0  33.00  33.20  20.41  18.95
1175.0  33.00  33.20  20.40  18.96
1176.0  33.00  33.20  20.51  19.04
1177.0  33.00  33.20  20.62  19.11
1178.0  33.00  33.20  20.60  19.11
1179.0  33.00  33.20  20.59  19.11
1180.0  33.00  33.20  20.57  19.11
1181.0  33.00  33.20  20.56  19.11
1182.0  33.00  33.20  20.54  19.11
1183.0  33.00  33.20  20.53  19.11
1184.0  33.00  33.20  20.51  19.11
1185.0  33.00  33.20  20.49  19.11
1186.0  33.00  33.20  20.48  19.11
1187.0  33.00  33.20  20.46  19.11
1188.0  33.00  33.20  20.45  19.11
1189.0  33.00  33.20  20.43  19.11
1190.0  33.00  33.20  20.42  19.11
1191.0  33.00  33.20  20.40  19.11
1192.0  33.00  33.20  20.38  19.11
1193.0  33.00  33.20  20.37  19.11
1194.0  33.00  33.20  20.35  19.11
1195.0  33.00  33.20  20.34  19.11
1196.0  33.00  33.20  20.32  19.11
1197.0  33.00  33.20  20.31  19.11
1198.0  33.00  33.20  20.29  19.11
1199.0  33.00  33.20  20.27  19.11
1200.0  33.00  33.20  20.26  19.11
tm     Tsp    T1     Q1    
   0.0  33.00  20.95  23.31  21.17
   5.0  33.00  20.95  25.13  24.29
   6.0  33.00  20.95  27.52  27.84
   7.0  33.00  20.95  30.49  31.56
   8.0  33.00  20.95  34.03  35.35
   9.0  33.00  20.95  38.13  39.15
  10.0  33.00  20.95  42.81  42.91
  11.0  33.00  20.95  48.06  46.55
  12.0  33.00  20.95  53.89  49.98
  13.0  33.00  20.95  60.28  53.10
  14.0  33.00  21.27  67.19  55.83
  15.0  33.00  21.27  74.67  58.18
  16.0  33.00  21.27  82.72  60.16
  17.0  33.00  21.27  91.31  61.82
  18.0  33.00  21.27 100.00  63.19
  19.0  33.00  21.59  99.56  63.10
  20.0  33.00  21.59 100.00  63.00
  21.0  33.00  21.92 100.00  62.86
  22.0  33.00  21.92 100.00  62.70
  23.0  33.00  22.24 100.00  62.50
  24.0  33.00  22.56 100.00  62.25
  25.0  33.00  22.56 100.00  61.98
  26.0  33.00  22.88 100.00  61.68
  27.0  33.00  22.88 100.00  61.37
  28.0  33.00  23.21 100.00  61.02
  29.0  33.00  23.53 100.00  60.66
  30.0  33.00  23.85 100.00  60.23
  31.0  33.00  24.17 100.00  59.75
  32.0  33.00  24.17 100.00  59.25
  33.0  33.00  24.49 100.00  58.70
  34.0  33.00  24.82 100.00  58.15
  35.0  33.00  25.14 100.00  57.53
  36.0  33.00  25.46 100.00  56.90
  37.0  33.00  25.78 100.00  56.19
  38.0  33.00  26.11 100.00  55.46
  39.0  33.00  26.11 100.00  54.76
  40.0  33.00  26.43 100.00  54.00
  41.0  33.00  26.75 100.00  53.22
  42.0  33.00  27.07 100.00  52.37
  43.0  33.00  27.40 100.00  51.49
  44.0  37.00  27.72 100.00  52.22
  45.0  37.00  28.04 100.00  53.42
  46.0  37.00  28.36 100.00  54.55
  47.0  37.00  28.68 100.00  55.36
  48.0  37.00  29.01 100.00  55.89
  49.0  37.00  29.33 100.00  56.23
  50.0  37.00  29.65 100.00  56.44
  51.0  37.00  29.97 100.00  56.59
  52.0  37.00  30.30 100.00  56.70
  53.0  37.00  30.62 100.00  56.77
  54.0  37.00  30.94  99.97  56.75
  55.0  37.00  31.26 100.00  56.67
  56.0  37.00  31.59 100.00  56.51
  57.0  37.00  31.91 100.00  56.27
  58.0  37.00  32.23 100.00  55.93
  59.0  37.00  32.55 100.00  54.92
  60.0  37.00  32.87 100.00  53.87
  61.0  37.00  33.20 100.00  52.80
  62.0  37.00  33.52 100.00  51.70
  63.0  37.00  33.84 100.00  50.56
  64.0  37.00  34.16 100.00  49.39
  65.0  37.00  34.49 100.00  48.18
  66.0  37.00  34.81 100.00  46.94
  67.0  37.00  35.13  99.47  45.67
  68.0  37.00  35.13 100.00  44.41
  69.0  37.00  35.45 100.00  43.14
  70.0  37.00  36.10 100.00  41.81
  71.0  37.00  36.10 100.00  40.48
  72.0  37.00  36.42  99.78  39.13
  73.0  37.00  36.74 100.00  37.78
  74.0  37.00  37.06 100.00  36.41
  75.0  37.00  37.39 100.00  35.02
  76.0  37.00  37.71  99.56  33.63
  77.0  37.00  38.03 100.00  32.23
  78.0  37.00  38.35  99.51  30.82
  79.0  37.00  38.68  99.56  29.40
  80.0  37.00  39.00  99.39  27.98
  81.0  37.00  39.32  99.02  26.57
  82.0  37.00  39.32  98.49  25.20
  83.0  37.00  39.64  97.68  23.79
  84.0  37.00  39.97  96.69  22.41
  85.0  37.00  40.29  95.55  21.13
  86.0  37.00  40.61  94.12  19.79
  87.0  37.00  40.93  92.52  18.48
  88.0  37.00  41.25  90.70  17.20
  89.0  37.00  41.58  88.66  15.95
  90.0  37.00  41.58  86.48  14.79
  91.0  37.00  41.90  84.08  13.69
  92.0  37.00  42.22  81.49  12.63
  93.0  37.00  42.54  78.69  11.60
  94.0  37.00  42.54  75.77  10.66
  95.0  37.00  42.87  72.64   9.78
  96.0  37.00  43.19  69.32   8.93
  97.0  37.00  43.51  65.77   8.05
  98.0  37.00  43.83  62.05   7.21
  99.0  37.00  43.83  58.19   6.45
 100.0  37.00  44.16  54.13   5.76
 101.0  37.00  44.16  49.94   5.15
 102.0  37.00  44.48  45.57   4.58
 103.0  37.00  44.80  41.03   4.04
 104.0  37.00  44.80  36.39   3.56
 105.0  37.00  45.12  31.51   3.09
 106.0  37.00  45.12  26.55   2.68
 107.0  37.00  45.12  21.47   2.36
 108.0  37.00  45.44  16.24   2.05
 109.0  37.00  45.44  10.87   1.78
 110.0  37.00  45.77   5.37   1.52
 111.0  37.00  45.77   0.00   1.29
 112.0  37.00  45.77   0.00   1.11
 113.0  37.00  45.77   0.00   0.98
 114.0  37.00  46.09   0.00   0.83
 115.0  37.00  45.77   0.00   0.76
 116.0  37.00  46.09   0.00   0.67
 117.0  37.00  46.09   0.00   0.59
 118.0  37.00  46.09   0.00   0.53
 119.0  37.00  45.77   0.00   0.54
 120.0  37.00  46.09   0.00   0.53
 121.0  37.00  46.09   0.00   0.51
 122.0  37.00  45.77   0.00   0.54
 123.0  37.00  45.77   0.00   0.59
 124.0  37.00  45.77   0.00   0.65
 125.0  37.00  45.77   0.00   0.69
 126.0  37.00  45.77   0.00   0.72
 127.0  37.00  45.77   0.00   0.73
 128.0  37.00  45.44   0.00   0.79
 129.0  37.00  45.44   0.00   0.86
 130.0  37.00  45.44   0.00   0.92
 131.0  37.00  45.44   0.00   0.97
 132.0  37.00  45.12   0.00   1.06
 133.0  37.00  45.12   0.00   1.15
 134.0  37.00  45.12   0.00   1.23
 135.0  37.00  44.80   0.00   1.34
 136.0  37.00  44.80   0.00   1.45
 137.0  37.00  44.80   0.00   1.54
 138.0  37.00  44.48   0.00   1.67
 139.0  37.00  44.48   0.00   1.79
 140.0  37.00  44.48   0.00   1.89
 141.0  37.00  44.16   0.00   2.03
 142.0  37.00  44.16   0.00   2.17
 143.0  37.00  44.16   0.00   2.28
 144.0  37.00  43.83   0.18   2.43
 145.0  37.00  43.83   0.00   2.58
 146.0  37.00  43.51   0.00   2.78
 147.0  37.00  43.51   0.00   2.96
 148.0  37.00  43.19   0.00   3.18
 149.0  37.00  43.19   0.00   3.40
 150.0  37.00  43.19   0.00   3.59
 151.0  37.00  42.87   0.00   3.80
 152.0  37.00  42.87   0.00   4.02
 153.0  37.00  42.54   0.00   4.26
 154.0  37.00  42.54   0.00   4.51
 155.0  37.00  42.54   0.00   4.75
 156.0  37.00  42.22   0.00   5.01
 157.0  37.00  42.22   0.00   5.27
 158.0  37.00  41.90   0.00   5.57
 159.0  37.00  41.90   0.00   5.87
 160.0  37.00  41.90   0.00   6.15
 161.0  37.00  41.58   0.00   6.44
 162.0  37.00  41.25   0.00   6.80
 163.0  37.00  41.25   0.00   7.15
 164.0  37.00  41.25   0.00   7.48
 165.0  37.00  41.25   0.00   7.81
 166.0  37.00  40.93   0.00   8.13
 167.0  37.00  40.93   0.00   8.47
 168.0  37.00  40.61   0.04   8.83
 169.0  37.00  40.61   0.00   9.20
 170.0  37.00  40.29   0.00   9.63
 171.0  37.00  40.29   0.00  10.03
 172.0  37.00  40.29   0.00  10.43
 173.0  37.00  39.97   0.00  10.82
 174.0  37.00  39.97   0.00  11.23
 175.0  37.00  39.97   0.00  11.64
 176.0  37.00  39.64   0.00  12.05
 177.0  37.00  39.64   0.00  12.43
 178.0  37.00  39.32   0.00  12.86
 179.0  37.00  39.32   0.00  13.32
 180.0  37.00  39.32   0.00  13.78
 181.0  37.00  39.00   0.00  14.23
 182.0  37.00  39.00   0.00  14.69
 183.0  37.00  38.68   0.09  15.16
 184.0  37.00  38.68   0.00  15.65
 185.0  37.00  38.68   0.00  16.08
 186.0  37.00  38.35   0.00  16.56
 187.0  37.00  38.35   0.00  17.07
 188.0  37.00  38.35   0.00  17.51
 189.0  37.00  38.03   0.00  18.01
 190.0  37.00  38.03   0.00  18.53
 191.0  37.00  37.71   0.00  19.04
 192.0  37.00  37.71   0.11  19.58
 193.0  37.00  37.39   0.00  20.11
 194.0  37.00  37.39   0.00  20.66
 195.0  37.00  37.39   0.00  21.22
 196.0  37.00  37.06   0.00  21.76
 197.0  37.00  37.06   0.11  22.32
 198.0  37.00  37.06   0.00  22.82
 199.0  37.00  37.06   0.00  23.32
 200.0  37.00  36.74   0.05  23.86
 201.0  37.00  36.74   0.00  24.36
 202.0  37.00  36.42   0.04  24.91
 203.0  37.00  36.42   0.02  25.49
 204.0  37.00  36.42   0.03  25.99
 205.0  37.00  36.42   0.14  26.49
 206.0  37.00  36.10   0.32  26.96
 207.0  37.00  36.10   0.58  27.45
 208.0  37.00  35.78   0.91  27.92
 209.0  37.00  35.78   1.32  28.42
 210.0  37.00  35.78   1.81  28.93
 211.0  37.00  35.45   2.36  29.42
 212.0  37.00  35.45   3.00  29.93
 213.0  37.00  35.45   3.71  30.44
 214.0  37.00  35.45   4.49  30.96
 215.0  37.00  35.13   5.35  31.44
 216.0  37.00  35.13   6.29  31.94
 217.0  37.00  35.13   7.24  32.37
 218.0  37.00  35.13   8.27  32.80
 219.0  37.00  34.81   9.42  33.28
 220.0  37.00  34.81  10.63  33.77
 221.0  37.00  34.49  11.91  34.24
 222.0  37.00  34.49  13.26  34.73
 223.0  37.00  34.49  14.64  35.14
 224.0  37.00  34.49  16.09  35.56
 225.0  37.00  34.49  17.61  35.97
 226.0  37.00  34.16  19.18  36.35
 227.0  37.00  34.16  20.82  36.75
 228.0  37.00  34.16  22.51  37.16
 229.0  37.00  34.16  24.27  37.57
 230.0  37.00  33.84  26.08  37.95
 231.0  37.00  33.84  27.96  38.34
 232.0  37.00  33.84  29.90  38.74
 233.0  37.00  33.84  31.89  39.14
 234.0  37.00  33.84  33.89  39.44
 235.0  37.00  33.84  35.95  39.74
 236.0  37.00  33.84  38.01  39.95
 237.0  37.00  33.84  40.11  40.17
 238.0  37.00  33.84  42.24  40.38
 239.0  37.00  33.84  44.41  40.58
 240.0  37.00  33.84  46.60  40.77
 241.0  37.00  33.52  48.82  40.93
 242.0  37.00  33.52  51.08  41.10
 243.0  37.00  33.52  53.36  41.28
 244.0  37.00  33.52  55.68  41.46
 245.0  37.00  33.84  57.90  41.51
 246.0  37.00  33.84  60.18  41.53
 247.0  37.00  33.84  62.45  41.55
 248.0  37.00  33.84  64.72  41.56
 249.0  37.00  33.84  66.99  41.57
 250.0  37.00  33.84  69.26  41.58
 251.0  37.00  33.84  71.53  41.58
 252.0  37.00  34.16  73.74  41.53
 253.0  37.00  34.16  75.96  41.44
 254.0  37.00  34.16  78.17  41.34
 255.0  37.00  34.16  80.36  41.23
 256.0  37.00  34.49  82.42  40.97
 257.0  37.00  34.49  84.47  40.70
 258.0  37.00  34.49  86.48  40.41
 259.0  37.00  34.81  88.39  40.07
 260.0  37.00  34.81  90.32  39.79
 261.0  37.00  34.81  92.18  39.49
 262.0  37.00  35.13  93.94  39.13
 263.0  37.00  35.45  95.60  38.69
 264.0  37.00  35.45  97.21  38.20
 265.0  37.00  35.78  98.68  37.65
 266.0  37.00  35.78 100.00  37.06
 267.0  37.00  36.10  99.87  36.49
 268.0  37.00  36.10 100.00  35.89
 269.0  37.00  36.42 100.00  35.21
 270.0  37.00  36.42 100.00  34.50
 274.0  37.00  37.39 100.00  33.70
 275.0  37.00  37.39  99.86  32.81
 276.0  37.00  37.71 100.00  31.83
 277.0  37.00  38.03  99.98  30.84
 278.0  37.00  38.35 100.00  29.75
 279.0  37.00  38.35  99.72  28.62
 280.0  37.00  38.68  99.56  27.51
 281.0  37.00  39.00  99.24  26.40
 282.0  37.00  39.32  98.69  25.20
 283.0  37.00  39.32  98.03  24.05
 284.0  37.00  39.64  97.14  22.84
 285.0  37.00  39.97  96.08  21.66
 286.0  37.00  39.97  94.85  20.47
 287.0  37.00  40.29  93.43  19.34
 288.0  37.00  40.61  91.78  18.17
 289.0  37.00  40.93  90.07  17.17
 290.0  37.00  41.25  88.09  16.12
 291.0  37.00  41.25  86.01  15.14
 292.0  37.00  41.58  83.74  14.20
 293.0  37.00  41.90  81.31  13.29
 294.0  37.00  42.22  78.65  12.34
 295.0  37.00  42.22  75.89  11.46
 296.0  37.00  42.54  72.95  10.62
 297.0  37.00  42.54  69.90   9.86
 298.0  37.00  43.19  66.56   9.05
 299.0  37.00  43.19  63.14   8.28
 300.0  37.00  43.51  59.54   7.55
 301.0  37.00  43.51  55.77   6.86
 302.0  37.00  43.83  51.83   6.21
 303.0  37.00  43.83  47.79   5.65
 304.0  37.00  44.16  43.57   5.12
 305.0  37.00  44.48  39.20   4.60
 306.0  37.00  44.48  34.69   4.11
 307.0  37.00  44.48  30.08   3.70
 308.0  37.00  44.80  25.31   3.32
 309.0  37.00  44.80  20.47   2.99
 310.0  37.00  44.80  15.48   2.70
 311.0  37.00  45.12  10.38   2.43
 312.0  37.00  45.12   5.15   2.18
 313.0  37.00  45.12   0.00   1.99
 314.0  37.00  45.44   0.00   1.78
 315.0  37.00  45.12   0.00   1.65
 316.0  37.00  45.44   0.00   1.51
 317.0  37.00  45.44   0.00   1.39
 318.0  37.00  45.44   0.00   1.29
 319.0  37.00  45.44   0.00   1.22
 320.0  37.00  45.44   0.00   1.17
 321.0  37.00  45.44   0.00   1.14
 322.0  37.00  45.12   0.00   1.17
 323.0  37.00  45.44   0.00   1.17
 324.0  37.00  45.12   0.00   1.21
 325.0  37.00  45.12   0.00   1.26
 326.0  37.00  45.12   0.00   1.31
 327.0  37.00  45.12   0.00   1.34
 328.0  37.00  45.12   0.00   1.36
 329.0  37.00  44.80   0.00   1.43
 330.0  37.00  44.80   0.00   1.51
 331.0  37.00  44.80   0.00   1.59
 332.0  37.00  44.80   0.00   1.65
 333.0  37.00  44.48   0.00   1.75
 334.0  37.00  44.48   0.00   1.85
 335.0  37.00  44.48   0.00   1.95
 336.0  37.00  44.48   0.00   2.02
 337.0  37.00  44.16   0.00   2.13
 338.0  37.00  44.16   0.00   2.24
 339.0  37.00  44.16   0.00   2.35
 340.0  37.00  43.83   0.00   2.48
 341.0  37.00  43.83   0.00   2.63
 342.0  37.00  43.83   0.03   2.76
 343.0  37.00  43.51   0.00   2.92
 344.0  37.00  43.51   0.00   3.08
 345.0  37.00  43.19   0.00   3.28
 346.0  37.00  43.19   0.00   3.48
 347.0  37.00  43.19   0.00   3.66
 348.0  37.00  42.87   0.00   3.86
 349.0  37.00  42.87   0.00   4.06
 350.0  37.00  42.87   0.00   4.25
 351.0  37.00  42.54   0.00   4.48
 352.0  37.00  42.54   0.00   4.70
 353.0  37.00  42.22   0.00   4.96
 354.0  37.00  42.22   0.00   5.23
 355.0  37.00  42.22   0.00   5.47
 356.0  37.00  41.90   0.00   5.74
 357.0  37.00  41.90   0.00   6.02
 358.0  37.00  41.58   0.00   6.33
 359.0  37.00  41.58   0.00   6.64
 360.0  37.00  41.58   0.00   6.91
 361.0  37.00  41.25   0.00   7.22
 362.0  37.00  41.25   0.00   7.55
 363.0  37.00  40.93   0.00   7.89
 364.0  60.00  40.93   3.41  19.77
 365.0  60.00  40.61   3.98  34.93
 366.0  60.00  40.61   5.65  49.33
 367.0  60.00  40.61   8.51  61.82
 368.0  60.00  40.29  12.53  72.18
 369.0  60.00  40.29  17.71  80.38
 370.0  60.00  40.29  24.06  86.62
 371.0  60.00  39.97  31.57  91.38
 372.0  60.00  39.97  40.25  95.10
 373.0  60.00  39.64  50.09  98.10
 374.0  60.00  39.64  61.09 100.00
 375.0  60.00  39.64  73.25 100.00
 376.0  60.00  39.64  86.53 100.00
 377.0  60.00  39.64 100.00 100.00
 378.0  60.00  39.32 100.00 100.00
 379.0  60.00  39.32 100.00 100.00
 380.0  60.00  39.32 100.00 100.00
 381.0  60.00  39.32 100.00 100.00
 382.0  60.00  39.32 100.00 100.00
 383.0  60.00  39.32 100.00 100.00
 384.0  60.00  39.64 100.00 100.00
 385.0  60.00  39.64 100.00 100.00
 386.0  60.00  39.64 100.00 100.00
 387.0  60.00  39.64 100.00 100.00
 388.0  60.00  39.97 100.00 100.00
 389.0  60.00  39.97 100.00 100.00
 390.0  60.00  40.29 100.00 100.00
 391.0  60.00  40.29 100.00 100.00
 392.0  60.00  40.29 100.00 100.00
 393.0  60.00  40.61 100.00 100.00
 394.0  60.00  40.61 100.00 100.00
 395.0  60.00  40.93 100.00 100.00
 396.0  60.00  40.93 100.00 100.00
 397.0  60.00  41.25 100.00 100.00
 398.0  60.00  41.58 100.00 100.00
 399.0  60.00  41.58 100.00 100.00
 400.0  60.00  41.58 100.00 100.00
 401.0  60.00  41.90 100.00 100.00
 402.0  60.00  42.22 100.00 100.00
 403.0  60.00  42.22 100.00 100.00
 404.0  60.00  42.54  99.93 100.00
 405.0  60.00  42.54 100.00 100.00
 406.0  60.00  42.87 100.00 100.00
 407.0  60.00  43.19 100.00 100.00
 408.0  60.00  43.19 100.00 100.00
 409.0  60.00  43.51 100.00 100.00
 410.0  60.00  43.83 100.00 100.00
 411.0  60.00  43.83 100.00 100.00
 412.0  60.00  44.16 100.00 100.00
 413.0  60.00  44.48 100.00 100.00
 414.0  60.00  44.48 100.00 100.00
 415.0  60.00  44.80 100.00 100.00
 416.0  60.00  44.80 100.00 100.00
 417.0  60.00  45.44 100.00 100.00
 418.0  60.00  45.44 100.00 100.00
 419.0  60.00  45.77 100.00 100.00
 420.0  60.00  45.77 100.00 100.00
 421.0  60.00  46.09 100.00 100.00
 422.0  60.00  46.41 100.00 100.00
 423.0  60.00  46.41 100.00 100.00
 424.0  60.00  46.73 100.00 100.00
 425.0  60.00  47.06 100.00 100.00
 426.0  60.00  47.06 100.00 100.00
 427.0  60.00  47.38 100.00 100.00
 428.0  60.00  47.70 100.00  99.89
 429.0  60.00  47.70 100.00  99.56
 430.0  60.00  48.02 100.00  99.21
 431.0  60.00  48.34 100.00  98.83
 432.0  60.00  48.67 100.00  98.46
 433.0  60.00  48.67 100.00  98.07
 434.0  60.00  48.99 100.00  97.68
 435.0  60.00  48.99 100.00  97.28
 436.0  60.00  49.31 100.00  96.87
 437.0  60.00  49.63 100.00  96.45
 438.0  60.00  49.63 100.00  96.02
 439.0  60.00  49.96 100.00  95.58
 440.0  60.00  50.28 100.00  95.13
 441.0  60.00  50.28 100.00  94.67
 442.0  60.00  50.60  99.64  94.20
 443.0  60.00  50.92 100.00  93.72
 444.0  60.00  51.25 100.00  93.20
 445.0  60.00  51.25 100.00  92.70
 446.0  60.00  51.57 100.00  92.20
 447.0  60.00  51.89 100.00  91.68
 448.0  60.00  51.89 100.00  91.15
 449.0  60.00  51.89 100.00  90.66
 450.0  60.00  52.21 100.00  90.14
 451.0  60.00  52.53 100.00  89.61
 452.0  60.00  52.53 100.00  89.10
 453.0  60.00  52.86 100.00  88.56
 454.0  60.00  53.18 100.00  88.01
 455.0  60.00  53.18 100.00  87.49
 456.0  60.00  53.50 100.00  86.93
 457.0  60.00  53.50 100.00  86.41
 458.0  60.00  53.82 100.00  85.89
 459.0  60.00  53.82 100.00  85.41
 460.0  60.00  54.15 100.00  84.89
 461.0  60.00  54.47 100.00  84.36
 462.0  60.00  54.47 100.00  83.86
 463.0  60.00  54.79 100.00  83.32
 464.0  60.00  54.79  99.69  82.77
 465.0  60.00  55.11 100.00  82.23
 466.0  60.00  55.11 100.00  81.72
 467.0  60.00  55.44 100.00  81.18
 468.0  60.00  55.76 100.00  80.63
 469.0  60.00  55.76 100.00  80.11
 470.0  60.00  56.08 100.00  79.54
 471.0  60.00  56.08 100.00  79.02
 472.0  60.00  56.40 100.00  78.45
 473.0  60.00  56.40 100.00  77.92
 474.0  60.00  56.72 100.00  77.35
 475.0  60.00  56.72 100.00  76.82
 476.0  60.00  57.05 100.00  76.30
 477.0  60.00  57.05 100.00  75.77
 478.0  60.00  57.37  99.89  75.24
 479.0  60.00  57.37 100.00  74.70
 480.0  60.00  57.69 100.00  74.17
 481.0  60.00  57.69 100.00  73.64
 482.0  60.00  58.01 100.00  73.11
 483.0  60.00  58.01 100.00  72.61
 484.0  60.00  58.34 100.00  72.08
 485.0  60.00  58.66 100.00  71.53
 486.0  60.00  58.66 100.00  70.96
 487.0  60.00  58.66 100.00  70.45
 488.0  60.00  58.98  99.75  69.89
 489.0  60.00  58.98 100.00  69.38
 490.0  60.00  59.30 100.00  68.82
 491.0  60.00  59.30 100.00  68.30
 492.0  60.00  59.63 100.00  67.73
 493.0  60.00  59.63  99.96  67.20
 494.0  60.00  59.63 100.00  66.67
 495.0  60.00  59.95 100.00  66.15
 496.0  60.00  60.27 100.00  65.57
 497.0  60.00  60.27  99.89  65.03
 498.0  60.00  60.27 100.00  64.48
 499.0  60.00  60.59  99.92  63.94
 500.0  60.00  60.91 100.00  63.40
 501.0  60.00  60.91  99.75  62.83
 502.0  60.00  60.91  99.62  62.25
 503.0  60.00  61.24  99.38  61.69
 504.0  60.00  61.24  99.05  61.10
 505.0  60.00  61.56  98.60  60.53
 506.0  60.00  61.56  98.05  59.92
 507.0  60.00  61.56  97.45  59.38
 508.0  60.00  61.88  96.69  58.78
 509.0  60.00  61.88  95.84  58.16
 510.0  60.00  62.20  94.88  57.56
 511.0  60.00  62.20  93.88  57.00
 512.0  60.00  62.53  92.70  56.38
 513.0  60.00  62.53  91.45  55.73
 514.0  60.00  62.53  90.14  55.15
 515.0  60.00  62.85  88.73  54.59
 516.0  60.00  62.85  87.22  54.00
 517.0  60.00  62.85  85.62  53.39
 518.0  60.00  63.17  83.94  52.81
 519.0  60.00  63.17  82.16  52.21
 520.0  60.00  63.17  80.35  51.67
 521.0  60.00  63.49  78.39  51.07
 522.0  60.00  63.49  76.35  50.45
 523.0  60.00  63.49  74.29  49.90
 524.0  60.00  63.49  72.13  49.35
 525.0  60.00  63.82  69.89  48.84
 526.0  60.00  63.82  67.58  48.30
 527.0  60.00  63.82  65.25  47.84
 528.0  60.00  64.14  62.78  47.33
 529.0  60.00  64.14  60.26  46.78
 530.0  60.00  64.14  57.72  46.32
 531.0  60.00  64.14  55.10  45.85
 532.0  60.00  64.14  52.42  45.37
 533.0  60.00  64.14  49.73  45.00
 534.0  60.00  64.14  46.98  44.63
 535.0  60.00  64.14  44.19  44.26
 536.0  60.00  64.46  41.35  43.95
 537.0  60.00  64.14  38.52  43.66
 538.0  60.00  64.14  35.64  43.39
 539.0  60.00  64.14  32.73  43.14
 540.0  60.00  64.46  29.79  42.95
 541.0  60.00  64.14  26.88  42.79
 542.0  60.00  64.14  23.93  42.66
 543.0  60.00  64.14  21.03  42.65
 544.0  60.00  64.14  18.10  42.64
 545.0  60.00  64.14  15.17  42.63
 546.0  60.00  64.14  12.25  42.63
 547.0  60.00  63.82   9.38  42.68
 548.0  60.00  63.82   6.50  42.76
 549.0  60.00  63.49   3.70  42.92
 550.0  60.00  63.49   0.91  43.13
 551.0  60.00  63.49   0.00  43.46
 552.0  60.00  63.49   0.00  43.69
 553.0  60.00  63.17   0.00  43.99
 554.0  60.00  63.17   0.00  44.34
 555.0  60.00  62.85   0.00  44.85
 556.0  60.00  62.85   0.00  45.31
 557.0  60.00  62.53   0.00  45.83
 558.0  60.00  62.53   0.00  46.40
 559.0  60.00  62.20   0.00  47.05
 560.0  60.00  62.20   0.00  47.72
 561.0  60.00  61.88   0.00  48.45
 562.0  60.00  61.56   0.22  49.17
 563.0  60.00  61.56   0.00  49.92
 564.0  60.00  61.24   0.00  50.66
 565.0  60.00  61.24   0.00  51.42
 566.0  60.00  60.91   0.00  52.25
 567.0  60.00  60.59   0.00  53.14
 568.0  60.00  60.59   0.00  53.98
 569.0  60.00  60.27   0.28  54.86
 570.0  60.00  59.95   0.00  55.73
 571.0  60.00  59.95   0.00  56.62
 572.0  60.00  59.63   0.10  57.47
 573.0  60.00  59.30   0.00  58.38
 574.0  60.00  58.98   0.09  59.28
 575.0  60.00  58.98   0.00  60.20
 576.0  60.00  58.66   0.36  61.07
 577.0  60.00  58.34   0.57  61.93
 578.0  60.00  58.34   0.93  62.80
 579.0  60.00  58.01   1.43  63.64
 580.0  60.00  57.69   2.15  64.53
 581.0  60.00  57.69   2.95  65.35
 582.0  60.00  57.37   3.92  66.14
 583.0  60.00  57.05   5.11  66.98
 584.0  60.00  57.05   6.37  67.76
 585.0  60.00  56.72   7.81  68.51
 586.0  60.00  56.40   9.46  69.30
 587.0  60.00  56.40  11.20  70.04
 588.0  60.00  56.08  13.10  70.76
 589.0  60.00  55.76  15.16  71.47
 590.0  60.00  55.76  17.36  72.18
 591.0  60.00  55.44  19.72  72.87
 592.0  60.00  55.11  22.23  73.56
 593.0  60.00  55.11  24.89  74.25
 594.0  60.00  54.79  27.70  74.92
 595.0  60.00  54.47  30.65  75.58
 596.0  60.00  54.47  33.76  76.25
 597.0  60.00  54.15  37.02  76.91
 598.0  60.00  54.15  40.37  77.51
 599.0  60.00  53.82  43.94  78.15
 600.0  60.00  53.82  47.58  78.73
