tm     Tsp    T1     Q1    
   0.0  20.95  20.63   0.13 
   1.1  20.95  20.95   0.13 
   2.0  20.95  20.63   0.26 
   3.1  20.95  20.95   0.27 
   4.0  20.95  20.95   0.27 
   5.0  20.95  20.95   0.28 
   6.0  20.95  20.95   0.28 
   7.0  20.95  20.95   0.28 
   8.1  20.95  20.95   0.29 
   9.0  20.95  20.95   0.29 
  10.0  20.95  20.63   0.42 
  11.0  20.95  20.63   0.56 
  12.0  20.95  20.95   0.57 
  13.1  20.95  20.95   0.57 
  14.0  20.95  20.95   0.58 
  15.0  20.95  20.95   0.46 
  16.0  20.95  20.95   0.46 
  17.0  20.95  20.95   0.34 
  18.1  20.95  20.95   0.34 
  19.0  20.95  20.63   0.47 
  20.1  20.95  20.95   0.48 
  21.1  20.95  20.95   0.48 
  22.0  20.95  20.95   0.49 
  23.0  20.95  20.95   0.49 
  24.0  20.95  20.95   0.50 
  25.1  20.95  20.95   0.37 
  26.0  20.95  20.95   0.25 
  27.1  20.95  20.95   0.25 
  28.0  20.95  20.95   0.25 
  29.1  20.95  20.95   0.25 
  30.0  68.00  20.95  19.32 
  31.0  68.00  20.95  38.65 
  32.1  68.00  20.95  58.22 
  33.0  68.00  20.95  78.05 
  34.0  68.00  20.95  97.99 
  35.0  68.00  20.95 100.00 
  36.0  68.00  20.95 100.00 
  37.0  68.00  21.27 100.00 
  38.0  68.00  21.27 100.00 
  39.0  68.00  21.27 100.00 
  40.0  68.00  21.59 100.00 
  41.1  68.00  21.59 100.00 
  42.1  68.00  21.92 100.00 
  43.1  68.00  21.92 100.00 
  44.0  68.00  22.24 100.00 
  45.0  68.00  22.56 100.00 
  46.0  68.00  22.56 100.00 
  47.0  68.00  22.88 100.00 
  48.1  68.00  23.21 100.00 
  49.1  68.00  23.53 100.00 
  50.0  68.00  23.53 100.00 
  51.0  68.00  23.85 100.00 
  52.0  68.00  24.17 100.00 
  53.0  68.00  24.49 100.00 
  54.0  68.00  24.49 100.00 
  55.0  68.00  24.82 100.00 
  56.0  68.00  25.14 100.00 
  57.1  68.00  25.46 100.00 
  58.0  68.00  25.78 100.00 
  59.1  68.00  26.11 100.00 
  60.1  68.00  26.43 100.00 
  61.1  68.00  26.75 100.00 
  62.0  68.00  27.07 100.00 
  63.1  68.00  27.40 100.00 
  64.0  68.00  27.72 100.00 
  65.0  68.00  28.04 100.00 
  66.0  68.00  28.36 100.00 
  67.0  68.00  28.68 100.00 
  68.0  68.00  29.01 100.00 
  69.0  68.00  29.33 100.00 
  70.0  68.00  29.65 100.00 
  71.1  68.00  29.97 100.00 
  72.0  68.00  30.30 100.00 
  73.1  68.00  30.62 100.00 
  74.0  68.00  30.62 100.00 
  75.0  68.00  30.94 100.00 
  76.0  68.00  31.59 100.00 
  77.0  68.00  31.91 100.00 
  78.1  68.00  31.91 100.00 
  79.0  68.00  32.23 100.00 
  80.1  68.00  32.87 100.00 
  81.0  68.00  32.87 100.00 
  82.0  68.00  33.20 100.00 
  83.0  68.00  33.52 100.00 
  84.0  68.00  33.84 100.00 
  85.0  68.00  34.16 100.00 
  86.0  68.00  34.49 100.00 
  87.0  68.00  34.81 100.00 
  88.0  68.00  35.13 100.00 
  89.0  68.00  35.45 100.00 
  90.1  68.00  35.78 100.00 
  91.1  68.00  36.10 100.00 
  92.1  68.00  36.42 100.00 
  93.1  68.00  36.74 100.00 
  94.0  68.00  37.06 100.00 
  95.0  68.00  37.39 100.00 
  96.0  68.00  37.71 100.00 
  97.0  68.00  38.03 100.00 
  98.1  68.00  38.35 100.00 
  99.0  68.00  38.35 100.00 
 100.1  68.00  38.68 100.00 
 101.0  68.00  39.32 100.00 
 102.1  68.00  39.32 100.00 
 103.0  68.00  39.64 100.00 
 104.0  68.00  39.97 100.00 
 105.0  68.00  40.29 100.00 
 106.1  68.00  40.61 100.00 
 107.0  68.00  40.93 100.00 
 108.0  68.00  41.25 100.00 
 109.0  68.00  41.25 100.00 
 110.1  68.00  41.58 100.00 
 111.0  68.00  41.90 100.00 
 112.0  68.00  42.22 100.00 
 113.0  68.00  42.54 100.00 
 114.0  68.00  42.87 100.00 
 115.0  68.00  42.87 100.00 
 116.0  68.00  43.19 100.00 
 117.0  68.00  43.51 100.00 
 118.1  68.00  43.83 100.00 
 119.0  68.00  44.16 100.00 
 120.0  68.00  44.48 100.00 
 121.0  68.00  44.48 100.00 
 122.1  68.00  44.80 100.00 
 123.0  68.00  45.12 100.00 
 124.1  68.00  45.12 100.00 
 125.1  68.00  45.44 100.00 
 126.0  68.00  45.77 100.00 
 127.0  68.00  46.09 100.00 
 128.1  68.00  46.41 100.00 
 129.0  68.00  46.41 100.00 
 130.1  68.00  46.73 100.00 
 131.0  68.00  47.06 100.00 
 132.0  68.00  47.38 100.00 
 133.0  68.00  47.70 100.00 
 134.1  68.00  47.70 100.00 
 135.0  68.00  48.02 100.00 
 136.1  68.00  48.02 100.00 
 137.0  68.00  48.34 100.00 
 138.0  68.00  48.67 100.00 
 139.0  68.00  48.99 100.00 
 140.1  68.00  48.99 100.00 
 141.1  68.00  49.31 100.00 
 142.0  68.00  49.63 100.00 
 143.1  68.00  49.96 100.00 
 144.0  68.00  49.96 100.00 
 145.0  68.00  50.28 100.00 
 146.1  68.00  50.60 100.00 
 147.1  68.00  50.60 100.00 
 148.0  68.00  50.92 100.00 
 149.0  68.00  50.92 100.00 
 150.0  68.00  51.25 100.00 
 151.1  68.00  51.57 100.00 
 152.1  68.00  51.57 100.00 
 153.0  68.00  51.89 100.00 
 154.1  68.00  52.21 100.00 
 155.0  68.00  52.21 100.00 
 156.1  68.00  52.53 100.00 
 157.0  68.00  52.86 100.00 
 158.1  68.00  52.86 100.00 
 159.1  68.00  53.18 100.00 
 160.0  68.00  53.18 100.00 
 161.1  68.00  53.50 100.00 
 162.0  68.00  53.50  99.49 
 163.1  68.00  53.82  99.57 
 164.0  68.00  54.15  99.51 
 165.0  68.00  54.15  99.56 
 166.1  68.00  54.47  99.59 
 167.0  68.00  54.47  99.61 
 168.0  68.00  54.79  99.61 
 169.1  68.00  55.11  99.60 
 170.1  68.00  55.11  99.57 
 171.1  68.00  55.44  99.53 
 172.0  68.00  55.44  99.60 
 173.1  68.00  55.76  99.53 
 174.0  68.00  56.08  99.44 
 175.1  68.00  56.08  99.34 
 176.0  68.00  56.40  99.22 
 177.1  68.00  56.40  99.08 
 178.0  68.00  56.72  98.93 
 179.0  68.00  56.72  98.90 
 180.1  68.00  57.05  98.72 
 181.0  68.00  57.05  98.65 
 182.1  68.00  57.37  98.45 
 183.0  68.00  57.37  98.35 
 184.1  68.00  57.69  98.24 
 185.0  68.00  57.69  98.12 
 186.1  68.00  58.01  97.99 
 187.0  68.00  58.01  97.84 
 188.0  68.00  58.34  97.68 
 189.1  68.00  58.34  97.63 
 190.0  68.00  58.66  97.45 
 191.1  68.00  58.66  97.38 
 192.1  68.00  58.98  97.16 
 193.0  68.00  58.98  97.07 
 194.1  68.00  58.98  96.96 
 195.0  68.00  59.30  96.84 
 196.0  68.00  59.63  96.57 
 197.0  68.00  59.63  96.43 
 198.0  68.00  59.63  96.27 
 199.1  68.00  59.95  96.10 
 200.0  68.00  59.95  95.91 
 201.1  68.00  60.27  95.72 
 202.1  68.00  60.27  95.51 
 203.0  68.00  60.59  95.29 
 204.0  68.00  60.59  95.06 
 205.0  68.00  60.59  94.95 
 206.0  68.00  60.91  94.70 
 207.1  68.00  60.91  94.56 
 208.0  68.00  61.24  94.29 
 209.0  68.00  61.24  94.00 
 210.1  68.00  61.24  93.83 
 211.0  68.00  61.56  93.65 
 212.0  68.00  61.56  93.46 
 213.0  68.00  61.88  93.13 
 214.1  68.00  61.88  92.92 
 215.0  68.00  61.88  92.70 
 216.1  68.00  62.20  92.47 
 217.0  68.00  62.20  92.22 
 218.0  68.00  62.20  92.10 
 219.1  68.00  62.53  91.84 
 220.1  68.00  62.53  91.57 
 221.0  68.00  62.53  91.42 
 222.1  68.00  62.85  91.12 
 223.0  68.00  62.85  90.95 
 224.0  68.00  62.85  90.77 
 225.1  68.00  63.17  90.46 
 226.1  68.00  63.17  90.26 
 227.1  68.00  63.17  90.05 
 228.0  68.00  63.17  89.97 
 229.0  68.00  63.49  89.74 
 230.0  68.00  63.49  89.51 
 231.1  68.00  63.49  89.41 
 232.1  68.00  63.49  89.29 
 233.0  68.00  63.82  89.04 
 234.0  68.00  63.82  88.91 
 235.1  68.00  63.82  88.77 
 236.0  68.00  64.14  88.49 
 237.1  68.00  64.14  88.34 
 238.0  68.00  64.14  88.18 
 239.1  68.00  64.46  87.88 
 240.0  68.00  64.46  87.70 
 241.0  68.00  64.46  87.52 
 242.0  68.00  64.46  87.33 
 243.1  68.00  64.46  87.14 
 244.0  68.00  64.78  86.93 
 245.0  68.00  64.78  86.72 
 246.1  68.00  64.78  86.51 
 247.0  68.00  64.78  86.28 
 248.0  68.00  64.78  86.18 
 249.1  68.00  65.10  85.95 
 250.0  68.00  65.10  85.70 
 251.1  68.00  65.10  85.58 
 252.1  68.00  65.10  85.46 
 253.1  68.00  65.43  85.20 
 254.1  68.00  65.43  85.06 
 255.0  68.00  65.43  84.92 
 256.0  68.00  65.43  84.78 
 257.1  68.00  65.43  84.62 
 258.1  68.00  65.75  84.34 
 259.0  68.00  65.75  84.17 
 260.1  68.00  65.75  84.00 
 261.0  68.00  65.75  83.83 
 262.0  68.00  65.75  83.65 
 263.0  68.00  65.75  83.47 
 264.0  68.00  66.07  83.28 
 265.1  68.00  66.07  83.08 
 266.0  68.00  66.07  82.88 
 267.1  68.00  66.07  82.68 
 268.0  68.00  66.07  82.60 
 269.0  68.00  66.07  82.52 
 270.1  68.00  66.07  82.43 
 271.1  68.00  66.39  82.21 
 272.1  68.00  66.39  81.98 
 273.0  68.00  66.39  81.88 
 274.1  68.00  66.39  81.78 
 275.0  68.00  66.39  81.67 
 276.1  68.00  66.39  81.56 
 277.1  68.00  66.39  81.45 
 278.0  68.00  66.72  81.20 
 279.1  68.00  66.39  81.21 
 280.0  68.00  66.72  81.08 
 281.1  68.00  66.72  80.96 
 282.0  68.00  66.72  80.82 
 283.0  68.00  66.72  80.69 
 284.0  68.00  66.72  80.55 
 285.1  68.00  66.72  80.41 
 286.0  68.00  66.72  80.40 
 287.0  68.00  66.72  80.38 
 288.1  68.00  66.72  80.36 
 289.1  68.00  66.72  80.34 
 290.0  68.00  66.72  80.32 
 291.1  68.00  66.72  80.30 
 292.1  68.00  66.72  80.28 
 293.0  68.00  67.04  80.25 
 294.1  68.00  67.04  80.09 
 295.1  68.00  67.04  80.06 
 296.0  68.00  67.04  80.03 
 297.0  68.00  67.04  79.99 
 298.1  68.00  67.04  79.96 
 299.0  68.00  67.04  79.92 
 300.0  68.00  67.04  79.88 
 301.1  68.00  67.04  79.84 
 302.1  68.00  67.04  79.79 
 303.0  68.00  67.36  79.62 
 304.1  68.00  67.36  79.44 
 305.1  68.00  67.04  79.39 
 306.1  68.00  67.04  79.33 
 307.0  68.00  67.04  79.28 
 308.0  68.00  67.36  79.22 
 309.0  68.00  67.36  79.16 
 310.1  68.00  67.36  79.10 
 311.0  68.00  67.36  79.04 
 312.1  68.00  67.36  78.97 
 313.0  68.00  67.36  78.91 
 314.0  68.00  67.36  78.84 
 315.0  68.00  67.36  78.77 
 316.1  68.00  67.36  78.70 
 317.1  68.00  67.36  78.63 
 318.1  68.00  67.36  78.68 
 319.0  68.00  67.36  78.74 
 320.0  68.00  67.36  78.67 
 321.1  68.00  67.36  78.59 
 322.0  68.00  67.36  78.51 
 323.1  68.00  67.36  78.56 
 324.1  68.00  67.36  78.61 
 325.1  68.00  67.36  78.66 
 326.0  68.00  67.36  78.72 
 327.0  68.00  67.36  78.77 
 328.1  68.00  67.36  78.82 
 329.0  68.00  67.36  78.87 
 330.0  68.00  67.36  78.92 
 331.1  68.00  67.36  78.97 
 332.0  68.00  67.36  79.02 
 333.1  68.00  67.36  79.07 
 334.0  68.00  67.36  79.13 
 335.1  68.00  67.36  79.18 
 336.0  68.00  67.36  79.23 
 337.1  68.00  67.36  79.28 
 338.1  68.00  67.36  79.33 
 339.0  68.00  67.36  79.38 
 340.1  68.00  67.36  79.43 
 341.0  68.00  67.36  79.48 
 342.1  68.00  67.36  79.53 
 343.0  68.00  67.36  79.59 
 344.0  68.00  67.36  79.64 
 345.1  68.00  67.36  79.69 
 346.0  68.00  67.36  79.74 
 347.1  68.00  67.36  79.79 
 348.1  68.00  67.36  79.84 
 349.0  68.00  67.68  79.76 
 350.1  68.00  67.36  79.81 
 351.0  68.00  67.36  79.86 
 352.0  68.00  67.36  79.91 
 353.1  68.00  67.68  79.83 
 354.0  68.00  67.68  79.75 
 355.1  68.00  67.68  79.66 
 356.0  68.00  67.68  79.57 
 357.0  68.00  67.68  79.49 
 358.1  68.00  67.68  79.40 
 359.0  68.00  67.68  79.31 
 360.1  68.00  67.68  79.21 
 361.1  68.00  67.36  79.25 
 362.0  68.00  67.68  79.15 
 363.1  68.00  67.68  79.06 
 364.0  68.00  67.68  79.09 
 365.1  68.00  67.68  78.99 
 366.0  68.00  67.68  78.89 
 367.1  68.00  67.68  78.79 
 368.0  68.00  67.68  78.82 
 369.1  68.00  67.68  78.84 
 370.1  68.00  67.68  78.87 
 371.0  68.00  67.68  78.90 
 372.0  68.00  67.68  78.92 
 373.1  68.00  67.68  78.95 
 374.0  68.00  67.68  78.98 
 375.0  68.00  67.68  79.00 
 376.0  68.00  67.68  78.90 
 377.0  68.00  67.68  78.93 
 378.1  68.00  67.68  78.95 
 379.0  68.00  67.68  78.98 
 380.1  68.00  67.68  79.00 
 381.0  68.00  67.68  79.03 
 382.0  68.00  67.68  79.05 
 383.1  68.00  67.68  79.08 
 384.1  68.00  67.68  79.10 
 385.0  68.00  67.68  79.13 
 386.1  68.00  67.68  79.15 
 387.1  68.00  67.68  79.18 
 388.1  68.00  67.68  79.21 
 389.0  68.00  67.68  79.23 
 390.0  68.00  67.68  79.26 
 391.1  68.00  67.68  79.28 
 392.1  68.00  67.68  79.31 
 393.1  68.00  67.68  79.33 
 394.1  68.00  67.68  79.36 
 395.1  68.00  67.68  79.38 
 396.0  68.00  67.68  79.41 
 397.1  68.00  67.68  79.43 
 398.0  68.00  67.68  79.46 
 399.1  68.00  67.68  79.48 
 400.1  68.00  67.68  79.51 
 401.1  68.00  67.68  79.54 
 402.1  68.00  67.68  79.56 
 403.0  68.00  68.01  79.46 
 404.1  68.00  67.68  79.48 
 405.0  68.00  67.68  79.50 
 406.1  68.00  67.68  79.53 
 407.0  68.00  67.68  79.55 
 408.1  68.00  68.01  79.44 
 409.1  68.00  67.68  79.46 
 410.1  68.00  68.01  79.36 
 411.0  68.00  67.68  79.38 
 412.0  68.00  68.01  79.27 
 413.1  68.00  68.01  79.15 
 414.1  68.00  68.01  79.04 
 415.0  68.00  67.68  79.05 
 416.0  68.00  68.01  78.94 
 417.1  68.00  68.01  78.82 
 418.1  68.00  68.01  78.83 
 419.1  68.00  68.01  78.71 
 420.0  68.00  68.01  78.59 
 421.0  68.00  68.01  78.47 
 422.0  68.00  68.01  78.35 
 423.1  68.00  68.01  78.35 
 424.0  68.00  67.68  78.36 
 425.1  68.00  68.01  78.36 
 426.1  68.00  68.01  78.24 
 427.0  68.00  68.01  78.24 
 428.0  68.00  68.01  78.24 
 429.1  68.00  68.01  78.24 
 430.0  68.00  67.68  78.25 
 431.1  68.00  68.01  78.25 
 432.0  68.00  68.01  78.25 
 433.1  68.00  68.01  78.26 
 434.0  68.00  68.01  78.26 
 435.0  68.00  68.01  78.26 
 436.1  68.00  68.01  78.27 
 437.0  68.00  68.01  78.27 
 438.0  68.00  68.01  78.27 
 439.1  68.00  68.01  78.14 
 440.0  68.00  68.01  78.15 
 441.1  68.00  68.01  78.15 
 442.0  68.00  67.68  78.28 
 443.0  68.00  68.01  78.28 
 444.1  68.00  68.01  78.28 
 445.1  68.00  68.01  78.16 
 446.1  68.00  67.68  78.29 
 447.0  68.00  68.01  78.29 
 448.1  68.00  68.01  78.29 
 449.0  68.00  68.01  78.30 
 450.1  68.00  68.01  78.30 
 451.0  68.00  68.01  78.30 
 452.0  68.00  68.01  78.31 
 453.0  68.00  68.01  78.31 
 454.0  68.00  68.01  78.31 
 455.1  68.00  68.01  78.32 
 456.0  68.00  68.01  78.32 
 457.0  68.00  68.01  78.19 
 458.0  68.00  68.01  78.19 
 459.0  70.00  67.68  79.14 
 460.1  70.00  68.01  79.96 
 461.0  70.00  68.01  80.66 
 462.0  70.00  68.01  81.51 
 463.1  70.00  68.01  82.36 
 464.0  70.00  68.01  83.23 
 465.0  70.00  68.01  84.10 
 466.1  70.00  68.01  84.99 
 467.0  70.00  68.01  85.89 
 468.1  70.00  68.01  86.80 
 469.1  70.00  68.01  87.71 
 470.0  70.00  68.01  88.64 
 471.1  70.00  68.01  89.58 
 472.0  70.00  68.01  90.53 
 473.1  70.00  68.01  91.50 
 474.0  70.00  68.01  91.53 
 475.1  70.00  68.01  91.69 
 476.0  70.00  68.01  91.85 
 477.1  70.00  68.01  92.00 
 478.0  70.00  68.01  92.16 
 479.1  70.00  68.01  92.32 
 480.1  70.00  68.01  92.48 
 481.0  70.00  68.01  92.64 
 482.1  70.00  68.01  92.80 
 483.1  70.00  68.01  92.96 
 484.0  70.00  68.33  92.99 
 485.1  70.00  68.33  93.02 
 486.1  70.00  68.33  93.04 
 487.0  70.00  68.33  93.07 
 488.0  70.00  68.33  93.09 
 489.1  70.00  68.33  93.11 
 490.1  70.00  68.65  93.00 
 491.0  70.00  68.65  92.88 
 492.1  70.00  68.65  92.76 
 493.0  70.00  68.65  92.64 
 494.1  70.00  68.65  92.52 
 495.0  70.00  68.65  92.39 
 496.1  70.00  68.65  92.25 
 497.1  70.00  68.97  91.99 
 498.0  70.00  68.65  91.85 
 499.1  70.00  68.97  91.70 
 500.0  70.00  68.97  91.55 
 501.0  70.00  68.97  91.40 
 502.1  70.00  68.97  91.25 
 503.0  70.00  68.97  91.09 
 504.1  70.00  68.97  90.93 
 505.1  70.00  68.97  90.89 
 506.0  70.00  69.29  90.72 
 507.1  70.00  69.29  90.55 
 508.1  70.00  69.29  90.38 
 509.1  70.00  69.29  90.20 
 510.1  70.00  69.29  90.02 
 511.0  70.00  69.29  89.84 
 512.1  70.00  69.29  89.78 
 513.1  70.00  69.29  89.59 
 514.1  70.00  69.62  89.40 
 515.0  70.00  69.62  89.20 
 516.1  70.00  69.62  89.00 
 517.1  70.00  69.62  88.80 
 518.1  70.00  69.62  88.59 
 519.0  70.00  69.62  88.38 
 520.0  70.00  69.62  88.17 
 521.0  70.00  69.62  88.08 
 522.0  70.00  69.62  88.00 
 523.0  70.00  69.62  87.91 
 524.0  70.00  69.94  87.68 
 525.0  70.00  69.94  87.46 
 526.0  70.00  69.94  87.23 
 527.0  70.00  69.94  87.00 
 528.0  70.00  69.94  86.76 
 529.0  70.00  69.94  86.65 
 530.0  70.00  69.94  86.54 
 531.0  70.00  69.94  86.43 
 532.0  70.00  69.94  86.32 
 533.0  70.00  70.26  86.07 
 534.0  70.00  70.26  85.82 
 535.0  70.00  70.26  85.57 
 536.0  70.00  70.26  85.31 
 537.0  70.00  70.26  85.05 
 538.0  70.00  70.26  84.79 
 539.0  70.00  70.26  84.65 
 540.1  70.00  70.26  84.51 
 541.0  70.00  70.26  84.38 
 542.0  70.00  70.26  84.23 
 543.0  70.00  70.26  84.09 
 544.1  70.00  70.26  83.95 
 545.1  70.00  70.26  83.80 
 546.0  70.00  70.26  83.65 
 547.0  70.00  70.26  83.50 
 548.0  70.00  70.26  83.48 
 549.1  70.00  70.58  83.33 
 550.1  70.00  70.58  83.18 
 551.0  70.00  70.58  83.02 
 552.0  70.00  70.58  82.86 
 553.0  70.00  70.58  82.71 
 554.1  70.00  70.58  82.55 
 555.1  70.00  70.58  82.38 
 556.1  70.00  70.58  82.22 
 557.0  70.00  70.58  82.06 
 558.0  70.00  70.58  81.89 
 559.0  70.00  70.58  81.72 
 560.1  70.00  70.58  81.55 
 561.0  70.00  70.58  81.38 
 562.0  70.00  70.58  81.20 
 563.0  70.00  70.58  81.03 
 564.1  70.00  70.58  80.98 
 565.0  70.00  70.58  80.93 
 566.0  70.00  70.58  80.89 
 567.0  70.00  70.58  80.84 
 568.0  70.00  70.58  80.79 
 569.1  70.00  70.58  80.75 
 570.0  70.00  70.58  80.70 
 571.0  70.00  70.58  80.65 
 572.0  70.00  70.58  80.61 
 573.0  70.00  70.58  80.56 
 574.0  70.00  70.58  80.51 
 575.0  70.00  70.58  80.47 
 576.0  70.00  70.58  80.42 
 577.0  70.00  70.58  80.37 
 578.1  70.00  70.58  80.33 
 579.0  70.00  70.58  80.28 
 580.0  70.00  70.58  80.23 
 581.0  70.00  70.58  80.19 
 582.0  70.00  70.58  80.14 
 583.1  70.00  70.58  80.09 
 584.0  70.00  70.58  80.05 
 585.0  70.00  70.58  80.00 
 586.1  70.00  70.58  79.95 
 587.0  70.00  70.58  79.91 
 588.1  70.00  70.58  79.86 
 589.0  70.00  70.58  79.81 
 590.1  70.00  70.58  79.77 
 591.1  70.00  70.58  79.72 
 592.0  70.00  70.58  79.67 
 593.1  70.00  70.58  79.63 
 594.1  70.00  70.58  79.58 
 595.0  70.00  70.26  79.66 
 596.0  70.00  70.26  79.75 
 597.0  70.00  70.58  79.71 
 598.1  70.00  70.58  79.66 
 599.1  70.00  70.26  79.75 
 600.0  70.00  70.26  79.84 
 601.1  70.00  70.26  79.93 
 602.1  70.00  70.26  80.02 
 603.1  70.00  70.26  80.12 
 604.1  70.00  70.26  80.21 
 605.0  70.00  70.26  80.31 
 606.0  70.00  70.26  80.41 
 607.1  70.00  70.26  80.51 
 608.0  70.00  70.26  80.61 
 609.0  70.00  70.26  80.72 
 610.0  70.00  70.26  80.69 
 611.1  70.00  70.26  80.67 
 612.0  70.00  70.26  80.78 
 613.0  70.00  70.26  80.88 
 614.0  70.00  70.26  80.86 
 615.1  70.00  70.26  80.84 
 616.1  70.00  70.26  80.82 
 617.0  70.00  70.26  80.80 
 618.1  70.00  70.26  80.78 
 619.0  70.00  70.26  80.76 
 620.0  70.00  70.26  80.74 
 621.1  70.00  70.26  80.72 
 622.0  70.00  70.26  80.70 
 623.1  70.00  70.26  80.67 
 624.1  70.00  70.26  80.65 
 625.1  70.00  70.26  80.63 
 626.0  70.00  70.26  80.61 
 627.0  70.00  70.26  80.59 
 628.0  70.00  70.26  80.57 
 629.0  70.00  70.26  80.55 
 630.1  70.00  70.26  80.53 
 631.1  70.00  70.26  80.51 
 632.0  70.00  70.26  80.49 
 633.1  70.00  70.26  80.47 
 634.1  70.00  70.26  80.44 
 635.1  70.00  70.26  80.42 
 636.1  70.00  70.26  80.40 
 637.0  70.00  69.94  80.51 
 638.0  70.00  69.94  80.62 
 639.0  70.00  69.94  80.74 
 640.0  70.00  69.94  80.85 
 641.0  70.00  69.94  80.97 
 642.1  70.00  69.94  81.09 
 643.0  70.00  70.26  81.08 
 644.0  70.00  69.94  81.20 
 645.1  70.00  69.94  81.32 
 646.0  70.00  69.94  81.44 
 647.0  70.00  70.26  81.44 
 648.1  70.00  69.94  81.56 
 649.0  70.00  70.26  81.56 
 650.0  70.00  69.94  81.68 
 651.1  70.00  69.94  81.81 
 652.0  70.00  69.94  81.81 
 653.0  70.00  69.94  81.81 
 654.1  70.00  69.94  81.81 
 655.0  70.00  69.94  81.81 
 656.0  70.00  69.94  81.81 
 657.1  70.00  69.94  81.81 
 658.0  70.00  69.94  81.94 
 659.1  70.00  69.94  81.94 
 660.0  70.00  69.94  81.95 
 661.0  70.00  69.94  81.95 
 662.0  70.00  69.94  82.08 
 663.1  70.00  69.94  82.08 
 664.0  70.00  69.94  82.22 
 665.0  70.00  69.94  82.22 
 666.0  70.00  69.94  82.23 
 667.0  70.00  69.94  82.23 
 668.0  70.00  69.94  82.23 
 669.1  70.00  69.94  82.24 
 670.0  70.00  69.94  82.24 
 671.1  70.00  69.94  82.25 
 672.1  70.00  69.94  82.25 
 673.0  70.00  69.94  82.26 
 674.0  70.00  69.94  82.26 
 675.0  70.00  69.94  82.27 
 676.0  70.00  69.94  82.27 
 677.0  70.00  69.94  82.28 
 678.0  70.00  69.94  82.28 
 679.0  70.00  69.94  82.29 
 680.0  70.00  69.94  82.29 
 681.0  70.00  69.94  82.30 
 682.0  70.00  69.94  82.30 
 683.0  70.00  69.94  82.31 
 684.0  70.00  69.94  82.31 
 685.0  70.00  69.94  82.32 
 686.1  70.00  69.94  82.32 
 687.1  70.00  69.94  82.33 
 688.1  70.00  69.94  82.33 
 689.0  70.00  69.94  82.34 
 690.0  70.00  69.94  82.34 
 691.0  70.00  69.94  82.35 
 692.0  70.00  69.94  82.35 
 693.0  70.00  69.94  82.36 
 694.0  70.00  69.94  82.36 
 695.0  70.00  69.94  82.37 
 696.0  70.00  69.94  82.37 
 697.0  70.00  69.94  82.38 
 698.1  70.00  69.94  82.38 
 699.0  70.00  69.94  82.39 
 700.0  70.00  69.94  82.39 
 701.0  70.00  69.94  82.40 
 702.0  70.00  69.94  82.40 
 703.1  70.00  69.94  82.41 
 704.0  70.00  69.94  82.41 
 705.0  70.00  69.94  82.42 
 706.1  70.00  69.94  82.42 
 707.0  70.00  69.94  82.42 
 708.0  70.00  69.94  82.43 
 709.0  70.00  69.94  82.43 
 710.0  70.00  69.94  82.44 
 711.0  70.00  69.94  82.44 
 712.1  70.00  69.94  82.45 
 713.0  70.00  69.94  82.45 
 714.1  70.00  69.94  82.46 
 715.1  70.00  69.94  82.46 
 716.0  70.00  69.94  82.47 
 717.0  70.00  69.94  82.47 
 718.0  70.00  69.94  82.48 
 719.0  70.00  69.94  82.48 
 720.0  70.00  69.94  82.49 
 721.1  70.00  69.94  82.49 
 722.1  70.00  69.94  82.50 
 723.0  70.00  69.94  82.50 
 724.0  70.00  69.94  82.51 
 725.0  70.00  69.94  82.51 
 726.1  70.00  69.94  82.52 
 727.0  70.00  69.94  82.52 
 728.0  70.00  69.94  82.53 
 729.0  70.00  69.94  82.53 
 730.0  70.00  69.94  82.54 
 731.1  70.00  69.94  82.54 
 732.0  70.00  69.94  82.55 
 733.0  70.00  69.94  82.55 
 734.1  70.00  70.26  82.43 
 735.0  70.00  69.94  82.43 
 736.1  70.00  70.26  82.30 
 737.0  70.00  69.94  82.30 
 738.1  70.00  69.94  82.30 
 739.0  70.00  69.94  82.31 
 740.0  70.00  69.94  82.31 
 741.1  70.00  69.94  82.31 
 742.1  70.00  69.94  82.31 
 743.1  70.00  69.94  82.31 
 744.0  70.00  69.94  82.31 
 745.0  70.00  69.94  82.31 
 746.0  70.00  69.94  82.32 
 747.0  70.00  69.94  82.32 
 748.0  70.00  69.94  82.32 
 749.0  70.00  69.94  82.45 
 750.1  70.00  69.94  82.45 
 751.1  70.00  69.94  82.59 
 752.0  70.00  69.94  82.59 
 753.1  70.00  70.26  82.47 
 754.0  70.00  69.94  82.47 
 755.1  70.00  69.94  82.47 
 756.1  70.00  69.94  82.48 
 757.0  70.00  69.94  82.48 
 758.0  70.00  69.94  82.48 
 759.0  70.00  70.26  82.36 
 760.1  70.00  69.94  82.36 
 761.0  70.00  69.94  82.36 
 762.1  70.00  69.94  82.36 
 763.0  70.00  69.94  82.36 
 764.0  70.00  69.94  82.36 
 765.0  70.00  69.94  82.36 
 766.0  70.00  69.94  82.37 
 767.0  70.00  69.94  82.37 
 768.0  70.00  69.94  82.50 
 769.0  70.00  69.94  82.50 
 770.0  70.00  69.94  82.51 
 771.0  70.00  69.94  82.51 
 772.0  70.00  69.94  82.51 
 773.0  70.00  69.94  82.51 
 774.1  70.00  69.94  82.65 
 775.0  70.00  69.94  82.65 
 776.0  70.00  70.26  82.53 
 777.1  70.00  69.94  82.53 
 778.0  70.00  69.94  82.53 
 779.0  70.00  69.94  82.54 
 780.0  70.00  69.94  82.54 
 781.0  70.00  69.94  82.54 
 782.1  70.00  69.94  82.55 
 783.0  70.00  70.26  82.42 
 784.1  70.00  69.94  82.42 
 785.0  70.00  69.94  82.42 
 786.1  70.00  69.94  82.42 
 787.0  70.00  69.94  82.42 
 788.0  70.00  70.26  82.30 
 789.0  70.00  69.94  82.30 
 790.0  70.00  69.94  82.29 
 791.1  70.00  70.26  82.29 
 792.0  70.00  70.26  82.16 
 793.0  70.00  70.26  82.03 
 794.0  70.00  70.26  81.90 
 795.0  70.00  69.94  81.89 
 796.0  70.00  69.94  81.89 
 797.0  70.00  69.94  81.88 
 798.1  70.00  69.94  82.01 
 799.1  70.00  69.94  82.00 
 800.0  70.00  69.94  82.00 
 801.0  70.00  69.94  81.99 
 802.0  70.00  70.26  81.86 
 803.0  70.00  69.94  81.99 
 804.0  70.00  69.94  81.98 
 805.1  70.00  70.26  81.85 
 806.0  70.00  69.94  81.97 
 807.1  70.00  69.94  82.10 
 808.1  70.00  70.26  82.10 
 809.0  70.00  69.94  82.23 
 810.1  70.00  70.26  82.09 
 811.0  70.00  70.26  81.96 
 812.1  70.00  70.26  81.83 
 813.0  70.00  70.26  81.69 
 814.1  70.00  69.94  81.68 
 815.0  70.00  70.26  81.55 
 816.1  70.00  69.94  81.54 
 817.0  70.00  69.94  81.66 
 818.0  70.00  69.94  81.65 
 819.1  70.00  70.26  81.51 
 820.0  70.00  70.26  81.51 
 821.1  70.00  70.26  81.37 
 822.0  70.00  69.94  81.36 
 823.1  70.00  69.94  81.48 
 824.0  70.00  69.94  81.47 
 825.1  70.00  69.94  81.59 
 826.1  70.00  69.94  81.71 
 827.0  70.00  70.26  81.71 
 828.0  70.00  69.94  81.83 
 829.0  70.00  69.94  81.83 
 830.0  70.00  69.94  81.96 
 831.0  70.00  69.94  81.95 
 832.0  70.00  70.26  81.82 
 833.1  70.00  69.94  81.82 
 834.1  70.00  70.26  81.81 
 835.0  70.00  69.94  81.94 
 836.0  70.00  69.94  82.07 
 837.1  70.00  69.94  82.07 
 838.1  70.00  69.94  82.07 
 839.0  70.00  69.94  82.07 
 840.1  70.00  70.26  81.94 
 841.0  70.00  69.94  81.93 
 842.0  70.00  69.94  82.06 
 843.0  70.00  69.94  82.06 
 844.0  70.00  70.26  81.93 
 845.0  70.00  69.94  81.93 
 846.1  70.00  69.94  81.93 
 847.1  70.00  69.94  82.06 
 848.0  70.00  69.94  82.06 
 849.0  70.00  69.94  82.19 
 850.0  70.00  69.94  82.19 
 851.0  70.00  69.94  82.19 
 852.0  70.00  69.94  82.19 
 853.0  70.00  70.26  82.06 
 854.0  70.00  69.94  82.06 
 855.0  70.00  69.94  82.19 
 856.0  70.00  69.94  82.19 
 857.1  70.00  69.94  82.19 
 858.0  70.00  70.26  82.07 
 859.0  70.00  69.94  82.20 
 860.0  70.00  69.94  82.20 
 861.0  70.00  70.26  82.07 
 862.1  70.00  69.94  82.07 
 863.0  70.00  69.94  82.07 
 864.0  70.00  69.94  82.07 
 865.0  70.00  69.94  82.07 
 866.0  70.00  69.94  82.07 
 867.0  70.00  69.94  82.07 
 868.0  70.00  69.94  82.20 
 869.0  70.00  69.94  82.20 
 870.0  70.00  69.94  82.20 
 871.1  70.00  69.94  82.20 
 872.0  70.00  69.94  82.20 
 873.1  70.00  69.94  82.33 
 874.1  70.00  69.94  82.34 
 875.0  70.00  70.26  82.21 
 876.0  70.00  70.26  82.21 
 877.0  70.00  69.94  82.21 
 878.1  70.00  69.94  82.21 
 879.0  70.00  69.94  82.22 
 880.0  70.00  69.94  82.22 
 881.0  70.00  69.94  82.22 
 882.0  70.00  69.94  82.22 
 883.1  70.00  69.94  82.22 
 884.0  70.00  69.94  82.22 
 885.1  70.00  69.94  82.22 
 886.1  70.00  69.94  82.23 
 887.0  70.00  69.94  82.23 
 888.0  70.00  70.26  82.10 
 889.1  70.00  69.94  82.10 
 890.0  70.00  69.94  82.23 
 891.1  70.00  69.94  82.36 
 892.1  70.00  69.94  82.36 
 893.0  70.00  69.94  82.37 
 894.1  70.00  69.94  82.37 
 895.0  70.00  69.94  82.37 
 896.0  70.00  70.26  82.25 
 897.1  70.00  70.26  82.12 
 898.0  70.00  69.94  82.12 
 899.1  70.00  70.26  81.99 
 900.1  70.00  69.94  81.98 
 901.1  70.00  69.94  81.98 
 902.0  70.00  69.94  81.98 
 903.1  70.00  69.94  82.11 
 904.1  70.00  70.26  81.98 
 905.1  70.00  69.94  81.97 
 906.1  70.00  70.26  81.84 
 907.0  70.00  69.94  81.84 
 908.0  70.00  69.94  81.83 
 909.0  70.00  69.94  81.83 
 910.0  70.00  69.94  81.83 
 911.0  70.00  69.94  81.95 
 912.0  70.00  69.94  82.08 
 913.0  70.00  69.94  82.08 
 914.0  70.00  69.94  82.21 
 915.0  70.00  69.94  82.21 
 916.1  70.00  70.26  82.09 
 917.0  70.00  69.94  82.09 
 918.1  70.00  69.94  82.08 
 919.1  70.00  69.94  82.22 
 920.1  70.00  69.94  82.22 
 921.1  70.00  69.94  82.35 
 922.1  70.00  69.94  82.35 
 923.0  70.00  69.94  82.35 
 924.0  70.00  69.94  82.36 
 925.0  70.00  69.94  82.36 
 926.1  70.00  69.94  82.36 
 927.0  70.00  69.94  82.37 
 928.0  70.00  69.94  82.37 
 929.0  70.00  69.94  82.37 
 930.0  70.00  69.94  82.38 
 931.1  70.00  69.94  82.51 
 932.0  70.00  69.94  82.52 
 933.1  70.00  70.26  82.39 
 934.0  70.00  70.26  82.26 
 935.0  70.00  69.94  82.26 
 936.0  70.00  69.94  82.27 
 937.0  70.00  69.94  82.27 
 938.1  70.00  70.26  82.14 
 939.1  70.00  69.94  82.14 
 940.0  70.00  69.94  82.14 
 941.0  34.00  70.26  67.41 
 942.1  34.00  69.94  52.63 
 943.1  34.00  69.94  37.65 
 944.0  34.00  69.94  22.48 
 945.0  34.00  69.94   7.12 
 946.1  34.00  69.94   0.00 
 947.0  34.00  69.94   0.00 
 948.0  34.00  69.94   0.00 
 949.1  34.00  69.62   0.00 
 950.0  34.00  69.62   0.00 
 951.0  34.00  69.62   0.00 
 952.0  34.00  69.29   0.00 
 953.1  34.00  69.29   0.00 
 954.0  34.00  69.29   0.00 
 955.0  34.00  68.97   0.00 
 956.1  34.00  68.65   0.00 
 957.0  34.00  68.65   0.00 
 958.0  34.00  68.33   0.00 
 959.0  34.00  68.33   0.00 
 960.1  34.00  68.01   0.00 
 961.0  34.00  68.01   0.00 
 962.0  34.00  67.68   0.00 
 963.0  34.00  67.68   0.00 
 964.1  34.00  67.04   0.00 
 965.0  34.00  67.04   0.00 
 966.0  34.00  66.72   0.00 
 967.1  34.00  66.39   0.00 
 968.0  34.00  66.39   0.00 
 969.1  34.00  66.07   0.00 
 970.0  34.00  65.75   0.00 
 971.0  34.00  65.43   0.00 
 972.0  34.00  65.43   0.00 
 973.0  34.00  65.10   0.00 
 974.1  34.00  64.78   0.00 
 975.1  34.00  64.46   0.00 
 976.0  34.00  64.14   0.00 
 977.0  34.00  64.14   0.00 
 978.1  34.00  63.82   0.00 
 979.0  34.00  63.49   0.00 
 980.1  34.00  63.17   0.00 
 981.0  34.00  63.17   0.00 
 982.1  34.00  62.53   0.00 
 983.0  34.00  62.53   0.00 
 984.0  34.00  62.20   0.00 
 985.0  34.00  61.88   0.00 
 986.0  34.00  61.56   0.00 
 987.0  34.00  61.56   0.00 
 988.0  34.00  61.24   0.00 
 989.0  34.00  60.91   0.00 
 990.0  34.00  60.59   0.00 
 991.1  34.00  60.27   0.00 
 992.0  34.00  59.95   0.00 
 993.0  34.00  59.95   0.00 
 994.1  34.00  59.63   0.00 
 995.0  34.00  59.30   0.00 
 996.1  34.00  59.30   0.00 
 997.1  34.00  58.98   0.00 
 998.0  34.00  58.66   0.00 
 999.0  34.00  58.34   0.00 
1000.0  34.00  58.01   0.00 
1001.1  34.00  57.69   0.00 
1002.0  34.00  57.37   0.00 
1003.0  34.00  57.37   0.00 
1004.0  34.00  57.05   0.00 
1005.0  34.00  57.05   0.00 
1006.1  34.00  56.40   0.00 
1007.1  34.00  56.40   0.00 
1008.0  34.00  56.08   0.00 
1009.0  34.00  55.76   0.00 
1010.1  34.00  55.76   0.00 
1011.0  34.00  55.44   0.00 
1012.0  34.00  55.11   0.00 
1013.0  34.00  54.79   0.00 
1014.1  34.00  54.79   0.00 
1015.0  34.00  54.47   0.00 
1016.0  34.00  54.15   0.00 
1017.0  34.00  53.82   0.00 
1018.0  34.00  53.82   0.00 
1019.0  34.00  53.50   0.00 
1020.1  34.00  53.18   0.00 
1021.0  34.00  53.18   0.00 
1022.0  34.00  52.86   0.00 
1023.0  34.00  52.53   0.00 
1024.1  34.00  52.21   0.00 
1025.1  34.00  52.21   0.00 
1026.0  34.00  51.89   0.00 
1027.0  34.00  51.57   0.00 
1028.0  34.00  51.57   0.00 
1029.0  34.00  51.25   0.00 
1030.0  34.00  50.92   0.00 
1031.0  34.00  50.92   0.00 
1032.0  34.00  50.60   0.00 
1033.1  34.00  50.60   0.00 
1034.0  34.00  50.28   0.00 
1035.1  34.00  49.96   0.00 
1036.0  34.00  49.96   0.00 
1037.1  34.00  49.63   0.00 
1038.0  34.00  49.31   0.00 
1039.1  34.00  49.31   0.00 
1040.0  34.00  48.99   0.00 
1041.0  34.00  48.67   0.00 
1042.1  34.00  48.67   0.00 
1043.0  34.00  48.34   0.00 
1044.1  34.00  48.34   0.00 
1045.0  34.00  48.02   0.00 
1046.0  34.00  47.70   0.00 
1047.0  34.00  47.70   0.00 
1048.0  34.00  47.38   0.00 
1049.0  34.00  47.06   0.00 
1050.0  34.00  47.06   0.00 
1051.0  34.00  46.73   0.00 
1052.1  34.00  46.73   0.00 
1053.1  34.00  46.41   0.00 
1054.0  34.00  46.41   0.00 
1055.0  34.00  46.09   0.00 
1056.0  34.00  46.09   0.00 
1057.1  34.00  45.77   0.00 
1058.0  34.00  45.44   1.06 
1059.0  34.00  45.44   1.21 
1060.0  34.00  45.12   1.37 
1061.1  34.00  45.12   1.42 
1062.1  34.00  44.80   1.61 
1063.0  34.00  44.80   1.69 
1064.0  34.00  44.80   1.65 
1065.0  34.00  44.48   1.75 
1066.1  34.00  44.16   1.87 
1067.0  34.00  44.16   2.00 
1068.1  34.00  43.83   2.14 
1069.1  34.00  43.83   2.30 
1070.1  34.00  43.83   2.34 
1071.0  34.00  43.51   2.52 
1072.0  34.00  43.51   2.58 
1073.0  34.00  43.19   2.66 
1074.1  34.00  43.19   2.75 
1075.0  34.00  42.87   2.85 
1076.1  34.00  42.54   3.10 
1077.1  34.00  42.54   3.23 
1078.0  34.00  42.54   3.37 
1079.0  34.00  42.22   3.65 
1080.0  34.00  42.22   3.82 
1081.1  34.00  41.90   3.99 
1082.0  34.00  41.90   4.18 
1083.0  34.00  41.58   4.38 
1084.0  34.00  41.58   4.60 
1085.0  34.00  41.58   4.82 
1086.0  34.00  41.25   5.06 
1087.0  34.00  40.93   5.44 
1088.1  34.00  40.93   5.71 
1089.0  34.00  40.93   5.98 
1090.0  34.00  40.93   6.14 
1091.1  34.00  40.61   6.31 
1092.0  34.00  40.61   6.48 
1093.1  34.00  40.29   6.80 
1094.1  34.00  40.29   7.00 
1095.1  34.00  40.29   7.21 
1096.0  34.00  39.97   7.43 
1097.0  34.00  39.97   7.66 
1098.0  34.00  39.64   7.91 
1099.0  34.00  39.64   8.16 
1100.0  34.00  39.64   8.42 
1101.0  34.00  39.64   8.56 
1102.0  34.00  39.32   8.71 
1103.1  34.00  39.32   8.87 
1104.0  34.00  39.00   9.17 
1105.0  34.00  39.00   9.48 
1106.0  34.00  39.00   9.66 
1107.0  34.00  39.00   9.86 
1108.0  34.00  38.68  10.07 
1109.1  34.00  38.68  10.28 
1110.0  34.00  38.68  10.50 
1111.1  34.00  38.35  10.73 
1112.1  34.00  38.35  10.97 
1113.0  34.00  38.35  11.09 
1114.0  34.00  38.03  11.35 
1115.0  34.00  38.03  11.61 
1116.0  34.00  38.03  11.88 
1117.0  34.00  37.71  12.16 
1118.0  34.00  37.71  12.45 
1119.0  34.00  37.71  12.62 
1120.1  34.00  37.71  12.79 
1121.0  34.00  37.39  13.11 
1122.0  34.00  37.39  13.43 
1123.0  34.00  37.39  13.62 
1124.0  34.00  37.39  13.83 
1125.0  34.00  37.39  14.04 
1126.1  34.00  37.06  14.26 
1127.0  34.00  37.06  14.49 
1128.0  34.00  37.06  14.72 
1129.0  34.00  37.06  14.83 
1130.0  34.00  36.74  15.07 
1131.1  34.00  36.74  15.32 
1132.0  34.00  36.74  15.45 
1133.0  34.00  36.74  15.58 
1134.0  34.00  36.42  15.85 
1135.0  34.00  36.42  16.13 
1136.0  34.00  36.42  16.28 
1137.1  34.00  36.42  16.44 
1138.0  34.00  36.42  16.60 
1139.0  34.00  36.42  16.77 
1140.0  34.00  36.10  17.07 
1141.1  34.00  36.10  17.25 
1142.0  34.00  36.10  17.44 
1143.0  34.00  36.10  17.62 
1144.0  34.00  36.10  17.82 
1145.0  34.00  36.10  17.89 
1146.0  34.00  36.10  17.96 
1147.1  34.00  35.78  18.17 
1148.1  34.00  35.78  18.38 
1149.0  34.00  35.78  18.47 
1150.0  34.00  35.78  18.56 
1151.0  34.00  35.78  18.65 
1152.0  34.00  35.78  18.75 
1153.1  34.00  35.78  18.85 
1154.1  34.00  35.78  18.95 
1155.1  34.00  35.78  18.93 
1156.0  34.00  35.45  19.04 
1157.0  34.00  35.45  19.15 
1158.0  34.00  35.45  19.27 
1159.1  34.00  35.45  19.39 
1160.0  34.00  35.45  19.51 
1161.0  34.00  35.45  19.63 
1162.0  34.00  35.45  19.63 
1163.0  34.00  35.45  19.63 
1164.0  34.00  35.13  19.77 
1165.0  34.00  35.13  19.90 
1166.1  34.00  35.13  20.04 
1167.0  34.00  35.13  20.19 
1168.1  34.00  35.13  20.33 
1169.0  34.00  35.13  20.48 
1170.1  34.00  35.13  20.64 
1171.0  34.00  35.13  20.66 
1172.0  34.00  35.13  20.69 
1173.0  34.00  35.13  20.72 
1174.0  34.00  35.13  20.75 
1175.0  34.00  35.13  20.79 
1176.0  34.00  35.13  20.82 
1177.0  34.00  35.13  20.86 
1178.1  34.00  35.13  20.90 
1179.0  34.00  35.13  20.81 
1180.0  34.00  34.81  20.85 
1181.0  34.00  34.81  20.89 
1182.1  34.00  34.81  20.93 
1183.0  34.00  34.81  20.98 
1184.0  34.00  34.81  21.02 
1185.0  34.00  34.81  21.07 
1186.0  34.00  34.81  21.12 
1187.0  34.00  34.81  21.18 
1188.0  34.00  34.81  21.23 
1189.0  34.00  34.81  21.29 
1190.1  34.00  34.81  21.34 
1191.0  34.00  34.81  21.40 
1192.1  34.00  34.81  21.46 
1193.1  34.00  34.81  21.52 
1194.0  34.00  34.81  21.59 
1195.0  34.00  34.81  21.52 
1196.0  34.00  34.81  21.46 
1197.0  34.00  34.81  21.40 
1198.0  34.00  34.81  21.33 
1199.1  34.00  34.81  21.27 
1200.0  34.00  34.49  21.33 
1201.1  34.00  34.81  21.27 
1202.1  34.00  34.81  21.21 
1203.0  34.00  34.49  21.27 
1204.0  34.00  34.49  21.34 
1205.1  34.00  34.49  21.41 
1206.0  34.00  34.49  21.49 
1207.0  34.00  34.49  21.56 
1208.0  34.00  34.49  21.64 
1209.0  34.00  34.49  21.72 
1210.1  34.00  34.81  21.66 
1211.0  34.00  34.49  21.74 
1212.1  34.00  34.49  21.83 
1213.1  34.00  34.49  21.91 
1214.0  34.00  34.49  21.99 
1215.1  34.00  34.49  21.95 
1216.0  34.00  34.49  22.04 
1217.0  34.00  34.49  22.12 
1218.0  34.00  34.49  22.08 
1219.0  34.00  34.49  22.04 
1220.1  34.00  34.49  22.00 
1221.0  34.00  34.49  21.96 
1222.0  34.00  34.49  21.92 
1223.0  34.00  34.49  21.88 
1224.1  34.00  34.49  21.84 
1225.0  34.00  34.49  21.93 
1226.0  34.00  34.49  21.89 
1227.0  34.00  34.49  21.85 
1228.1  34.00  34.49  21.81 
1229.0  34.00  34.49  21.78 
1230.1  34.00  34.49  21.74 
1231.1  34.00  34.49  21.70 
1232.0  34.00  34.49  21.66 
1233.0  34.00  34.49  21.62 
1234.0  34.00  34.49  21.58 
1235.1  34.00  34.49  21.54 
1236.0  34.00  34.49  21.50 
1237.0  34.00  34.49  21.46 
1238.0  34.00  34.49  21.43 
1239.0  34.00  34.49  21.39 
1240.0  34.00  34.16  21.48 
1241.0  34.00  34.49  21.44 
1242.1  34.00  34.49  21.40 
1243.0  34.00  34.49  21.37 
1244.0  34.00  34.49  21.33 
1245.0  34.00  34.49  21.29 
1246.1  34.00  34.49  21.25 
1247.0  34.00  34.49  21.22 
1248.0  34.00  34.16  21.31 
1249.0  34.00  34.16  21.41 
1250.0  34.00  34.49  21.37 
1251.0  34.00  34.16  21.47 
1252.0  34.00  34.16  21.57 
1253.0  34.00  34.49  21.54 
1254.0  34.00  34.49  21.51 
1255.1  34.00  34.49  21.35 
1256.0  34.00  34.16  21.45 
1257.0  34.00  34.49  21.42 
1258.1  34.00  34.16  21.52 
1259.0  34.00  34.16  21.62 
1260.0  34.00  34.16  21.72 
1261.1  34.00  34.16  21.83 
1262.0  34.00  34.16  21.93 
1263.0  34.00  34.16  21.91 
1264.1  34.00  34.16  21.89 
1265.1  34.00  34.49  21.87 
1266.0  34.00  34.16  21.85 
1267.1  34.00  34.16  21.83 
1268.0  34.00  34.16  21.93 
1269.0  34.00  34.16  22.05 
1270.1  34.00  34.16  22.16 
1271.0  34.00  34.16  22.14 
1272.0  34.00  34.49  22.12 
1273.1  34.00  34.16  22.11 
1274.0  34.00  34.16  22.09 
1275.1  34.00  34.16  22.07 
1276.1  34.00  34.16  22.06 
1277.0  34.00  34.49  21.91 
1278.1  34.00  34.16  21.89 
1279.1  34.00  34.16  21.87 
1280.1  34.00  34.16  21.99 
1281.0  34.00  34.16  21.97 
1282.0  34.00  34.16  21.95 
1283.0  34.00  34.16  21.94 
1284.1  34.00  34.16  21.92 
1285.1  34.00  34.16  21.90 
1286.0  34.00  34.16  21.89 
1287.0  34.00  34.16  22.00 
1288.1  34.00  34.16  21.99 
1289.0  34.00  34.16  21.97 
1290.0  34.00  34.16  21.96 
1291.1  34.00  34.16  21.94 
1292.0  34.00  34.16  22.06 
1293.0  34.00  34.16  22.05 
1294.0  34.00  34.16  22.03 
1295.1  34.00  34.16  22.02 
1296.0  34.00  34.16  22.01 
1297.1  34.00  34.16  21.99 
1298.1  34.00  34.16  21.98 
1299.0  34.00  34.16  21.97 
1300.0  34.00  34.16  21.95 
1301.0  34.00  34.16  21.94 
1302.0  34.00  34.16  21.93 
1303.0  34.00  34.16  21.91 
1304.0  34.00  34.16  21.90 
1305.0  34.00  34.16  21.89 
1306.0  34.00  34.16  21.87 
1307.0  34.00  34.16  21.86 
1308.0  34.00  34.16  21.85 
1309.0  34.00  34.16  21.84 
1310.1  34.00  34.16  21.82 
1311.0  34.00  34.16  21.81 
1312.0  34.00  34.16  21.80 
1313.1  34.00  34.16  21.78 
1314.0  34.00  34.16  21.77 
1315.0  34.00  34.16  21.76 
1316.0  34.00  34.16  21.74 
1317.1  34.00  34.16  21.73 
1318.1  34.00  34.16  21.72 
1319.1  34.00  34.16  21.70 
1320.0  34.00  34.16  21.69 
1321.0  34.00  34.16  21.68 
1322.1  34.00  34.16  21.67 
1323.0  34.00  34.16  21.65 
1324.1  34.00  34.16  21.64 
1325.0  34.00  34.16  21.63 
1326.0  34.00  34.16  21.61 
1327.1  34.00  34.16  21.60 
1328.0  34.00  34.16  21.59 
1329.0  34.00  34.16  21.57 
1330.0  34.00  34.16  21.56 
1331.1  34.00  34.16  21.55 
1332.1  34.00  34.16  21.53 
1333.0  34.00  34.16  21.52 
1334.0  34.00  34.16  21.51 
1335.0  34.00  34.16  21.49 
1336.0  34.00  34.16  21.48 
1337.0  34.00  34.16  21.47 
1338.0  34.00  34.16  21.46 
1339.1  34.00  34.16  21.44 
1340.0  34.00  34.16  21.43 
1341.0  34.00  34.16  21.42 
1342.0  34.00  34.16  21.40 
1343.1  34.00  34.16  21.39 
1344.0  34.00  34.16  21.38 
1345.0  34.00  34.16  21.36 
1346.0  34.00  34.16  21.35 
1347.0  34.00  34.16  21.34 
1348.0  34.00  34.16  21.32 
1349.0  34.00  34.16  21.31 
1350.1  34.00  34.16  21.30 
1351.0  34.00  34.16  21.29 
1352.0  34.00  34.16  21.27 
1353.1  34.00  34.16  21.26 
1354.1  34.00  34.16  21.25 
1355.0  34.00  34.16  21.23 
1356.0  34.00  34.16  21.22 
1357.0  34.00  33.84  21.34 
1358.1  34.00  34.16  21.33 
1359.0  34.00  34.16  21.31 
1360.0  34.00  34.16  21.30 
1361.0  34.00  34.16  21.29 
1362.1  34.00  34.16  21.28 
1363.0  34.00  34.16  21.27 
1364.0  34.00  34.16  21.26 
1365.1  34.00  34.16  21.25 
1366.0  34.00  34.16  21.23 
1367.0  34.00  34.16  21.22 
1368.0  34.00  34.16  21.21 
1369.1  34.00  34.16  21.20 
1370.1  34.00  34.16  21.19 
1371.0  34.00  34.16  21.18 
1372.0  34.00  34.16  21.04 
1373.1  34.00  34.16  21.02 
1374.1  34.00  33.84  21.14 
1375.0  34.00  33.84  21.26 
1376.0  34.00  34.16  21.25 
1377.0  34.00  34.16  21.24 
1378.0  34.00  34.16  21.23 
1379.0  34.00  34.16  21.22 
1380.0  34.00  34.16  21.21 
1381.1  34.00  33.84  21.33 
1382.0  34.00  34.16  21.32 
1383.1  34.00  33.84  21.45 
1384.0  34.00  34.16  21.44 
1385.0  34.00  34.16  21.43 
1386.1  34.00  34.16  21.43 
1387.0  34.00  33.84  21.55 
1388.0  34.00  33.84  21.68 
1389.0  34.00  34.16  21.55 
1390.1  34.00  33.84  21.54 
1391.1  34.00  33.84  21.67 
1392.1  34.00  33.84  21.79 
1393.0  34.00  33.84  21.92 
1394.0  34.00  34.16  21.92 
1395.0  34.00  33.84  22.06 
1396.1  34.00  34.16  21.93 
1397.0  34.00  33.84  22.06 
1398.0  34.00  33.84  22.06 
1399.0  34.00  33.84  22.19 
1400.0  34.00  33.84  22.33 
1401.1  34.00  33.84  22.47 
1402.1  34.00  33.84  22.47 
1403.1  34.00  33.84  22.48 
1404.0  34.00  33.84  22.62 
1405.0  34.00  33.84  22.63 
1406.0  34.00  33.84  22.64 
1407.0  34.00  33.84  22.65 
1408.0  34.00  33.84  22.66 
1409.1  34.00  33.84  22.80 
1410.0  34.00  33.84  22.81 
1411.0  34.00  33.84  22.95 
1412.0  34.00  33.84  22.96 
1413.1  34.00  33.84  22.97 
1414.1  34.00  34.16  22.86 
1415.0  34.00  34.16  22.74 
1416.0  34.00  33.84  22.75 
1417.0  34.00  33.84  22.75 
1418.1  34.00  33.84  22.76 
1419.0  34.00  33.84  22.77 
1420.0  34.00  34.16  22.65 
1421.1  34.00  34.16  22.53 
1422.0  34.00  33.84  22.53 
1423.1  34.00  33.84  22.54 
1424.1  34.00  33.84  22.55 
1425.1  34.00  33.84  22.55 
1426.0  34.00  33.84  22.56 
1427.0  34.00  34.16  22.43 
1428.0  34.00  33.84  22.44 
1429.1  34.00  33.84  22.57 
1430.1  34.00  33.84  22.71 
1431.0  34.00  34.16  22.58 
1432.0  34.00  34.16  22.46 
1433.1  34.00  33.84  22.46 
1434.0  34.00  34.16  22.34 
1435.1  34.00  33.84  22.47 
1436.0  34.00  34.16  22.47 
1437.1  34.00  34.16  22.35 
1438.0  34.00  34.16  22.22 
1439.0  34.00  33.84  22.22 
1440.0  34.00  34.16  22.09 
1441.0  34.00  34.16  21.96 
1442.1  34.00  34.16  21.96 
1443.0  34.00  33.84  21.95 
1444.1  34.00  34.16  21.82 
1445.1  34.00  34.16  21.68 
1446.0  34.00  33.84  21.81 
1447.0  34.00  33.84  21.94 
1448.0  34.00  34.16  21.80 
1449.1  34.00  34.16  21.80 
1450.0  34.00  34.16  21.66 
1451.1  34.00  34.16  21.66 
1452.0  34.00  34.16  21.65 
1453.0  34.00  34.16  21.64 
1454.1  34.00  34.16  21.51 
1455.0  34.00  33.84  21.63 
1456.0  34.00  33.84  21.75 
1457.1  34.00  33.84  21.88 
1458.0  34.00  34.16  21.75 
1459.0  34.00  33.84  21.87 
1460.0  34.00  34.16  21.87 
1461.1  34.00  34.16  21.74 
1462.1  34.00  34.16  21.60 
1463.1  34.00  33.84  21.73 
1464.1  34.00  34.16  21.72 
1465.0  34.00  34.16  21.72 
1466.0  34.00  33.84  21.84 
1467.1  34.00  34.16  21.84 
1468.0  34.00  34.16  21.84 
1469.0  34.00  34.16  21.83 
1470.0  34.00  33.84  21.83 
1471.1  34.00  34.16  21.70 
1472.0  34.00  34.16  21.56 
1473.0  34.00  33.84  21.69 
1474.1  34.00  34.16  21.55 
1475.0  34.00  33.84  21.68 
1476.0  34.00  33.84  21.80 
1477.1  34.00  34.16  21.80 
1478.1  30.00  33.84  20.18 
1479.0  30.00  34.16  18.53 
1480.0  30.00  34.16  16.86 
1481.0  30.00  34.16  15.04 
1482.0  30.00  34.16  13.33 
1483.0  30.00  34.16  11.60 
1484.0  30.00  34.16   9.85 
1485.0  30.00  33.84   8.07 
1486.1  30.00  33.84   6.41 
1487.0  30.00  33.84   4.72 
1488.0  30.00  33.84   2.88 
1489.1  30.00  33.84   1.16 
1490.0  30.00  33.84   0.00 
1491.0  30.00  33.84   0.00 
1492.0  30.00  33.84   0.00 
1493.0  30.00  33.84   0.00 
1494.0  30.00  33.84   0.00 
1495.1  30.00  33.84   0.00 
1496.0  30.00  33.52   0.00 
1497.1  30.00  33.84   0.00 
1498.0  30.00  33.52   0.00 
1499.0  30.00  33.52   0.00 
1500.0  30.00  33.52   0.00 
1501.0  30.00  33.52   0.00 
1502.0  30.00  33.20   0.00 
1503.0  30.00  33.20   0.00 
1504.0  30.00  33.20   0.00 
1505.0  30.00  33.20   0.00 
1506.0  30.00  33.20   0.00 
1507.1  30.00  33.20   0.00 
1508.0  30.00  32.87   0.00 
1509.1  30.00  32.87   0.00 
1510.1  30.00  32.87   0.35 
1511.1  30.00  32.87   0.35 
1512.1  30.00  32.55   0.61 
1513.1  30.00  32.55   0.75 
1514.0  30.00  32.55   0.90 
1515.0  30.00  32.55   1.05 
1516.0  30.00  32.55   1.20 
1517.0  30.00  32.55   1.23 
1518.1  30.00  32.55   1.26 
1519.1  30.00  32.23   1.43 
1520.1  30.00  32.23   1.60 
1521.1  30.00  32.23   1.78 
1522.0  30.00  31.91   2.09 
1523.0  30.00  32.23   2.15 
1524.1  30.00  31.91   2.35 
1525.0  30.00  31.91   2.54 
1526.0  30.00  31.91   2.75 
1527.0  30.00  31.91   2.82 
1528.0  30.00  31.59   3.04 
1529.1  30.00  31.59   3.25 
1530.0  30.00  31.59   3.48 
1531.1  30.00  31.59   3.70 
1532.0  30.00  31.59   3.94 
1533.0  30.00  31.59   4.17 
1534.1  30.00  31.26   4.42 
1535.0  30.00  31.26   4.66 
1536.1  30.00  31.26   4.92 
1537.0  30.00  31.26   5.04 
1538.0  30.00  30.94   5.44 
1539.0  30.00  30.94   5.71 
1540.0  30.00  30.94   5.98 
1541.0  30.00  30.94   6.26 
1542.0  30.00  30.94   6.54 
1543.1  30.00  30.94   6.70 
1544.0  30.00  30.62   6.99 
1545.0  30.00  30.62   7.29 
1546.1  30.00  30.62   7.59 
1547.0  30.00  30.62   7.90 
1548.0  30.00  30.62   8.21 
1549.1  30.00  30.62   8.40 
1550.0  30.00  30.62   8.59 
1551.0  30.00  30.62   8.79 
1552.1  30.00  30.30   9.12 
1553.0  30.00  30.30   9.32 
1554.0  30.00  30.30   9.53 
1555.1  30.00  30.30   9.74 
1556.0  30.00  30.30   9.95 
1557.1  30.00  30.30  10.17 
1558.0  30.00  29.97  10.52 
1559.1  30.00  29.97  10.74 
1560.0  30.00  29.97  10.97 
1561.0  30.00  29.97  11.21 
1562.0  30.00  29.97  11.44 
1563.0  30.00  29.97  11.68 
1564.0  30.00  29.97  11.92 
1565.0  30.00  29.97  12.17 
1566.1  30.00  29.97  12.42 
1567.0  30.00  29.97  12.54 
1568.0  30.00  29.65  12.80 
1569.0  30.00  29.65  13.05 
1570.0  30.00  29.65  13.32 
1571.0  30.00  29.65  13.58 
1572.1  30.00  29.65  13.85 
1573.1  30.00  29.65  13.99 
1574.0  30.00  29.65  14.13 
1575.1  30.00  29.65  14.28 
1576.0  30.00  29.65  14.43 
1577.0  30.00  29.65  14.57 
1578.0  30.00  29.65  14.72 
1579.1  30.00  29.65  14.87 
1580.0  30.00  29.65  15.03 
1581.0  30.00  29.65  15.18 
1582.1  30.00  29.65  15.34 
1583.0  30.00  29.65  15.37 
1584.1  30.00  29.33  15.53 
1585.0  30.00  29.33  15.69 
1586.0  30.00  29.65  15.72 
1587.0  30.00  29.65  15.75 
1588.0  30.00  29.33  15.91 
1589.1  30.00  29.33  16.08 
1590.0  30.00  29.65  16.11 
1591.0  30.00  29.33  16.28 
1592.0  30.00  29.65  16.31 
1593.0  30.00  29.65  16.35 
1594.1  30.00  29.65  16.38 
1595.0  30.00  29.33  16.55 
1596.1  30.00  29.65  16.59 
1597.0  30.00  29.33  16.76 
1598.1  30.00  29.33  16.93 
1599.1  30.00  29.33  16.97 
1600.0  30.00  29.33  17.01 
1601.0  30.00  29.65  17.05 
1602.0  30.00  29.65  17.10 
1603.0  30.00  29.33  17.14 
1604.1  30.00  29.65  17.05 
1605.1  30.00  29.65  17.09 
1606.0  30.00  29.33  17.13 
1607.1  30.00  29.33  17.30 
1608.0  30.00  29.65  17.34 
1609.0  30.00  29.33  17.51 
1610.1  30.00  29.65  17.43 
1611.1  30.00  29.65  17.47 
1612.0  30.00  29.33  17.51 
1613.1  30.00  29.33  17.55 
1614.1  30.00  29.65  17.46 
1615.0  30.00  29.65  17.37 
1616.0  30.00  29.65  17.41 
1617.0  30.00  29.65  17.45 
1618.0  30.00  29.65  17.35 
1619.0  30.00  29.65  17.39 
1620.1  30.00  29.65  17.43 
1621.1  30.00  29.65  17.33 
1622.1  30.00  29.65  17.24 
1623.1  30.00  29.65  17.27 
1624.0  30.00  29.65  17.17 
1625.1  30.00  29.65  17.20 
1626.1  30.00  29.65  17.24 
1627.1  30.00  29.65  17.14 
1628.1  30.00  29.65  17.03 
1629.1  30.00  29.65  17.06 
1630.1  30.00  29.65  17.09 
1631.1  30.00  29.65  17.12 
1632.1  30.00  29.65  17.15 
1633.1  30.00  29.65  17.17 
1634.1  30.00  29.65  17.20 
1635.1  30.00  29.65  17.23 
1636.1  30.00  29.65  17.26 
1637.1  30.00  29.65  17.29 
1638.0  30.00  29.65  17.31 
1639.1  30.00  29.97  17.21 
1640.0  30.00  29.65  17.24 
1641.0  30.00  29.97  17.13 
1642.1  30.00  29.65  17.16 
1643.1  30.00  29.65  17.18 
1644.1  30.00  29.97  17.08 
1645.1  30.00  29.65  17.10 
1646.0  30.00  29.65  17.12 
1647.0  30.00  29.97  17.01 
1648.0  30.00  29.65  17.03 
1649.0  30.00  29.97  16.92 
1650.0  30.00  29.97  16.81 
1651.1  30.00  29.65  16.83 
1652.1  30.00  29.97  16.72 
1653.1  30.00  29.97  16.60 
1654.0  30.00  29.97  16.62 
1655.0  30.00  29.97  16.50 
1656.0  30.00  29.97  16.51 
1657.1  30.00  29.97  16.39 
1658.0  30.00  29.97  16.27 
1659.0  30.00  29.97  16.28 
1660.0  30.00  29.97  16.16 
1661.1  30.00  29.97  16.04 
1662.0  30.00  29.97  16.04 
1663.1  30.00  29.97  15.92 
1664.1  30.00  29.97  15.92 
1665.0  30.00  29.97  15.93 
1666.1  30.00  29.97  15.80 
1667.0  30.00  29.97  15.80 
1668.0  30.00  29.97  15.80 
1669.0  30.00  29.97  15.81 
1670.0  30.00  29.97  15.81 
1671.1  30.00  29.97  15.81 
1672.0  30.00  29.97  15.81 
1673.0  30.00  29.97  15.81 
1674.0  30.00  29.97  15.82 
1675.0  30.00  29.97  15.82 
1676.1  30.00  29.97  15.82 
1677.0  30.00  29.97  15.82 
1678.0  30.00  29.97  15.82 
1679.0  30.00  29.97  15.83 
1680.0  30.00  29.97  15.83 
1681.0  30.00  29.97  15.83 
1682.1  30.00  29.97  15.83 
1683.0  30.00  29.97  15.83 
1684.0  30.00  29.97  15.84 
1685.0  30.00  29.97  15.84 
1686.1  30.00  29.97  15.84 
1687.1  30.00  29.97  15.84 
1688.0  30.00  29.97  15.85 
1689.1  30.00  29.97  15.85 
1690.0  30.00  29.97  15.85 
1691.0  30.00  29.97  15.85 
1692.0  30.00  29.97  15.85 
1693.0  30.00  29.97  15.86 
1694.0  30.00  29.97  15.86 
1695.0  30.00  29.97  15.86 
1696.1  30.00  29.97  15.86 
1697.0  30.00  29.97  15.86 
1698.0  30.00  29.97  15.87 
1699.0  30.00  29.97  15.87 
1700.1  30.00  29.97  15.87 
1701.0  30.00  29.97  15.87 
1702.0  30.00  29.97  15.87 
1703.0  30.00  29.97  15.88 
1704.1  30.00  29.97  15.88 
1705.0  30.00  29.97  15.88 
1706.0  30.00  29.97  15.88 
1707.0  30.00  29.97  15.88 
1708.1  30.00  29.97  15.89 
1709.1  30.00  29.97  15.89 
1710.0  30.00  29.97  15.89 
1711.0  30.00  29.97  15.89 
1712.0  30.00  29.97  15.90 
1713.0  30.00  29.97  15.90 
1714.1  30.00  29.97  15.90 
1715.0  30.00  29.97  15.90 
1716.1  30.00  29.97  15.90 
1717.1  30.00  29.97  15.91 
1718.0  30.00  29.97  15.91 
1719.1  30.00  29.97  15.91 
1720.0  30.00  29.97  15.91 
1721.1  30.00  29.97  15.91 
1722.0  30.00  29.97  15.92 
1723.0  30.00  30.30  15.79 
1724.0  30.00  29.97  15.79 
1725.1  30.00  29.97  15.79 
1726.1  30.00  29.97  15.79 
1727.0  30.00  29.97  15.79 
1728.1  30.00  30.30  15.66 
1729.0  30.00  30.30  15.53 
1730.0  30.00  30.30  15.39 
1731.0  30.00  29.97  15.39 
1732.1  30.00  30.30  15.25 
1733.0  30.00  29.97  15.25 
1734.1  30.00  30.30  15.11 
1735.1  30.00  30.30  14.97 
1736.0  30.00  29.97  14.96 
1737.0  30.00  30.30  14.82 
1738.0  30.00  30.30  14.81 
1739.0  30.00  30.30  14.67 
1740.0  30.00  30.30  14.52 
1741.0  30.00  30.30  14.38 
1742.0  30.00  30.30  14.23 
1743.0  30.00  30.30  14.21 
1744.0  30.00  30.30  14.19 
1745.0  30.00  29.97  14.30 
1746.0  30.00  29.97  14.29 
1747.0  30.00  29.97  14.40 
1748.0  30.00  29.97  14.39 
1749.0  30.00  30.30  14.37 
1750.0  30.00  30.30  14.36 
1751.0  30.00  29.97  14.34 
1752.0  30.00  29.97  14.46 
1753.0  30.00  30.30  14.44 
1754.1  30.00  30.30  14.43 
1755.0  30.00  30.30  14.42 
1756.1  30.00  29.97  14.53 
1757.0  30.00  29.97  14.65 
1758.1  30.00  29.97  14.77 
1759.1  30.00  29.97  14.89 
1760.0  30.00  29.97  14.89 
1761.1  30.00  29.97  14.88 
1762.0  30.00  29.97  14.88 
1763.0  30.00  29.97  14.87 
1764.0  30.00  29.97  14.99 
1765.1  30.00  29.97  15.12 
1766.0  30.00  30.30  14.99 
1767.0  30.00  29.97  14.98 
1768.0  30.00  29.97  15.11 
1769.1  30.00  29.97  15.23 
1770.1  30.00  29.97  15.36 
1771.0  30.00  29.97  15.36 
1772.0  30.00  29.97  15.36 
1773.0  30.00  29.97  15.36 
1774.0  30.00  29.97  15.36 
1775.1  30.00  29.97  15.36 
1776.0  30.00  29.97  15.37 
1777.1  30.00  29.97  15.37 
1778.0  30.00  29.97  15.37 
1779.0  30.00  29.97  15.37 
1780.0  30.00  29.97  15.37 
1781.0  30.00  29.97  15.50 
1782.1  30.00  29.97  15.50 
1783.0  30.00  29.97  15.50 
1784.1  30.00  29.97  15.50 
1785.0  30.00  29.97  15.51 
1786.0  30.00  29.97  15.51 
1787.0  30.00  29.97  15.51 
1788.1  30.00  29.97  15.51 
1789.0  30.00  29.97  15.51 
1790.0  30.00  30.30  15.39 
1791.0  30.00  29.97  15.39 
1792.0  30.00  29.97  15.39 
1793.1  30.00  29.97  15.39 
1794.0  30.00  29.97  15.39 
1795.0  30.00  29.97  15.39 
1796.0  30.00  29.97  15.39 
1797.0  30.00  29.97  15.39 
1798.1  30.00  29.97  15.39 
1799.0  30.00  29.97  15.39 
1800.1  30.00  29.97  15.39 
1801.1  30.00  29.97  15.39 
1802.0  30.00  29.97  15.39 
1803.0  30.00  29.97  15.39 
1804.0  30.00  29.97  15.39 
1805.0  30.00  29.97  15.52 
1806.1  30.00  29.97  15.52 
1807.0  30.00  29.97  15.53 
1808.1  30.00  29.97  15.53 
1809.0  30.00  29.97  15.53 
1810.1  30.00  29.97  15.53 
1811.0  30.00  29.97  15.53 
1812.0  30.00  29.97  15.54 
1813.1  30.00  29.97  15.54 
1814.0  30.00  29.97  15.54 
1815.0  30.00  29.97  15.54 
1816.0  30.00  29.97  15.55 
1817.0  30.00  29.97  15.55 
1818.1  30.00  29.97  15.55 
1819.0  30.00  29.97  15.55 
1820.0  30.00  29.97  15.55 
1821.0  30.00  29.97  15.56 
1822.1  30.00  29.97  15.56 
1823.1  30.00  29.97  15.56 
1824.0  30.00  29.97  15.56 
1825.0  30.00  29.97  15.56 
1826.0  30.00  29.97  15.57 
1827.1  30.00  29.97  15.57 
1828.0  30.00  29.97  15.57 
1829.1  30.00  29.97  15.57 
1830.0  30.00  29.97  15.57 
1831.0  30.00  29.97  15.58 
1832.0  30.00  29.97  15.58 
1833.0  30.00  29.97  15.58 
1834.1  30.00  29.97  15.58 
1835.0  30.00  29.97  15.58 
1836.0  30.00  29.97  15.59 
1837.0  30.00  29.97  15.59 
1838.0  30.00  29.97  15.59 
1839.1  30.00  29.97  15.59 
1840.0  30.00  29.97  15.60 
1841.0  30.00  29.97  15.60 
1842.0  30.00  29.97  15.60 
1843.0  30.00  29.97  15.60 
1844.1  30.00  30.30  15.47 
1845.0  30.00  29.97  15.47 
1846.1  30.00  29.97  15.47 
1847.1  30.00  29.97  15.47 
1848.0  30.00  29.97  15.47 
1849.1  30.00  29.97  15.47 
1850.0  30.00  29.97  15.48 
1851.0  30.00  29.97  15.48 
1852.1  30.00  29.97  15.48 
1853.0  30.00  29.97  15.48 
1854.1  30.00  29.97  15.48 
1855.0  30.00  29.97  15.48 
1856.0  30.00  29.97  15.48 
1857.0  30.00  29.97  15.48 
1858.0  30.00  29.97  15.48 
1859.0  30.00  29.97  15.61 
1860.0  30.00  29.97  15.61 
1861.0  30.00  29.97  15.61 
1862.1  30.00  29.97  15.62 
1863.0  30.00  29.97  15.62 
1864.0  30.00  29.97  15.62 
1865.0  30.00  29.97  15.62 
1866.0  30.00  29.97  15.62 
1867.1  30.00  29.97  15.63 
1868.0  30.00  30.30  15.50 
1869.1  30.00  29.97  15.50 
1870.0  30.00  29.97  15.50 
1871.0  30.00  29.97  15.50 
1872.1  30.00  29.97  15.50 
1873.0  30.00  30.30  15.37 
1874.0  30.00  29.97  15.37 
1875.0  30.00  30.30  15.24 
1876.0  30.00  29.97  15.23 
1877.1  30.00  29.97  15.23 
1878.1  30.00  29.97  15.23 
1879.0  30.00  29.97  15.22 
1880.0  30.00  29.97  15.22 
1881.1  30.00  29.97  15.22 
1882.0  30.00  30.30  15.08 
1883.1  30.00  29.97  15.21 
1884.0  30.00  29.97  15.21 
1885.0  30.00  29.97  15.20 
1886.1  30.00  29.97  15.20 
1887.0  30.00  29.97  15.20 
1888.1  30.00  29.97  15.32 
1889.0  30.00  29.97  15.32 
1890.0  30.00  29.97  15.45 
1891.0  30.00  29.97  15.45 
1892.1  30.00  29.97  15.45 
1893.0  30.00  29.97  15.45 
1894.0  30.00  29.97  15.45 
1895.1  30.00  29.97  15.45 
1896.0  30.00  29.97  15.45 
1897.0  30.00  29.97  15.59 
1898.0  30.00  29.97  15.59 
1899.0  30.00  29.97  15.59 
1900.0  30.00  29.97  15.59 
1901.0  30.00  29.97  15.59 
1902.0  30.00  29.97  15.60 
1903.1  30.00  29.97  15.60 
1904.0  30.00  29.97  15.60 
1905.1  30.00  29.97  15.60 
1906.1  30.00  29.97  15.60 
1907.0  30.00  29.97  15.61 
1908.1  30.00  29.97  15.61 
1909.0  30.00  29.97  15.61 
1910.0  30.00  29.97  15.61 
1911.0  30.00  30.30  15.48 
1912.0  30.00  29.97  15.48 
1913.1  30.00  29.97  15.48 
1914.1  30.00  29.97  15.49 
1915.0  30.00  29.97  15.49 
1916.1  30.00  29.97  15.49 
1917.1  30.00  30.30  15.36 
1918.1  30.00  29.97  15.35 
1919.0  30.00  30.30  15.22 
1920.0  30.00  29.97  15.22 
1921.0  30.00  29.97  15.22 
1922.0  30.00  30.30  15.08 
1923.1  30.00  29.97  15.08 
1924.0  30.00  29.97  15.07 
1925.1  30.00  29.97  15.07 
1926.1  30.00  29.97  15.19 
1927.0  30.00  29.97  15.19 
1928.0  30.00  29.97  15.19 
1929.0  30.00  29.97  15.18 
1930.1  30.00  29.97  15.18 
1931.0  30.00  29.97  15.18 
1932.1  30.00  29.97  15.31 
1933.0  30.00  29.97  15.30 
1934.1  30.00  29.97  15.43 
1935.0  30.00  29.97  15.43 
1936.0  30.00  29.97  15.43 
1937.0  30.00  29.97  15.57 
1938.0  30.00  29.97  15.57 
1939.1  30.00  29.97  15.57 
1940.0  30.00  29.97  15.57 
1941.0  30.00  29.97  15.57 
1942.0  30.00  29.97  15.58 
1943.0  30.00  29.97  15.58 
1944.0  30.00  30.30  15.45 
1945.0  30.00  29.97  15.45 
1946.1  30.00  29.97  15.45 
1947.0  30.00  29.97  15.45 
1948.1  30.00  29.97  15.45 
1949.1  30.00  29.97  15.45 
1950.1  30.00  29.97  15.45 
1951.0  30.00  29.97  15.45 
1952.1  30.00  29.97  15.45 
1953.1  30.00  29.97  15.45 
1954.0  30.00  29.97  15.45 
1955.0  30.00  29.97  15.45 
1956.0  30.00  30.30  15.32 
1957.1  30.00  29.97  15.32 
1958.0  30.00  29.97  15.32 
1959.0  30.00  29.97  15.45 
1960.0  30.00  29.97  15.45 
1961.1  30.00  29.97  15.45 
1962.0  30.00  29.97  15.45 
1963.0  30.00  29.97  15.45 
1964.1  30.00  29.97  15.45 
1965.0  30.00  29.97  15.45 
1966.0  30.00  29.97  15.45 
1967.0  30.00  30.30  15.32 
1968.1  30.00  29.97  15.32 
1969.0  30.00  29.97  15.32 
1970.1  30.00  29.97  15.32 
1971.0  30.00  29.97  15.45 
1972.0  30.00  29.97  15.45 
1973.0  30.00  29.97  15.45 
1974.0  30.00  29.97  15.45 
1975.0  30.00  29.97  15.45 
1976.1  30.00  29.97  15.45 
1977.1  30.00  29.97  15.45 
1978.1  30.00  29.97  15.45 
1979.0  30.00  29.97  15.45 
1980.1  30.00  29.97  15.45 
1981.1  30.00  29.97  15.45 
1982.0  30.00  29.97  15.58 
1983.0  30.00  29.97  15.58 
1984.0  30.00  29.97  15.59 
1985.1  30.00  29.97  15.59 
1986.1  30.00  29.97  15.59 
1987.0  30.00  29.97  15.59 
1988.1  30.00  29.97  15.59 
1989.0  30.00  29.97  15.60 
1990.1  30.00  29.97  15.60 
1991.0  30.00  29.97  15.60 
1992.0  30.00  29.97  15.60 
1993.1  30.00  30.30  15.47 
1994.0  30.00  29.97  15.48 
1995.0  30.00  29.97  15.48 
1996.1  30.00  30.30  15.35 
1997.1  30.00  29.97  15.34 
1998.0  30.00  29.97  15.34 
1999.1  30.00  29.97  15.34 
2000.0  30.00  29.97  15.34 
2001.0  30.00  29.97  15.34 
2002.0  30.00  30.30  15.21 
2003.0  30.00  29.97  15.20 
2004.1  30.00  30.30  15.07 
2005.0  30.00  29.97  15.06 
2006.1  30.00  29.97  15.06 
2007.0  30.00  29.97  15.06 
2008.0  30.00  29.97  15.18 
2009.0  30.00  30.30  15.05 
2010.0  30.00  29.97  15.04 
2011.0  30.00  29.97  15.17 
2012.0  30.00  29.97  15.17 
2013.1  30.00  29.97  15.16 
2014.0  30.00  29.97  15.16 
2015.0  30.00  29.97  15.16 
2016.0  30.00  29.97  15.15 
2017.1  30.00  29.97  15.28 
2018.1  30.00  29.97  15.28 
2019.0  30.00  29.97  15.41 
2020.0  30.00  29.97  15.41 
2021.0  30.00  29.97  15.41 
2022.0  30.00  29.97  15.41 
2023.0  30.00  29.97  15.41 
2024.1  30.00  29.97  15.54 
2025.1  30.00  29.97  15.54 
2026.0  30.00  29.97  15.55 
2027.0  30.00  30.30  15.42 
2028.1  46.00  29.97  21.90 
2029.0  46.00  29.97  28.47 
2030.1  46.00  29.97  35.13 
2031.0  46.00  29.97  41.87 
2032.0  46.00  30.30  48.57 
2033.0  46.00  30.30  55.35 
2034.1  46.00  30.30  62.21 
2035.0  46.00  29.97  69.29 
2036.0  46.00  30.30  76.32 
2037.0  46.00  30.30  83.44 
2038.1  46.00  30.30  90.64 
2039.0  46.00  30.30  97.92 
2040.0  46.00  30.62 100.00 
2041.0  46.00  30.62 100.00 
2042.0  46.00  30.62 100.00 
2043.1  46.00  30.94 100.00 
2044.0  46.00  30.94 100.00 
2045.0  46.00  31.26 100.00 
2046.1  46.00  31.26 100.00 
2047.1  46.00  31.59 100.00 
2048.1  46.00  31.59 100.00 
2049.1  46.00  31.91 100.00 
2050.1  46.00  32.23 100.00 
2051.0  46.00  32.23 100.00 
2052.1  46.00  32.55 100.00 
2053.1  46.00  32.55 100.00 
2054.0  46.00  32.87 100.00 
2055.0  46.00  33.20 100.00 
2056.1  46.00  33.52 100.00 
2057.0  46.00  33.52 100.00 
2058.1  46.00  33.84 100.00 
2059.1  46.00  34.16 100.00 
2060.1  46.00  34.49 100.00 
2061.1  46.00  34.81 100.00 
2062.0  46.00  34.81  99.71 
2063.0  46.00  35.13  99.29 
2064.1  46.00  35.45  98.86 
2065.0  46.00  35.78  98.41 
2066.0  46.00  36.10  97.81 
2067.1  46.00  36.10  97.31 
2068.1  46.00  36.42  96.67 
2069.0  46.00  36.74  96.01 
2070.1  46.00  37.06  95.33 
2071.0  46.00  37.39  94.63 
2072.1  46.00  37.39  93.90 
2073.0  46.00  37.71  93.16 
2074.1  46.00  38.03  92.39 
2075.0  46.00  38.35  91.61 
2076.0  46.00  38.68  90.80 
2077.1  46.00  39.00  89.84 
2078.0  46.00  39.00  88.99 
2079.1  46.00  39.32  88.12 
2080.1  46.00  39.64  87.23 
2081.0  46.00  39.64  86.45 
2082.1  46.00  39.97  85.52 
2083.0  46.00  40.29  84.57 
2084.1  46.00  40.61  83.60 
2085.1  46.00  40.93  82.61 
2086.0  46.00  40.93  81.72 
2087.1  46.00  41.25  80.69 
2088.1  46.00  41.58  79.64 
2089.0  46.00  41.58  78.70 
2090.1  46.00  41.90  77.74 
2091.1  46.00  42.22  76.76 
2092.0  46.00  42.22  75.89 
2093.1  46.00  42.54  74.87 
2094.0  46.00  42.87  73.84 
2095.0  46.00  42.87  72.91 
2096.1  46.00  43.19  71.84 
2097.1  46.00  43.19  70.88 
2098.1  46.00  43.51  69.91 
2099.0  46.00  43.83  68.91 
2100.1  46.00  43.83  68.03 
2101.0  46.00  44.16  67.01 
2102.0  46.00  44.16  66.09 
2103.0  46.00  44.48  65.17 
2104.0  46.00  44.48  64.22 
2105.1  46.00  44.80  63.26 
2106.0  46.00  44.80  62.42 
2107.1  46.00  45.12  61.43 
2108.1  46.00  45.12  60.56 
2109.1  46.00  45.44  59.67 
2110.0  46.00  45.44  58.77 
2111.1  46.00  45.44  57.98 
2112.0  46.00  45.77  57.06 
2113.1  46.00  45.77  56.25 
2114.0  46.00  46.09  55.42 
2115.1  46.00  46.09  54.59 
2116.1  46.00  46.09  53.88 
2117.0  46.00  46.41  53.02 
2118.1  46.00  46.41  52.28 
2119.1  46.00  46.41  51.53 
2120.0  46.00  46.41  50.91 
2121.0  46.00  46.73  50.14 
2122.1  46.00  46.73  49.49 
2123.0  46.00  46.73  48.84 
2124.1  46.00  47.06  48.17 
2125.0  46.00  47.06  47.50 
2126.0  46.00  47.06  46.82 
2127.1  46.00  47.06  46.26 
2128.0  46.00  47.38  45.57 
2129.0  46.00  47.38  44.99 
2130.1  46.00  47.38  44.41 
2131.0  46.00  47.38  43.82 
2132.1  46.00  47.38  43.36 
2133.1  46.00  47.70  42.76 
2134.0  46.00  47.70  42.15 
2135.0  46.00  47.70  41.54 
2136.0  46.00  47.70  41.05 
2137.0  46.00  47.70  40.55 
2138.0  46.00  47.70  40.05 
2139.1  46.00  47.70  39.68 
2140.0  46.00  47.70  39.30 
2141.1  46.00  47.70  38.92 
2142.1  46.00  47.70  38.53 
2143.0  46.00  47.70  38.27 
2144.0  46.00  47.70  38.01 
2145.1  46.00  47.70  37.75 
2146.0  46.00  48.02  37.36 
2147.1  46.00  47.70  37.09 
2148.0  46.00  48.02  36.82 
2149.1  46.00  48.02  36.55 
2150.0  46.00  48.02  36.28 
2151.1  46.00  48.02  36.01 
2152.0  46.00  48.02  35.73 
2153.1  46.00  47.70  35.58 
2154.1  46.00  47.70  35.44 
2155.0  46.00  48.02  35.16 
2156.0  46.00  47.70  35.01 
2157.1  46.00  47.70  34.86 
2158.0  46.00  47.70  34.72 
2159.0  46.00  47.70  34.57 
2160.0  46.00  47.70  34.42 
2161.1  46.00  48.02  34.27 
2162.0  46.00  47.70  34.12 
2163.1  46.00  47.70  34.11 
2164.0  46.00  47.70  34.09 
2165.1  46.00  47.70  34.08 
2166.1  46.00  47.70  34.07 
2167.1  46.00  47.70  34.05 
2168.1  46.00  47.70  33.92 
2169.0  46.00  47.70  33.78 
2170.1  46.00  47.70  33.77 
2171.0  46.00  47.70  33.63 
2172.0  46.00  47.38  33.62 
2173.1  46.00  47.38  33.62 
2174.0  46.00  47.38  33.61 
2175.1  46.00  47.38  33.61 
2176.0  46.00  47.38  33.74 
2177.0  46.00  47.38  33.74 
2178.0  46.00  47.38  33.75 
2179.0  46.00  47.38  33.76 
2180.1  46.00  47.06  33.90 
2181.1  46.00  47.06  34.04 
2182.1  46.00  47.06  34.18 
2183.1  46.00  47.06  34.33 
2184.1  46.00  47.06  34.49 
2185.0  46.00  47.06  34.64 
2186.0  46.00  47.06  34.80 
2187.1  46.00  47.06  34.83 
2188.0  46.00  47.06  34.87 
2189.0  46.00  47.06  34.90 
2190.1  46.00  46.73  35.07 
2191.0  46.00  46.73  35.24 
2192.0  46.00  46.73  35.42 
2193.0  46.00  46.73  35.60 
2194.1  46.00  46.73  35.78 
2195.0  46.00  46.73  35.83 
2196.0  46.00  46.73  35.89 
2197.0  46.00  46.73  35.95 
2198.1  46.00  46.73  36.01 
2199.0  46.00  46.73  36.07 
2200.1  46.00  46.41  36.26 
2201.1  46.00  46.41  36.46 
2202.0  46.00  46.41  36.66 
2203.1  46.00  46.41  36.87 
2204.0  46.00  46.41  37.07 
2205.1  46.00  46.41  37.16 
2206.0  46.00  46.41  37.24 
2207.0  46.00  46.41  37.32 
2208.1  46.00  46.41  37.41 
2209.1  46.00  46.41  37.49 
2210.0  46.00  46.41  37.58 
2211.1  46.00  46.09  37.81 
2212.0  46.00  46.09  38.03 
2213.1  46.00  46.09  38.26 
2214.1  46.00  46.09  38.49 
2215.0  46.00  46.09  38.60 
2216.1  46.00  46.09  38.70 
2217.0  46.00  46.09  38.81 
2218.1  46.00  46.09  38.92 
2219.1  46.00  46.09  39.03 
2220.1  46.00  46.09  39.14 
2221.1  46.00  46.09  39.26 
2222.0  46.00  46.09  39.38 
2223.1  46.00  45.77  39.62 
2224.1  46.00  46.09  39.75 
2225.0  46.00  45.77  40.00 
2226.1  46.00  46.09  40.00 
2227.0  46.00  45.77  40.12 
2228.1  46.00  46.09  40.12 
2229.1  46.00  45.77  40.25 
2230.1  46.00  45.77  40.38 
2231.1  46.00  45.77  40.51 
2232.0  46.00  45.77  40.65 
2233.1  46.00  45.77  40.78 
2234.1  46.00  45.77  40.92 
2235.0  46.00  45.77  41.06 
2236.1  46.00  45.77  41.20 
2237.1  46.00  45.77  41.34 
2238.0  46.00  45.77  41.36 
2239.1  46.00  45.77  41.50 
2240.0  46.00  45.77  41.51 
2241.1  46.00  45.77  41.66 
2242.1  46.00  45.77  41.68 
2243.1  46.00  45.77  41.83 
2244.1  46.00  45.77  41.84 
2245.0  46.00  45.77  41.86 
2246.0  46.00  45.77  41.88 
2247.1  46.00  45.77  41.90 
2248.0  46.00  45.77  41.92 
2249.0  46.00  45.77  41.94 
2250.0  46.00  45.77  41.96 
2251.0  46.00  45.77  41.97 
2252.1  46.00  45.77  41.99 
2253.1  46.00  45.77  42.01 
2254.1  46.00  45.77  42.03 
2255.0  46.00  45.77  42.05 
2256.1  46.00  45.77  42.07 
2257.1  46.00  45.77  42.09 
2258.1  46.00  45.77  42.11 
2259.1  46.00  45.77  42.12 
2260.0  46.00  45.77  42.14 
2261.0  46.00  45.77  42.16 
2262.0  46.00  45.77  42.18 
2263.1  46.00  45.77  42.20 
2264.1  46.00  45.77  42.22 
2265.1  46.00  45.77  42.24 
2266.0  46.00  45.77  42.25 
2267.1  46.00  45.77  42.27 
2268.0  46.00  45.77  42.29 
2269.0  46.00  45.77  42.31 
2270.1  46.00  45.77  42.33 
2271.0  46.00  45.77  42.35 
2272.1  46.00  45.77  42.37 
2273.0  46.00  45.77  42.39 
2274.0  46.00  45.77  42.40 
2275.1  46.00  45.77  42.42 
2276.0  46.00  45.77  42.44 
2277.1  46.00  45.77  42.46 
2278.0  46.00  45.77  42.48 
2279.1  46.00  45.77  42.50 
2280.0  46.00  45.77  42.52 
2281.0  46.00  45.77  42.53 
2282.0  46.00  45.77  42.55 
2283.1  46.00  45.77  42.57 
2284.0  46.00  45.77  42.59 
2285.1  46.00  45.77  42.61 
2286.0  46.00  45.77  42.63 
2287.1  46.00  45.77  42.65 
2288.0  46.00  45.77  42.67 
2289.0  46.00  45.77  42.68 
2290.1  46.00  45.77  42.70 
2291.1  46.00  45.77  42.72 
2292.0  46.00  45.77  42.74 
2293.1  46.00  45.77  42.76 
2294.0  46.00  45.77  42.78 
2295.1  46.00  45.77  42.80 
2296.1  46.00  45.77  42.81 
2297.0  46.00  45.77  42.83 
2298.1  46.00  45.77  42.85 
2299.1  46.00  45.77  42.87 
2300.0  46.00  45.77  42.89 
2301.0  46.00  45.77  42.91 
2302.1  46.00  45.77  42.93 
2303.0  46.00  45.77  42.95 
2304.1  46.00  45.77  42.96 
2305.1  46.00  45.77  42.98 
2306.0  46.00  45.77  43.00 
2307.1  46.00  45.77  43.02 
2308.1  46.00  45.77  43.04 
2309.0  46.00  45.77  43.06 
2310.1  46.00  45.77  43.08 
2311.0  46.00  45.77  43.09 
2312.1  46.00  45.77  43.11 
2313.0  46.00  45.77  43.13 
2314.0  46.00  45.77  43.15 
2315.0  46.00  45.77  43.17 
2316.1  46.00  45.77  43.19 
2317.0  46.00  45.77  43.21 
2318.1  46.00  45.77  43.23 
2319.0  46.00  45.77  43.24 
2320.1  46.00  45.77  43.26 
2321.1  46.00  45.77  43.28 
2322.0  46.00  45.77  43.30 
2323.0  46.00  46.09  43.19 
2324.0  46.00  45.77  43.21 
2325.1  46.00  45.77  43.22 
2326.0  46.00  46.09  43.11 
2327.1  46.00  45.77  43.12 
2328.1  46.00  45.77  43.14 
2329.1  46.00  45.77  43.15 
2330.1  46.00  46.09  43.04 
2331.0  46.00  46.09  42.92 
2332.1  46.00  45.77  42.93 
2333.1  46.00  45.77  42.95 
2334.1  46.00  46.09  42.83 
2335.0  46.00  46.09  42.71 
2336.0  46.00  45.77  42.71 
2337.1  46.00  46.09  42.59 
2338.0  46.00  46.09  42.60 
2339.1  46.00  46.09  42.47 
2340.0  46.00  46.09  42.35 
2341.1  46.00  45.77  42.48 
2342.0  46.00  45.77  42.49 
2343.1  46.00  45.77  42.49 
2344.0  46.00  46.09  42.37 
2345.1  46.00  46.09  42.37 
2346.0  46.00  46.09  42.37 
2347.0  46.00  46.09  42.25 
2348.1  46.00  46.09  42.12 
2349.1  46.00  46.09  42.12 
2350.0  46.00  46.09  42.12 
2351.0  46.00  46.09  41.99 
2352.1  46.00  46.09  41.98 
2353.0  46.00  46.09  41.98 
2354.1  46.00  46.09  41.98 
2355.0  46.00  46.09  41.98 
2356.0  46.00  46.09  41.84 
2357.0  46.00  46.09  41.71 
2358.1  46.00  45.77  41.71 
2359.1  46.00  46.09  41.70 
2360.1  46.00  46.09  41.69 
2361.0  46.00  46.09  41.69 
2362.1  46.00  46.09  41.68 
2363.0  46.00  46.09  41.68 
2364.1  46.00  46.09  41.67 
2365.0  46.00  46.09  41.67 
2366.1  46.00  46.09  41.66 
2367.1  46.00  46.09  41.66 
2368.0  46.00  46.09  41.65 
2369.1  46.00  46.09  41.65 
2370.1  46.00  46.09  41.64 
2371.0  46.00  46.09  41.64 
2372.1  46.00  46.09  41.63 
2373.1  46.00  46.09  41.49 
2374.0  46.00  46.09  41.49 
2375.1  46.00  46.09  41.48 
2376.1  46.00  46.09  41.47 
2377.0  46.00  46.09  41.47 
2378.1  46.00  46.09  41.46 
2379.1  46.00  46.09  41.45 
2380.0  46.00  46.09  41.44 
2381.1  46.00  46.09  41.44 
2382.0  46.00  46.09  41.43 
2383.1  46.00  46.09  41.42 
2384.0  46.00  46.09  41.42 
2385.0  46.00  46.09  41.41 
2386.1  46.00  46.09  41.40 
2387.0  46.00  46.09  41.39 
2388.1  46.00  46.09  41.39 
2389.0  46.00  46.09  41.38 
2390.1  46.00  46.09  41.37 
2391.1  46.00  46.09  41.37 
2392.1  46.00  46.09  41.36 
2393.1  46.00  46.09  41.35 
2394.1  46.00  46.09  41.34 
2395.0  46.00  46.09  41.34 
2396.0  46.00  46.09  41.33 
2397.0  46.00  46.09  41.32 
2398.1  46.00  46.09  41.32 
2399.1  46.00  46.09  41.31 
2400.0  46.00  46.09  41.30 
2401.1  46.00  45.77  41.43 
2402.0  46.00  46.09  41.42 
2403.0  46.00  46.09  41.41 
2404.0  46.00  46.09  41.41 
2405.0  46.00  46.09  41.40 
2406.1  46.00  46.09  41.40 
2407.0  46.00  45.77  41.52 
2408.1  46.00  46.09  41.52 
2409.0  46.00  45.77  41.65 
2410.0  46.00  46.09  41.64 
2411.0  46.00  45.77  41.77 
2412.1  46.00  45.77  41.90 
2413.0  46.00  46.09  41.91 
2414.0  46.00  46.09  41.91 
2415.0  46.00  46.09  41.91 
2416.0  46.00  45.77  41.91 
2417.1  46.00  46.09  41.91 
2418.1  46.00  46.09  41.91 
2419.0  46.00  46.09  41.91 
2420.0  46.00  45.77  42.05 
2421.0  46.00  45.77  42.18 
2422.0  46.00  46.09  42.05 
2423.1  46.00  46.09  42.06 
2424.0  46.00  46.09  41.93 
2425.0  46.00  46.09  41.93 
2426.1  46.00  45.77  41.93 
2427.0  46.00  46.09  41.80 
2428.1  46.00  46.09  41.80 
2429.0  46.00  45.77  41.93 
2430.0  46.00  46.09  41.94 
2431.0  46.00  46.09  41.81 
2432.1  46.00  45.77  41.94 
2433.1  46.00  45.77  42.07 
2434.0  46.00  46.09  42.07 
2435.0  46.00  45.77  42.08 
2436.1  46.00  45.77  42.08 
2437.0  46.00  46.09  42.08 
2438.0  46.00  46.09  42.09 
2439.0  46.00  45.77  42.22 
2440.0  46.00  45.77  42.35 
2441.1  46.00  46.09  42.23 
2442.1  46.00  46.09  42.24 
2443.0  46.00  45.77  42.37 
2444.1  46.00  46.09  42.25 
2445.1  46.00  46.09  42.25 
2446.1  46.00  45.77  42.39 
2447.0  46.00  45.77  42.39 
2448.0  46.00  46.09  42.27 
2449.1  46.00  46.09  42.28 
2450.1  46.00  46.09  42.15 
2451.1  46.00  46.09  42.02 
2452.1  46.00  46.09  42.02 
2453.0  46.00  46.09  42.02 
2454.1  46.00  46.09  41.90 
2455.1  46.00  46.09  41.76 
2456.1  46.00  46.09  41.76 
2457.1  46.00  45.77  41.89 
2458.1  46.00  45.77  41.89 
2459.0  46.00  46.09  41.89 
2460.0  46.00  46.09  41.89 
2461.1  46.00  46.09  41.76 
2462.0  46.00  45.77  41.76 
2463.1  46.00  45.77  41.89 
2464.0  46.00  45.77  42.02 
2465.1  46.00  46.09  42.02 
2466.1  46.00  45.77  42.15 
2467.0  46.00  46.09  42.15 
2468.1  46.00  45.77  42.29 
2469.0  46.00  46.09  42.29 
2470.1  46.00  45.77  42.43 
2471.1  46.00  46.09  42.43 
2472.0  46.00  46.09  42.31 
2473.0  46.00  46.09  42.19 
2474.1  46.00  46.09  42.19 
2475.0  46.00  45.77  42.32 
2476.1  46.00  46.09  42.33 
2477.1  46.00  46.09  42.20 
2478.1  46.00  45.77  42.20 
2479.1  46.00  46.09  42.08 
2480.0  46.00  46.09  42.08 
2481.1  46.00  46.09  41.95 
2482.0  46.00  46.09  41.95 
2483.1  46.00  46.09  41.82 
2484.0  46.00  45.77  41.95 
2485.0  46.00  45.77  41.95 
2486.0  46.00  46.09  41.95 
2487.1  46.00  46.09  41.95 
2488.0  46.00  46.09  41.95 
2489.1  46.00  46.09  41.95 
2490.1  46.00  46.09  41.82 
2491.0  46.00  46.09  41.81 
2492.1  46.00  46.09  41.81 
2493.1  46.00  46.09  41.68 
2494.1  46.00  46.09  41.67 
2495.0  46.00  46.09  41.67 
2496.1  46.00  46.09  41.67 
2497.0  46.00  46.09  41.66 
2498.1  46.00  46.09  41.66 
2499.1  46.00  46.09  41.53 
2500.0  46.00  45.77  41.52 
2501.1  46.00  46.09  41.52 
2502.0  46.00  45.77  41.64 
2503.1  46.00  46.09  41.64 
2504.0  46.00  46.09  41.63 
2505.0  46.00  46.09  41.63 
2506.1  46.00  46.09  41.63 
2507.0  46.00  45.77  41.75 
2508.1  44.00  46.09  40.94 
2509.0  44.00  46.09  40.12 
2510.0  44.00  46.09  39.28 
2511.1  44.00  46.09  38.44 
2512.0  44.00  46.09  37.58 
2513.1  44.00  46.09  36.72 
2514.1  44.00  45.77  35.97 
2515.0  44.00  46.09  34.95 
2516.1  44.00  46.09  34.06 
2517.0  44.00  45.77  33.15 
2518.0  44.00  46.09  32.23 
2519.1  44.00  46.09  31.30 
2520.1  44.00  46.09  30.36 
2521.0  44.00  45.77  29.54 
2522.1  44.00  45.77  28.58 
2523.0  44.00  45.77  28.55 
2524.0  44.00  45.77  28.52 
2525.1  44.00  45.77  28.49 
2526.1  44.00  45.77  28.47 
2527.0  44.00  45.77  28.45 
2528.0  44.00  45.77  28.43 
2529.0  44.00  45.77  28.28 
2530.0  44.00  45.77  28.26 
2531.0  44.00  45.77  28.24 
2532.1  44.00  45.44  28.22 
2533.0  44.00  45.44  28.34 
2534.0  44.00  45.44  28.46 
2535.0  44.00  45.44  28.58 
2536.1  44.00  45.44  28.58 
2537.1  44.00  45.44  28.58 
2538.0  44.00  45.44  28.58 
2539.0  44.00  45.44  28.58 
2540.0  44.00  45.44  28.58 
2541.0  44.00  45.12  28.72 
2542.1  44.00  45.44  28.72 
2543.1  44.00  45.12  28.87 
2544.0  44.00  45.12  29.01 
2545.1  44.00  45.12  29.16 
2546.0  44.00  45.12  29.31 
2547.1  44.00  45.12  29.33 
2548.1  44.00  45.12  29.36 
2549.0  44.00  45.12  29.38 
2550.1  44.00  44.80  29.54 
2551.0  44.00  44.80  29.71 
2552.1  44.00  44.80  29.87 
2553.0  44.00  44.80  30.04 
2554.1  44.00  44.80  30.22 
2555.1  44.00  44.80  30.39 
2556.0  44.00  44.80  30.44 
2557.0  44.00  44.48  30.75 
2558.0  44.00  44.48  30.94 
2559.1  44.00  44.48  31.13 
2560.1  44.00  44.48  31.33 
2561.0  44.00  44.48  31.52 
2562.0  44.00  44.48  31.72 
2563.0  44.00  44.48  31.93 
2564.0  44.00  44.16  32.27 
2565.1  44.00  44.48  32.35 
2566.0  44.00  44.16  32.56 
2567.1  44.00  44.16  32.78 
2568.1  44.00  44.16  33.00 
2569.0  44.00  44.16  33.23 
2570.1  44.00  44.16  33.45 
2571.0  44.00  44.16  33.69 
2572.1  44.00  44.16  33.79 
2573.0  44.00  44.16  33.90 
2574.1  44.00  44.16  34.01 
2575.0  44.00  43.83  34.25 
2576.1  44.00  43.83  34.49 
2577.0  44.00  43.83  34.74 
2578.1  44.00  43.83  34.99 
2579.0  44.00  43.83  35.11 
2580.0  44.00  43.83  35.37 
2581.0  44.00  43.83  35.49 
2582.1  44.00  43.83  35.62 
2583.1  44.00  43.83  35.76 
2584.1  44.00  43.83  35.89 
2585.0  44.00  43.83  36.03 
2586.0  44.00  43.83  36.16 
2587.1  44.00  43.83  36.30 
2588.1  44.00  43.83  36.44 
2589.0  44.00  43.51  36.72 
2590.0  44.00  43.51  36.86 
2591.1  44.00  43.83  36.88 
2592.0  44.00  43.51  37.03 
2593.1  44.00  43.51  37.17 
2594.0  44.00  43.51  37.33 
2595.1  44.00  43.51  37.48 
2596.1  44.00  43.51  37.63 
2597.0  44.00  43.51  37.79 
2598.1  44.00  43.51  37.95 
2599.0  44.00  43.51  38.11 
2600.0  44.00  43.51  38.27 
2601.1  44.00  43.51  38.43 
2602.0  44.00  43.51  38.59 
2603.0  44.00  43.51  38.76 
2604.0  44.00  43.51  38.80 
2605.0  44.00  43.51  38.84 
2606.1  44.00  43.51  39.00 
2607.0  44.00  43.51  39.04 
2608.1  44.00  43.51  39.08 
2609.0  44.00  43.51  39.12 
2610.1  44.00  43.51  39.16 
2611.0  44.00  43.51  39.20 
2612.0  44.00  43.51  39.24 
2613.1  44.00  43.51  39.28 
2614.0  44.00  43.51  39.32 
2615.1  44.00  43.51  39.36 
2616.0  44.00  43.51  39.40 
2617.1  44.00  43.51  39.43 
2618.1  44.00  43.51  39.47 
2619.0  44.00  43.51  39.51 
2620.1  44.00  43.51  39.55 
2621.0  44.00  43.51  39.59 
2622.1  44.00  43.51  39.63 
2623.1  44.00  43.51  39.67 
2624.0  44.00  43.51  39.71 
2625.1  44.00  43.51  39.75 
2626.0  44.00  43.51  39.79 
2627.1  44.00  43.51  39.83 
2628.0  44.00  43.51  39.87 
2629.0  44.00  43.51  39.90 
2630.0  44.00  43.51  39.94 
2631.0  44.00  43.51  39.98 
2632.0  44.00  43.51  40.02 
2633.0  44.00  43.51  40.06 
2634.0  44.00  43.51  40.10 
2635.0  44.00  43.51  40.14 
2636.1  44.00  43.51  40.18 
2637.0  44.00  43.51  40.22 
2638.0  44.00  43.51  40.26 
2639.1  44.00  43.51  40.30 
2640.0  44.00  43.51  40.34 
2641.1  44.00  43.51  40.37 
2642.1  44.00  43.51  40.41 
2643.1  44.00  43.51  40.45 
2644.0  44.00  43.51  40.49 
2645.1  44.00  43.51  40.53 
2646.0  44.00  43.51  40.57 
2647.0  44.00  43.51  40.61 
2648.1  44.00  43.51  40.65 
2649.1  44.00  43.51  40.69 
2650.0  44.00  43.51  40.73 
2651.1  44.00  43.83  40.64 
2652.0  44.00  43.83  40.54 
2653.0  44.00  43.51  40.58 
2654.1  44.00  43.51  40.61 
2655.0  44.00  43.83  40.52 
2656.0  44.00  43.83  40.42 
2657.1  44.00  43.83  40.32 
2658.0  44.00  43.83  40.22 
2659.1  44.00  43.83  40.12 
2660.0  44.00  43.83  40.02 
2661.0  44.00  43.51  40.04 
2662.1  44.00  43.51  40.07 
2663.0  44.00  43.83  39.96 
2664.1  44.00  43.83  39.86 
2665.1  44.00  43.83  39.75 
2666.1  44.00  43.83  39.77 
2667.0  44.00  43.83  39.79 
2668.1  44.00  43.83  39.68 
2669.0  44.00  43.83  39.57 
2670.1  44.00  43.83  39.58 
2671.1  44.00  43.83  39.60 
2672.1  44.00  43.83  39.62 
2673.1  44.00  43.83  39.63 
2674.1  44.00  43.83  39.65 
2675.0  44.00  43.83  39.67 
2676.0  44.00  43.83  39.55 
2677.1  44.00  43.83  39.44 
2678.1  44.00  43.83  39.45 
2679.0  44.00  43.83  39.46 
2680.1  44.00  43.83  39.48 
2681.0  44.00  43.83  39.49 
2682.1  44.00  43.83  39.50 
2683.0  44.00  43.83  39.52 
2684.0  44.00  43.83  39.53 
2685.1  44.00  43.83  39.54 
2686.0  44.00  43.83  39.56 
2687.1  44.00  43.83  39.57 
2688.0  44.00  43.83  39.58 
2689.1  44.00  43.83  39.60 
2690.0  44.00  43.83  39.61 
2691.0  44.00  44.16  39.49 
2692.1  44.00  43.83  39.51 
2693.0  44.00  43.83  39.52 
2694.1  44.00  43.83  39.53 
2695.1  44.00  43.83  39.54 
2696.1  44.00  43.83  39.55 
2697.0  44.00  43.83  39.56 
2698.0  44.00  43.83  39.58 
2699.1  44.00  43.83  39.59 
2700.0  44.00  43.83  39.60 
